[
  {
    "Plan": {
      "Node Type": "Limit",
      "Parallel Aware": false,
      "Startup Cost": 0.00,
      "Total Cost": 12.54,
      "Plan Rows": 10,
      "Plan Width": 209,
      "Actual Startup Time": 1.239,
      "Actual Total Time": 3.347,
      "Actual Rows": 10,
      "Actual Loops": 1,
      "Shared Hit Blocks": 882,
      "Shared Read Blocks": 8,
      "Shared Dirtied Blocks": 0,
      "Shared Written Blocks": 0,
      "Local Hit Blocks": 0,
      "Local Read Blocks": 0,
      "Local Dirtied Blocks": 0,
      "Local Written Blocks": 0,
      "Temp Read Blocks": 0,
      "Temp Written Blocks": 0,
      "Plans": [
        {
          "Node Type": "Nested Loop",
          "Parent Relationship": "Outer",
          "Parallel Aware": false,
          "Join Type": "Inner",
          "Startup Cost": 0.00,
          "Total Cost": 18705456.93,
          "Plan Rows": 15042384,
          "Plan Width": 209,
          "Actual Startup Time": 1.238,
          "Actual Total Time": 3.345,
          "Actual Rows": 10,
          "Actual Loops": 1,
          "Inner Unique": false,
          "Shared Hit Blocks": 882,
          "Shared Read Blocks": 8,
          "Shared Dirtied Blocks": 0,
          "Shared Written Blocks": 0,
          "Local Hit Blocks": 0,
          "Local Read Blocks": 0,
          "Local Dirtied Blocks": 0,
          "Local Written Blocks": 0,
          "Temp Read Blocks": 0,
          "Temp Written Blocks": 0,
          "Plans": [
            {
              "Node Type": "Nested Loop",
              "Parent Relationship": "Outer",
              "Parallel Aware": false,
              "Join Type": "Inner",
              "Startup Cost": 0.00,
              "Total Cost": 15020058.20,
              "Plan Rows": 334275,
              "Plan Width": 2391,
              "Actual Startup Time": 0.815,
              "Actual Total Time": 0.816,
              "Actual Rows": 1,
              "Actual Loops": 1,
              "Inner Unique": false,
              "Join Filter": "((couchdb.doc #>> '{contact,_id}'::text[]) = (raw_contacts.doc ->> '_id'::text))",
              "Rows Removed by Join Filter": 32,
              "Shared Hit Blocks": 162,
              "Shared Read Blocks": 6,
              "Shared Dirtied Blocks": 0,
              "Shared Written Blocks": 0,
              "Local Hit Blocks": 0,
              "Local Read Blocks": 0,
              "Local Dirtied Blocks": 0,
              "Local Written Blocks": 0,
              "Temp Read Blocks": 0,
              "Temp Written Blocks": 0,
              "Plans": [
                {
                  "Node Type": "Seq Scan",
                  "Parent Relationship": "Outer",
                  "Parallel Aware": false,
                  "Relation Name": "couchdb",
                  "Alias": "couchdb",
                  "Startup Cost": 0.00,
                  "Total Cost": 391636.00,
                  "Plan Rows": 70,
                  "Plan Width": 817,
                  "Actual Startup Time": 0.291,
                  "Actual Total Time": 0.292,
                  "Actual Rows": 1,
                  "Actual Loops": 1,
                  "Filter": "(((doc ->> 'type'::text) = 'data_record'::text) AND ((doc ->> 'form'::text) = 'pregnancy'::text))",
                  "Rows Removed by Filter": 6,
                  "Shared Hit Blocks": 30,
                  "Shared Read Blocks": 2,
                  "Shared Dirtied Blocks": 0,
                  "Shared Written Blocks": 0,
                  "Local Hit Blocks": 0,
                  "Local Read Blocks": 0,
                  "Local Dirtied Blocks": 0,
                  "Local Written Blocks": 0,
                  "Temp Read Blocks": 0,
                  "Temp Written Blocks": 0
                },
                {
                  "Node Type": "Materialize",
                  "Parent Relationship": "Inner",
                  "Parallel Aware": false,
                  "Startup Cost": 0.00,
                  "Total Cost": 422587.08,
                  "Plan Rows": 955072,
                  "Plan Width": 1574,
                  "Actual Startup Time": 0.155,
                  "Actual Total Time": 0.216,
                  "Actual Rows": 33,
                  "Actual Loops": 1,
                  "Shared Hit Blocks": 0,
                  "Shared Read Blocks": 4,
                  "Shared Dirtied Blocks": 0,
                  "Shared Written Blocks": 0,
                  "Local Hit Blocks": 0,
                  "Local Read Blocks": 0,
                  "Local Dirtied Blocks": 0,
                  "Local Written Blocks": 0,
                  "Temp Read Blocks": 0,
                  "Temp Written Blocks": 0,
                  "Plans": [
                    {
                      "Node Type": "Seq Scan",
                      "Parent Relationship": "Outer",
                      "Parallel Aware": false,
                      "Relation Name": "raw_contacts",
                      "Alias": "raw_contacts",
                      "Startup Cost": 0.00,
                      "Total Cost": 231273.72,
                      "Plan Rows": 955072,
                      "Plan Width": 1574,
                      "Actual Startup Time": 0.152,
                      "Actual Total Time": 0.195,
                      "Actual Rows": 33,
                      "Actual Loops": 1,
                      "Shared Hit Blocks": 0,
                      "Shared Read Blocks": 4,
                      "Shared Dirtied Blocks": 0,
                      "Shared Written Blocks": 0,
                      "Local Hit Blocks": 0,
                      "Local Read Blocks": 0,
                      "Local Dirtied Blocks": 0,
                      "Local Written Blocks": 0,
                      "Temp Read Blocks": 0,
                      "Temp Written Blocks": 0
                    }
                  ]
                }
              ]
            },
            {
              "Node Type": "Materialize",
              "Parent Relationship": "Inner",
              "Parallel Aware": false,
              "Startup Cost": 0.00,
              "Total Cost": 14.88,
              "Plan Rows": 45,
              "Plan Width": 134,
              "Actual Startup Time": 0.144,
              "Actual Total Time": 0.176,
              "Actual Rows": 10,
              "Actual Loops": 1,
              "Shared Hit Blocks": 0,
              "Shared Read Blocks": 2,
              "Shared Dirtied Blocks": 0,
              "Shared Written Blocks": 0,
              "Local Hit Blocks": 0,
              "Local Read Blocks": 0,
              "Local Dirtied Blocks": 0,
              "Local Written Blocks": 0,
              "Temp Read Blocks": 0,
              "Temp Written Blocks": 0,
              "Plans": [
                {
                  "Node Type": "Seq Scan",
                  "Parent Relationship": "Outer",
                  "Parallel Aware": false,
                  "Relation Name": "configuration",
                  "Alias": "configuration",
                  "Startup Cost": 0.00,
                  "Total Cost": 14.65,
                  "Plan Rows": 45,
                  "Plan Width": 134,
                  "Actual Startup Time": 0.140,
                  "Actual Total Time": 0.169,
                  "Actual Rows": 10,
                  "Actual Loops": 1,
                  "Filter": "((value ? 'lmp_calcs'::text) AND (key = 'anc'::text))",
                  "Rows Removed by Filter": 38,
                  "Shared Hit Blocks": 0,
                  "Shared Read Blocks": 2,
                  "Shared Dirtied Blocks": 0,
                  "Shared Written Blocks": 0,
                  "Local Hit Blocks": 0,
                  "Local Read Blocks": 0,
                  "Local Dirtied Blocks": 0,
                  "Local Written Blocks": 0,
                  "Temp Read Blocks": 0,
                  "Temp Written Blocks": 0
                }
              ]
            }
          ]
        }
      ]
    },
    "Planning": {
      "Shared Hit Blocks": 241,
      "Shared Read Blocks": 70,
      "Shared Dirtied Blocks": 0,
      "Shared Written Blocks": 0,
      "Local Hit Blocks": 0,
      "Local Read Blocks": 0,
      "Local Dirtied Blocks": 0,
      "Local Written Blocks": 0,
      "Temp Read Blocks": 0,
      "Temp Written Blocks": 0
    },
    "Planning Time": 7.645,
    "Triggers": [
    ],
    "Execution Time": 3.442
  }
]
