[
  {
    "Plan": {
      "Node Type": "Limit",
      "Parallel Aware": false,
      "Startup Cost": 1000.00,
      "Total Cost": 20897.05,
      "Plan Rows": 10,
      "Plan Width": 201,
      "Actual Startup Time": 19773.670,
      "Actual Total Time": 19780.305,
      "Actual Rows": 10,
      "Actual Loops": 1,
      "Shared Hit Blocks": 7642655,
      "Shared Read Blocks": 464664,
      "Shared Dirtied Blocks": 0,
      "Shared Written Blocks": 0,
      "Local Hit Blocks": 0,
      "Local Read Blocks": 0,
      "Local Dirtied Blocks": 0,
      "Local Written Blocks": 0,
      "Temp Read Blocks": 0,
      "Temp Written Blocks": 0,
      "Plans": [
        {
          "Node Type": "Gather",
          "Parent Relationship": "Outer",
          "Parallel Aware": false,
          "Startup Cost": 1000.00,
          "Total Cost": 436745.33,
          "Plan Rows": 219,
          "Plan Width": 201,
          "Actual Startup Time": 19773.669,
          "Actual Total Time": 19780.301,
          "Actual Rows": 10,
          "Actual Loops": 1,
          "Workers Planned": 2,
          "Workers Launched": 2,
          "Single Copy": false,
          "Shared Hit Blocks": 7642655,
          "Shared Read Blocks": 464664,
          "Shared Dirtied Blocks": 0,
          "Shared Written Blocks": 0,
          "Local Hit Blocks": 0,
          "Local Read Blocks": 0,
          "Local Dirtied Blocks": 0,
          "Local Written Blocks": 0,
          "Temp Read Blocks": 0,
          "Temp Written Blocks": 0,
          "Plans": [
            {
              "Node Type": "Append",
              "Parent Relationship": "Outer",
              "Parallel Aware": true,
              "Startup Cost": 0.00,
              "Total Cost": 435723.43,
              "Plan Rows": 219,
              "Plan Width": 201,
              "Actual Startup Time": 13176.590,
              "Actual Total Time": 13179.378,
              "Actual Rows": 6,
              "Actual Loops": 3,
              "Shared Hit Blocks": 7642655,
              "Shared Read Blocks": 464664,
              "Shared Dirtied Blocks": 0,
              "Shared Written Blocks": 0,
              "Local Hit Blocks": 0,
              "Local Read Blocks": 0,
              "Local Dirtied Blocks": 0,
              "Local Written Blocks": 0,
              "Temp Read Blocks": 0,
              "Temp Written Blocks": 0,
              "Workers": [
              ],
              "Subplans Removed": 0,
              "Plans": [
                {
                  "Node Type": "Subquery Scan",
                  "Parent Relationship": "Member",
                  "Parallel Aware": false,
                  "Alias": "*SELECT* 1",
                  "Startup Cost": 0.00,
                  "Total Cost": 375015.43,
                  "Plan Rows": 210,
                  "Plan Width": 201,
                  "Actual Startup Time": 2.437,
                  "Actual Total Time": 5.223,
                  "Actual Rows": 6,
                  "Actual Loops": 3,
                  "Shared Hit Blocks": 1364,
                  "Shared Read Blocks": 199,
                  "Shared Dirtied Blocks": 0,
                  "Shared Written Blocks": 0,
                  "Local Hit Blocks": 0,
                  "Local Read Blocks": 0,
                  "Local Dirtied Blocks": 0,
                  "Local Written Blocks": 0,
                  "Temp Read Blocks": 0,
                  "Temp Written Blocks": 0,
                  "Workers": [
                  ],
                  "Plans": [
                    {
                      "Node Type": "Seq Scan",
                      "Parent Relationship": "Subquery",
                      "Parallel Aware": true,
                      "Relation Name": "couchdb",
                      "Alias": "couchdb",
                      "Startup Cost": 0.00,
                      "Total Cost": 375013.33,
                      "Plan Rows": 88,
                      "Plan Width": 241,
                      "Actual Startup Time": 2.435,
                      "Actual Total Time": 5.221,
                      "Actual Rows": 6,
                      "Actual Loops": 3,
                      "Filter": "(((doc ->> 'form'::text) = ANY ('{pregnancy_visit,postnatal_care,immunization_follow_up}'::text[])) AND (CASE WHEN ((doc ->> 'form'::text) = 'pregnancy_visit'::text) THEN 'anc'::text WHEN ((doc ->> 'form'::text) = 'postnatal_care'::text) THEN 'pnc'::text WHEN ((doc ->> 'form'::text) = 'immunization_follow_up'::text) THEN 'imm'::text ELSE NULL::text END = 'anc'::text))",
                      "Rows Removed by Filter": 294,
                      "Shared Hit Blocks": 1364,
                      "Shared Read Blocks": 199,
                      "Shared Dirtied Blocks": 0,
                      "Shared Written Blocks": 0,
                      "Local Hit Blocks": 0,
                      "Local Read Blocks": 0,
                      "Local Dirtied Blocks": 0,
                      "Local Written Blocks": 0,
                      "Temp Read Blocks": 0,
                      "Temp Written Blocks": 0,
                      "Workers": [
                      ]
                    }
                  ]
                },
                {
                  "Node Type": "Subquery Scan",
                  "Parent Relationship": "Member",
                  "Parallel Aware": false,
                  "Alias": "*SELECT* 2",
                  "Startup Cost": 0.00,
                  "Total Cost": 60706.90,
                  "Plan Rows": 9,
                  "Plan Width": 201,
                  "Actual Startup Time": 19761.228,
                  "Actual Total Time": 19761.229,
                  "Actual Rows": 0,
                  "Actual Loops": 2,
                  "Shared Hit Blocks": 7641291,
                  "Shared Read Blocks": 464465,
                  "Shared Dirtied Blocks": 0,
                  "Shared Written Blocks": 0,
                  "Local Hit Blocks": 0,
                  "Local Read Blocks": 0,
                  "Local Dirtied Blocks": 0,
                  "Local Written Blocks": 0,
                  "Temp Read Blocks": 0,
                  "Temp Written Blocks": 0,
                  "Workers": [
                  ],
                  "Plans": [
                    {
                      "Node Type": "Seq Scan",
                      "Parent Relationship": "Subquery",
                      "Parallel Aware": true,
                      "Relation Name": "data_record",
                      "Alias": "data_record",
                      "Startup Cost": 0.00,
                      "Total Cost": 60706.81,
                      "Plan Rows": 4,
                      "Plan Width": 241,
                      "Actual Startup Time": 19761.227,
                      "Actual Total Time": 19761.227,
                      "Actual Rows": 0,
                      "Actual Loops": 2,
                      "Filter": "(((doc #>> '{fields,patient_age_in_years}'::text[]) <> ''::text) AND ((doc ->> 'form'::text) = 'assessment'::text) AND (CASE WHEN ((doc ->> 'form'::text) = 'assessment'::text) THEN 'iccm'::text ELSE NULL::text END = 'anc'::text) AND ((NULLIF((doc #>> '{fields,patient_age_in_years}'::text[]), ''::text))::integer <= 5))",
                      "Rows Removed by Filter": 552886,
                      "Shared Hit Blocks": 7641291,
                      "Shared Read Blocks": 464465,
                      "Shared Dirtied Blocks": 0,
                      "Shared Written Blocks": 0,
                      "Local Hit Blocks": 0,
                      "Local Read Blocks": 0,
                      "Local Dirtied Blocks": 0,
                      "Local Written Blocks": 0,
                      "Temp Read Blocks": 0,
                      "Temp Written Blocks": 0,
                      "Workers": [
                      ]
                    }
                  ]
                }
              ]
            }
          ]
        }
      ]
    },
    "Planning": {
      "Shared Hit Blocks": 236,
      "Shared Read Blocks": 49,
      "Shared Dirtied Blocks": 0,
      "Shared Written Blocks": 0,
      "Local Hit Blocks": 0,
      "Local Read Blocks": 0,
      "Local Dirtied Blocks": 0,
      "Local Written Blocks": 0,
      "Temp Read Blocks": 0,
      "Temp Written Blocks": 0
    },
    "Planning Time": 5.125,
    "Triggers": [
    ],
    "Execution Time": 19780.374
  }
]
