[
  {
    "Plan": {
      "Node Type": "Limit",
      "Parallel Aware": false,
      "Startup Cost": 4944133.05,
      "Total Cost": 5392910.06,
      "Plan Rows": 1,
      "Plan Width": 240,
      "Actual Startup Time": 71901.595,
      "Actual Total Time": 75058.176,
      "Actual Rows": 10,
      "Actual Loops": 1,
      "Shared Hit Blocks": 28335870,
      "Shared Read Blocks": 1030790,
      "Shared Dirtied Blocks": 2,
      "Shared Written Blocks": 0,
      "Local Hit Blocks": 0,
      "Local Read Blocks": 0,
      "Local Dirtied Blocks": 0,
      "Local Written Blocks": 0,
      "Temp Read Blocks": 223268,
      "Temp Written Blocks": 56642,
      "Plans": [
        {
          "Node Type": "Nested Loop",
          "Parent Relationship": "Outer",
          "Parallel Aware": false,
          "Join Type": "Semi",
          "Startup Cost": 4944133.05,
          "Total Cost": 5392910.06,
          "Plan Rows": 1,
          "Plan Width": 240,
          "Actual Startup Time": 71476.974,
          "Actual Total Time": 74633.545,
          "Actual Rows": 10,
          "Actual Loops": 1,
          "Inner Unique": false,
          "Join Filter": "((couchdb.doc #>> '{fields,pregnancy_outcome}'::text[]) = \"*VALUES*\".column1)",
          "Rows Removed by Join Filter": 0,
          "Shared Hit Blocks": 28335870,
          "Shared Read Blocks": 1030790,
          "Shared Dirtied Blocks": 2,
          "Shared Written Blocks": 0,
          "Local Hit Blocks": 0,
          "Local Read Blocks": 0,
          "Local Dirtied Blocks": 0,
          "Local Written Blocks": 0,
          "Temp Read Blocks": 223268,
          "Temp Written Blocks": 56642,
          "Plans": [
            {
              "Node Type": "Nested Loop",
              "Parent Relationship": "Outer",
              "Parallel Aware": false,
              "Join Type": "Left",
              "Startup Cost": 4944133.05,
              "Total Cost": 5392909.95,
              "Plan Rows": 1,
              "Plan Width": 841,
              "Actual Startup Time": 71476.620,
              "Actual Total Time": 74632.137,
              "Actual Rows": 10,
              "Actual Loops": 1,
              "Inner Unique": true,
              "Join Filter": "(((couchdb.doc #>> '{fields,patient_id}'::text[]) = preg.patient_id) AND (to_timestamp((((NULLIF((couchdb.doc ->> 'reported_date'::text), ''::text))::bigint / 1000))::double precision) > preg.reported) AND (to_timestamp((((NULLIF((couchdb.doc ->> 'reported_date'::text), ''::text))::bigint / 1000))::double precision) < (preg.reported + '1 year'::interval)))",
              "Rows Removed by Join Filter": 175510,
              "Shared Hit Blocks": 28335374,
              "Shared Read Blocks": 1030790,
              "Shared Dirtied Blocks": 2,
              "Shared Written Blocks": 0,
              "Local Hit Blocks": 0,
              "Local Read Blocks": 0,
              "Local Dirtied Blocks": 0,
              "Local Written Blocks": 0,
              "Temp Read Blocks": 223268,
              "Temp Written Blocks": 56642,
              "Plans": [
                {
                  "Node Type": "Gather",
                  "Parent Relationship": "Outer",
                  "Parallel Aware": false,
                  "Startup Cost": 1000.00,
                  "Total Cost": 374551.47,
                  "Plan Rows": 1,
                  "Plan Width": 809,
                  "Actual Startup Time": 6.350,
                  "Actual Total Time": 15.800,
                  "Actual Rows": 10,
                  "Actual Loops": 1,
                  "Workers Planned": 2,
                  "Workers Launched": 2,
                  "Single Copy": false,
                  "Shared Hit Blocks": 1046192,
                  "Shared Read Blocks": 48332,
                  "Shared Dirtied Blocks": 0,
                  "Shared Written Blocks": 0,
                  "Local Hit Blocks": 0,
                  "Local Read Blocks": 0,
                  "Local Dirtied Blocks": 0,
                  "Local Written Blocks": 0,
                  "Temp Read Blocks": 0,
                  "Temp Written Blocks": 0,
                  "Plans": [
                    {
                      "Node Type": "Seq Scan",
                      "Parent Relationship": "Outer",
                      "Parallel Aware": true,
                      "Relation Name": "couchdb",
                      "Alias": "couchdb",
                      "Startup Cost": 0.00,
                      "Total Cost": 373551.38,
                      "Plan Rows": 1,
                      "Plan Width": 809,
                      "Actual Startup Time": 105.840,
                      "Actual Total Time": 2328.073,
                      "Actual Rows": 780,
                      "Actual Loops": 3,
                      "Filter": "(((doc #>> '{fields,patient_id}'::text[]) IS NOT NULL) AND ((doc #>> '{fields,patient_id}'::text[]) <> ''::text) AND ((doc ->> 'type'::text) = 'data_record'::text) AND ((doc ->> 'form'::text) = 'postnatal_care'::text) AND ((doc #>> '{fields,follow_up_count}'::text[]) = '1'::text))",
                      "Rows Removed by Filter": 118755,
                      "Shared Hit Blocks": 1046192,
                      "Shared Read Blocks": 48332,
                      "Shared Dirtied Blocks": 0,
                      "Shared Written Blocks": 0,
                      "Local Hit Blocks": 0,
                      "Local Read Blocks": 0,
                      "Local Dirtied Blocks": 0,
                      "Local Written Blocks": 0,
                      "Temp Read Blocks": 0,
                      "Temp Written Blocks": 0,
                      "Workers": [
                      ]
                    }
                  ]
                },
                {
                  "Node Type": "Unique",
                  "Parent Relationship": "Inner",
                  "Parallel Aware": false,
                  "Startup Cost": 4943133.05,
                  "Total Cost": 5018344.97,
                  "Plan Rows": 200,
                  "Plan Width": 72,
                  "Actual Startup Time": 7107.748,
                  "Actual Total Time": 7312.247,
                  "Actual Rows": 17551,
                  "Actual Loops": 10,
                  "Shared Hit Blocks": 26569605,
                  "Shared Read Blocks": 982444,
                  "Shared Dirtied Blocks": 2,
                  "Shared Written Blocks": 0,
                  "Local Hit Blocks": 0,
                  "Local Read Blocks": 0,
                  "Local Dirtied Blocks": 0,
                  "Local Written Blocks": 0,
                  "Temp Read Blocks": 223268,
                  "Temp Written Blocks": 56642,
                  "Plans": [
                    {
                      "Node Type": "Sort",
                      "Parent Relationship": "Outer",
                      "Parallel Aware": false,
                      "Startup Cost": 4943133.05,
                      "Total Cost": 4980739.01,
                      "Plan Rows": 15042384,
                      "Plan Width": 72,
                      "Actual Startup Time": 7107.747,
                      "Actual Total Time": 7227.158,
                      "Actual Rows": 1529598,
                      "Actual Loops": 10,
                      "Sort Key": ["preg.patient_id", "preg.reported DESC"],
                      "Sort Method": "external sort",
                      "Sort Space Used": 148248,
                      "Sort Space Type": "Disk",
                      "Shared Hit Blocks": 26569605,
                      "Shared Read Blocks": 982444,
                      "Shared Dirtied Blocks": 2,
                      "Shared Written Blocks": 0,
                      "Local Hit Blocks": 0,
                      "Local Read Blocks": 0,
                      "Local Dirtied Blocks": 0,
                      "Local Written Blocks": 0,
                      "Temp Read Blocks": 223268,
                      "Temp Written Blocks": 56642,
                      "Plans": [
                        {
                          "Node Type": "Subquery Scan",
                          "Parent Relationship": "Outer",
                          "Parallel Aware": false,
                          "Alias": "preg",
                          "Startup Cost": 359974.88,
                          "Total Cost": 1298971.60,
                          "Plan Rows": 15042384,
                          "Plan Width": 72,
                          "Actual Startup Time": 23121.194,
                          "Actual Total Time": 69245.660,
                          "Actual Rows": 1529598,
                          "Actual Loops": 1,
                          "Shared Hit Blocks": 26569599,
                          "Shared Read Blocks": 982444,
                          "Shared Dirtied Blocks": 2,
                          "Shared Written Blocks": 0,
                          "Local Hit Blocks": 0,
                          "Local Read Blocks": 0,
                          "Local Dirtied Blocks": 0,
                          "Local Written Blocks": 0,
                          "Temp Read Blocks": 0,
                          "Temp Written Blocks": 0,
                          "Plans": [
                            {
                              "Node Type": "Nested Loop",
                              "Parent Relationship": "Subquery",
                              "Parallel Aware": false,
                              "Join Type": "Inner",
                              "Startup Cost": 359974.88,
                              "Total Cost": 1148547.76,
                              "Plan Rows": 15042384,
                              "Plan Width": 209,
                              "Actual Startup Time": 23121.184,
                              "Actual Total Time": 69119.061,
                              "Actual Rows": 1529598,
                              "Actual Loops": 1,
                              "Inner Unique": false,
                              "Shared Hit Blocks": 26569599,
                              "Shared Read Blocks": 982444,
                              "Shared Dirtied Blocks": 2,
                              "Shared Written Blocks": 0,
                              "Local Hit Blocks": 0,
                              "Local Read Blocks": 0,
                              "Local Dirtied Blocks": 0,
                              "Local Written Blocks": 0,
                              "Temp Read Blocks": 0,
                              "Temp Written Blocks": 0,
                              "Plans": [
                                {
                                  "Node Type": "Hash Join",
                                  "Parent Relationship": "Outer",
                                  "Parallel Aware": false,
                                  "Join Type": "Inner",
                                  "Startup Cost": 359974.88,
                                  "Total Cost": 622049.67,
                                  "Plan Rows": 334275,
                                  "Plan Width": 809,
                                  "Actual Startup Time": 23120.068,
                                  "Actual Total Time": 35174.503,
                                  "Actual Rows": 19362,
                                  "Actual Loops": 1,
                                  "Inner Unique": false,
                                  "Hash Cond": "((raw_contacts.doc ->> '_id'::text) = (couchdb_1.doc #>> '{contact,_id}'::text[]))",
                                  "Shared Hit Blocks": 7548690,
                                  "Shared Read Blocks": 982435,
                                  "Shared Dirtied Blocks": 0,
                                  "Shared Written Blocks": 0,
                                  "Local Hit Blocks": 0,
                                  "Local Read Blocks": 0,
                                  "Local Dirtied Blocks": 0,
                                  "Local Written Blocks": 0,
                                  "Temp Read Blocks": 0,
                                  "Temp Written Blocks": 0,
                                  "Plans": [
                                    {
                                      "Node Type": "Seq Scan",
                                      "Parent Relationship": "Outer",
                                      "Parallel Aware": false,
                                      "Relation Name": "raw_contacts",
                                      "Alias": "raw_contacts",
                                      "Startup Cost": 0.00,
                                      "Total Cost": 231273.72,
                                      "Plan Rows": 955072,
                                      "Plan Width": 1574,
                                      "Actual Startup Time": 0.164,
                                      "Actual Total Time": 2385.962,
                                      "Actual Rows": 955456,
                                      "Actual Loops": 1,
                                      "Shared Hit Blocks": 0,
                                      "Shared Read Blocks": 221723,
                                      "Shared Dirtied Blocks": 0,
                                      "Shared Written Blocks": 0,
                                      "Local Hit Blocks": 0,
                                      "Local Read Blocks": 0,
                                      "Local Dirtied Blocks": 0,
                                      "Local Written Blocks": 0,
                                      "Temp Read Blocks": 0,
                                      "Temp Written Blocks": 0
                                    },
                                    {
                                      "Node Type": "Hash",
                                      "Parent Relationship": "Inner",
                                      "Parallel Aware": false,
                                      "Startup Cost": 359974.00,
                                      "Total Cost": 359974.00,
                                      "Plan Rows": 70,
                                      "Plan Width": 809,
                                      "Actual Startup Time": 23119.744,
                                      "Actual Total Time": 23119.817,
                                      "Actual Rows": 53261,
                                      "Actual Loops": 1,
                                      "Hash Buckets": 65536,
                                      "Original Hash Buckets": 1024,
                                      "Hash Batches": 1,
                                      "Original Hash Batches": 1,
                                      "Peak Memory Usage": 3113,
                                      "Shared Hit Blocks": 7492716,
                                      "Shared Read Blocks": 733642,
                                      "Shared Dirtied Blocks": 0,
                                      "Shared Written Blocks": 0,
                                      "Local Hit Blocks": 0,
                                      "Local Read Blocks": 0,
                                      "Local Dirtied Blocks": 0,
                                      "Local Written Blocks": 0,
                                      "Temp Read Blocks": 0,
                                      "Temp Written Blocks": 0,
                                      "Plans": [
                                        {
                                          "Node Type": "Gather",
                                          "Parent Relationship": "Outer",
                                          "Parallel Aware": false,
                                          "Startup Cost": 1000.00,
                                          "Total Cost": 359974.00,
                                          "Plan Rows": 70,
                                          "Plan Width": 809,
                                          "Actual Startup Time": 0.565,
                                          "Actual Total Time": 22007.268,
                                          "Actual Rows": 53261,
                                          "Actual Loops": 1,
                                          "Workers Planned": 2,
                                          "Workers Launched": 2,
                                          "Single Copy": false,
                                          "Shared Hit Blocks": 7272014,
                                          "Shared Read Blocks": 733642,
                                          "Shared Dirtied Blocks": 0,
                                          "Shared Written Blocks": 0,
                                          "Local Hit Blocks": 0,
                                          "Local Read Blocks": 0,
                                          "Local Dirtied Blocks": 0,
                                          "Local Written Blocks": 0,
                                          "Temp Read Blocks": 0,
                                          "Temp Written Blocks": 0,
                                          "Plans": [
                                            {
                                              "Node Type": "Seq Scan",
                                              "Parent Relationship": "Outer",
                                              "Parallel Aware": true,
                                              "Relation Name": "couchdb",
                                              "Alias": "couchdb_1",
                                              "Startup Cost": 0.00,
                                              "Total Cost": 358967.00,
                                              "Plan Rows": 29,
                                              "Plan Width": 809,
                                              "Actual Startup Time": 93.628,
                                              "Actual Total Time": 22709.374,
                                              "Actual Rows": 17754,
                                              "Actual Loops": 3,
                                              "Filter": "(((doc ->> 'type'::text) = 'data_record'::text) AND ((doc ->> 'form'::text) = 'pregnancy'::text))",
                                              "Rows Removed by Filter": 917656,
                                              "Shared Hit Blocks": 7272014,
                                              "Shared Read Blocks": 733642,
                                              "Shared Dirtied Blocks": 0,
                                              "Shared Written Blocks": 0,
                                              "Local Hit Blocks": 0,
                                              "Local Read Blocks": 0,
                                              "Local Dirtied Blocks": 0,
                                              "Local Written Blocks": 0,
                                              "Temp Read Blocks": 0,
                                              "Temp Written Blocks": 0,
                                              "Workers": [
                                              ]
                                            }
                                          ]
                                        }
                                      ]
                                    }
                                  ]
                                },
                                {
                                  "Node Type": "Materialize",
                                  "Parent Relationship": "Inner",
                                  "Parallel Aware": false,
                                  "Startup Cost": 0.00,
                                  "Total Cost": 14.88,
                                  "Plan Rows": 45,
                                  "Plan Width": 0,
                                  "Actual Startup Time": 0.000,
                                  "Actual Total Time": 0.004,
                                  "Actual Rows": 79,
                                  "Actual Loops": 19362,
                                  "Shared Hit Blocks": 0,
                                  "Shared Read Blocks": 9,
                                  "Shared Dirtied Blocks": 2,
                                  "Shared Written Blocks": 0,
                                  "Local Hit Blocks": 0,
                                  "Local Read Blocks": 0,
                                  "Local Dirtied Blocks": 0,
                                  "Local Written Blocks": 0,
                                  "Temp Read Blocks": 0,
                                  "Temp Written Blocks": 0,
                                  "Plans": [
                                    {
                                      "Node Type": "Seq Scan",
                                      "Parent Relationship": "Outer",
                                      "Parallel Aware": false,
                                      "Relation Name": "configuration",
                                      "Alias": "configuration",
                                      "Startup Cost": 0.00,
                                      "Total Cost": 14.65,
                                      "Plan Rows": 45,
                                      "Plan Width": 0,
                                      "Actual Startup Time": 0.992,
                                      "Actual Total Time": 3.349,
                                      "Actual Rows": 79,
                                      "Actual Loops": 1,
                                      "Filter": "((value ? 'lmp_calcs'::text) AND (key = 'anc'::text))",
                                      "Rows Removed by Filter": 316,
                                      "Shared Hit Blocks": 0,
                                      "Shared Read Blocks": 9,
                                      "Shared Dirtied Blocks": 2,
                                      "Shared Written Blocks": 0,
                                      "Local Hit Blocks": 0,
                                      "Local Read Blocks": 0,
                                      "Local Dirtied Blocks": 0,
                                      "Local Written Blocks": 0,
                                      "Temp Read Blocks": 0,
                                      "Temp Written Blocks": 0
                                    }
                                  ]
                                }
                              ]
                            }
                          ]
                        }
                      ]
                    }
                  ]
                }
              ]
            },
            {
              "Node Type": "Values Scan",
              "Parent Relationship": "Inner",
              "Parallel Aware": false,
              "Alias": "*VALUES*",
              "Startup Cost": 0.00,
              "Total Cost": 0.03,
              "Plan Rows": 2,
              "Plan Width": 32,
              "Actual Startup Time": 0.004,
              "Actual Total Time": 0.004,
              "Actual Rows": 1,
              "Actual Loops": 10,
              "Shared Hit Blocks": 0,
              "Shared Read Blocks": 0,
              "Shared Dirtied Blocks": 0,
              "Shared Written Blocks": 0,
              "Local Hit Blocks": 0,
              "Local Read Blocks": 0,
              "Local Dirtied Blocks": 0,
              "Local Written Blocks": 0,
              "Temp Read Blocks": 0,
              "Temp Written Blocks": 0
            }
          ]
        }
      ]
    },
    "Planning": {
      "Shared Hit Blocks": 254,
      "Shared Read Blocks": 66,
      "Shared Dirtied Blocks": 0,
      "Shared Written Blocks": 0,
      "Local Hit Blocks": 0,
      "Local Read Blocks": 0,
      "Local Dirtied Blocks": 0,
      "Local Written Blocks": 0,
      "Temp Read Blocks": 0,
      "Temp Written Blocks": 0
    },
    "Planning Time": 9.579,
    "Triggers": [
    ],
    "JIT": {
      "Functions": 45,
      "Options": {
        "Inlining": true,
        "Optimization": true,
        "Expressions": true,
        "Deforming": true
      },
      "Timing": {
        "Generation": 4.023,
        "Inlining": 274.601,
        "Optimization": 440.131,
        "Emission": 293.684,
        "Total": 1012.440
      }
    },
    "Execution Time": 75102.308
  }
]
