[
  {
    "Plan": {
      "Node Type": "Limit",
      "Parallel Aware": false,
      "Startup Cost": 0.00,
      "Total Cost": 0.34,
      "Plan Rows": 10,
      "Plan Width": 138,
      "Actual Startup Time": 0.203,
      "Actual Total Time": 0.205,
      "Actual Rows": 10,
      "Actual Loops": 1,
      "Shared Hit Blocks": 0,
      "Shared Read Blocks": 1,
      "Shared Dirtied Blocks": 0,
      "Shared Written Blocks": 0,
      "Local Hit Blocks": 0,
      "Local Read Blocks": 0,
      "Local Dirtied Blocks": 0,
      "Local Written Blocks": 0,
      "Temp Read Blocks": 0,
      "Temp Written Blocks": 0,
      "Plans": [
        {
          "Node Type": "Seq Scan",
          "Parent Relationship": "Outer",
          "Parallel Aware": false,
          "Relation Name": "configuration",
          "Alias": "configuration",
          "Startup Cost": 0.00,
          "Total Cost": 12.77,
          "Plan Rows": 377,
          "Plan Width": 138,
          "Actual Startup Time": 0.200,
          "Actual Total Time": 0.201,
          "Actual Rows": 10,
          "Actual Loops": 1,
          "Shared Hit Blocks": 0,
          "Shared Read Blocks": 1,
          "Shared Dirtied Blocks": 0,
          "Shared Written Blocks": 0,
          "Local Hit Blocks": 0,
          "Local Read Blocks": 0,
          "Local Dirtied Blocks": 0,
          "Local Written Blocks": 0,
          "Temp Read Blocks": 0,
          "Temp Written Blocks": 0
        }
      ]
    },
    "Planning": {
      "Shared Hit Blocks": 13,
      "Shared Read Blocks": 10,
      "Shared Dirtied Blocks": 0,
      "Shared Written Blocks": 0,
      "Local Hit Blocks": 0,
      "Local Read Blocks": 0,
      "Local Dirtied Blocks": 0,
      "Local Written Blocks": 0,
      "Temp Read Blocks": 0,
      "Temp Written Blocks": 0
    },
    "Planning Time": 0.415,
    "Triggers": [
    ],
    "Execution Time": 0.262
  }
]
