[
  {
    "Plan": {
      "Node Type": "Limit",
      "Parallel Aware": false,
      "Startup Cost": 0.00,
      "Total Cost": 431.13,
      "Plan Rows": 10,
      "Plan Width": 176,
      "Actual Startup Time": 393.962,
      "Actual Total Time": 138962.089,
      "Actual Rows": 10,
      "Actual Loops": 1,
      "Shared Hit Blocks": 27359,
      "Shared Read Blocks": 221960,
      "Shared Dirtied Blocks": 0,
      "Shared Written Blocks": 0,
      "Local Hit Blocks": 0,
      "Local Read Blocks": 0,
      "Local Dirtied Blocks": 0,
      "Local Written Blocks": 0,
      "Temp Read Blocks": 1662246,
      "Temp Written Blocks": 184694,
      "Plans": [
        {
          "Node Type": "Nested Loop",
          "Parent Relationship": "Outer",
          "Parallel Aware": false,
          "Join Type": "Left",
          "Startup Cost": 0.00,
          "Total Cost": 983082106.80,
          "Plan Rows": 22802344,
          "Plan Width": 176,
          "Actual Startup Time": 393.959,
          "Actual Total Time": 138962.070,
          "Actual Rows": 10,
          "Actual Loops": 1,
          "Inner Unique": false,
          "Join Filter": "((raw_contacts.doc #>> '{parent,_id}'::text[]) = (raw_contacts_1.doc ->> '_id'::text))",
          "Rows Removed by Join Filter": 9554551,
          "Shared Hit Blocks": 27359,
          "Shared Read Blocks": 221960,
          "Shared Dirtied Blocks": 0,
          "Shared Written Blocks": 0,
          "Local Hit Blocks": 0,
          "Local Read Blocks": 0,
          "Local Dirtied Blocks": 0,
          "Local Written Blocks": 0,
          "Temp Read Blocks": 1662246,
          "Temp Written Blocks": 184694,
          "Plans": [
            {
              "Node Type": "Seq Scan",
              "Parent Relationship": "Outer",
              "Parallel Aware": false,
              "Relation Name": "raw_contacts",
              "Alias": "raw_contacts",
              "Startup Cost": 0.00,
              "Total Cost": 236049.08,
              "Plan Rows": 4775,
              "Plan Width": 1582,
              "Actual Startup Time": 0.145,
              "Actual Total Time": 0.552,
              "Actual Rows": 10,
              "Actual Loops": 1,
              "Filter": "((doc ->> 'type'::text) = 'person'::text)",
              "Rows Removed by Filter": 1,
              "Shared Hit Blocks": 0,
              "Shared Read Blocks": 3,
              "Shared Dirtied Blocks": 0,
              "Shared Written Blocks": 0,
              "Local Hit Blocks": 0,
              "Local Read Blocks": 0,
              "Local Dirtied Blocks": 0,
              "Local Written Blocks": 0,
              "Temp Read Blocks": 0,
              "Temp Written Blocks": 0
            },
            {
              "Node Type": "Materialize",
              "Parent Relationship": "Inner",
              "Parallel Aware": false,
              "Startup Cost": 0.00,
              "Total Cost": 422587.08,
              "Plan Rows": 955072,
              "Plan Width": 1574,
              "Actual Startup Time": 0.399,
              "Actual Total Time": 3964.652,
              "Actual Rows": 955456,
              "Actual Loops": 10,
              "Shared Hit Blocks": 1,
              "Shared Read Blocks": 221722,
              "Shared Dirtied Blocks": 0,
              "Shared Written Blocks": 0,
              "Local Hit Blocks": 0,
              "Local Read Blocks": 0,
              "Local Dirtied Blocks": 0,
              "Local Written Blocks": 0,
              "Temp Read Blocks": 1662246,
              "Temp Written Blocks": 184694,
              "Plans": [
                {
                  "Node Type": "Seq Scan",
                  "Parent Relationship": "Outer",
                  "Parallel Aware": false,
                  "Relation Name": "raw_contacts",
                  "Alias": "raw_contacts_1",
                  "Startup Cost": 0.00,
                  "Total Cost": 231273.72,
                  "Plan Rows": 955072,
                  "Plan Width": 1574,
                  "Actual Startup Time": 0.003,
                  "Actual Total Time": 12242.960,
                  "Actual Rows": 955456,
                  "Actual Loops": 1,
                  "Shared Hit Blocks": 1,
                  "Shared Read Blocks": 221722,
                  "Shared Dirtied Blocks": 0,
                  "Shared Written Blocks": 0,
                  "Local Hit Blocks": 0,
                  "Local Read Blocks": 0,
                  "Local Dirtied Blocks": 0,
                  "Local Written Blocks": 0,
                  "Temp Read Blocks": 0,
                  "Temp Written Blocks": 0
                }
              ]
            }
          ]
        }
      ]
    },
    "Planning": {
      "Shared Hit Blocks": 106,
      "Shared Read Blocks": 38,
      "Shared Dirtied Blocks": 0,
      "Shared Written Blocks": 0,
      "Local Hit Blocks": 0,
      "Local Read Blocks": 0,
      "Local Dirtied Blocks": 0,
      "Local Written Blocks": 0,
      "Temp Read Blocks": 0,
      "Temp Written Blocks": 0
    },
    "Planning Time": 4.762,
    "Triggers": [
    ],
    "Execution Time": 139080.508
  }
]
