[
  {
    "Plan": {
      "Node Type": "Limit",
      "Parallel Aware": false,
      "Startup Cost": 1000.00,
      "Total Cost": 1262.90,
      "Plan Rows": 10,
      "Plan Width": 136,
      "Actual Startup Time": 11582.215,
      "Actual Total Time": 21245.059,
      "Actual Rows": 10,
      "Actual Loops": 1,
      "Shared Hit Blocks": 3439318,
      "Shared Read Blocks": 864537,
      "Shared Dirtied Blocks": 0,
      "Shared Written Blocks": 0,
      "Local Hit Blocks": 0,
      "Local Read Blocks": 0,
      "Local Dirtied Blocks": 0,
      "Local Written Blocks": 0,
      "Temp Read Blocks": 0,
      "Temp Written Blocks": 0,
      "Plans": [
        {
          "Node Type": "Nested Loop",
          "Parent Relationship": "Outer",
          "Parallel Aware": false,
          "Join Type": "Inner",
          "Startup Cost": 1000.00,
          "Total Cost": 8788955.67,
          "Plan Rows": 334274,
          "Plan Width": 136,
          "Actual Startup Time": 11582.213,
          "Actual Total Time": 21245.051,
          "Actual Rows": 10,
          "Actual Loops": 1,
          "Inner Unique": false,
          "Join Filter": "((raw_contacts.doc ->> '_id'::text) = (couchdb.doc ->> '_id'::text))",
          "Rows Removed by Join Filter": 905,
          "Shared Hit Blocks": 3439318,
          "Shared Read Blocks": 864537,
          "Shared Dirtied Blocks": 0,
          "Shared Written Blocks": 0,
          "Local Hit Blocks": 0,
          "Local Read Blocks": 0,
          "Local Dirtied Blocks": 0,
          "Local Written Blocks": 0,
          "Temp Read Blocks": 0,
          "Temp Written Blocks": 0,
          "Plans": [
            {
              "Node Type": "Seq Scan",
              "Parent Relationship": "Outer",
              "Parallel Aware": false,
              "Relation Name": "raw_contacts",
              "Alias": "raw_contacts",
              "Startup Cost": 0.00,
              "Total Cost": 236049.08,
              "Plan Rows": 4775,
              "Plan Width": 1582,
              "Actual Startup Time": 5661.302,
              "Actual Total Time": 5663.854,
              "Actual Rows": 10,
              "Actual Loops": 1,
              "Filter": "((doc ->> 'type'::text) = 'district_hospital'::text)",
              "Rows Removed by Filter": 555445,
              "Shared Hit Blocks": 251,
              "Shared Read Blocks": 130789,
              "Shared Dirtied Blocks": 0,
              "Shared Written Blocks": 0,
              "Local Hit Blocks": 0,
              "Local Read Blocks": 0,
              "Local Dirtied Blocks": 0,
              "Local Written Blocks": 0,
              "Temp Read Blocks": 0,
              "Temp Written Blocks": 0
            },
            {
              "Node Type": "Materialize",
              "Parent Relationship": "Inner",
              "Parallel Aware": false,
              "Startup Cost": 1000.00,
              "Total Cost": 357039.35,
              "Plan Rows": 14001,
              "Plan Width": 809,
              "Actual Startup Time": 592.090,
              "Actual Total Time": 1558.088,
              "Actual Rows": 92,
              "Actual Loops": 10,
              "Shared Hit Blocks": 3439067,
              "Shared Read Blocks": 733748,
              "Shared Dirtied Blocks": 0,
              "Shared Written Blocks": 0,
              "Local Hit Blocks": 0,
              "Local Read Blocks": 0,
              "Local Dirtied Blocks": 0,
              "Local Written Blocks": 0,
              "Temp Read Blocks": 0,
              "Temp Written Blocks": 0,
              "Plans": [
                {
                  "Node Type": "Gather",
                  "Parent Relationship": "Outer",
                  "Parallel Aware": false,
                  "Startup Cost": 1000.00,
                  "Total Cost": 355533.35,
                  "Plan Rows": 14001,
                  "Plan Width": 809,
                  "Actual Startup Time": 5920.886,
                  "Actual Total Time": 15580.693,
                  "Actual Rows": 101,
                  "Actual Loops": 1,
                  "Workers Planned": 2,
                  "Workers Launched": 2,
                  "Single Copy": false,
                  "Shared Hit Blocks": 3439067,
                  "Shared Read Blocks": 733748,
                  "Shared Dirtied Blocks": 0,
                  "Shared Written Blocks": 0,
                  "Local Hit Blocks": 0,
                  "Local Read Blocks": 0,
                  "Local Dirtied Blocks": 0,
                  "Local Written Blocks": 0,
                  "Temp Read Blocks": 0,
                  "Temp Written Blocks": 0,
                  "Plans": [
                    {
                      "Node Type": "Seq Scan",
                      "Parent Relationship": "Outer",
                      "Parallel Aware": true,
                      "Relation Name": "couchdb",
                      "Alias": "couchdb",
                      "Startup Cost": 0.00,
                      "Total Cost": 353133.25,
                      "Plan Rows": 5834,
                      "Plan Width": 809,
                      "Actual Startup Time": 5916.794,
                      "Actual Total Time": 15575.211,
                      "Actual Rows": 34,
                      "Actual Loops": 3,
                      "Filter": "((doc ->> 'type'::text) = 'district_hospital'::text)",
                      "Rows Removed by Filter": 935376,
                      "Shared Hit Blocks": 3439067,
                      "Shared Read Blocks": 733748,
                      "Shared Dirtied Blocks": 0,
                      "Shared Written Blocks": 0,
                      "Local Hit Blocks": 0,
                      "Local Read Blocks": 0,
                      "Local Dirtied Blocks": 0,
                      "Local Written Blocks": 0,
                      "Temp Read Blocks": 0,
                      "Temp Written Blocks": 0,
                      "Workers": [
                      ]
                    }
                  ]
                }
              ]
            }
          ]
        }
      ]
    },
    "Planning": {
      "Shared Hit Blocks": 184,
      "Shared Read Blocks": 6,
      "Shared Dirtied Blocks": 0,
      "Shared Written Blocks": 0,
      "Local Hit Blocks": 0,
      "Local Read Blocks": 0,
      "Local Dirtied Blocks": 0,
      "Local Written Blocks": 0,
      "Temp Read Blocks": 0,
      "Temp Written Blocks": 0
    },
    "Planning Time": 1.142,
    "Triggers": [
    ],
    "Execution Time": 21245.138
  }
]
