[
  {
    "Plan": {
      "Node Type": "Limit",
      "Parallel Aware": false,
      "Startup Cost": 2000.00,
      "Total Cost": 2430.97,
      "Plan Rows": 10,
      "Plan Width": 104,
      "Actual Startup Time": 21390.792,
      "Actual Total Time": 21390.921,
      "Actual Rows": 0,
      "Actual Loops": 1,
      "Shared Hit Blocks": 8894,
      "Shared Read Blocks": 442966,
      "Shared Dirtied Blocks": 0,
      "Shared Written Blocks": 0,
      "Local Hit Blocks": 0,
      "Local Read Blocks": 0,
      "Local Dirtied Blocks": 0,
      "Local Written Blocks": 0,
      "Temp Read Blocks": 0,
      "Temp Written Blocks": 0,
      "Plans": [
        {
          "Node Type": "Nested Loop",
          "Parent Relationship": "Outer",
          "Parallel Aware": false,
          "Join Type": "Inner",
          "Startup Cost": 2000.00,
          "Total Cost": 2674973266652528.50,
          "Plan Rows": 62068660221677,
          "Plan Width": 104,
          "Actual Startup Time": 21390.791,
          "Actual Total Time": 21390.918,
          "Actual Rows": 0,
          "Actual Loops": 1,
          "Inner Unique": false,
          "Join Filter": "((raw_contacts_3.doc #>> '{parent,_id}'::text[]) = (raw_contacts_4.doc ->> '_id'::text))",
          "Rows Removed by Join Filter": 0,
          "Shared Hit Blocks": 8894,
          "Shared Read Blocks": 442966,
          "Shared Dirtied Blocks": 0,
          "Shared Written Blocks": 0,
          "Local Hit Blocks": 0,
          "Local Read Blocks": 0,
          "Local Dirtied Blocks": 0,
          "Local Written Blocks": 0,
          "Temp Read Blocks": 0,
          "Temp Written Blocks": 0,
          "Plans": [
            {
              "Node Type": "Nested Loop",
              "Parent Relationship": "Outer",
              "Parallel Aware": false,
              "Join Type": "Inner",
              "Startup Cost": 2000.00,
              "Total Cost": 583370271170.58,
              "Plan Rows": 12997692367,
              "Plan Width": 4722,
              "Actual Startup Time": 21390.790,
              "Actual Total Time": 21390.917,
              "Actual Rows": 0,
              "Actual Loops": 1,
              "Inner Unique": false,
              "Join Filter": "((raw_contacts_3.doc #>> '{parent,_id}'::text[]) = (raw_contacts.doc #>> '{parent,_id}'::text[]))",
              "Rows Removed by Join Filter": 0,
              "Shared Hit Blocks": 8894,
              "Shared Read Blocks": 442966,
              "Shared Dirtied Blocks": 0,
              "Shared Written Blocks": 0,
              "Local Hit Blocks": 0,
              "Local Read Blocks": 0,
              "Local Dirtied Blocks": 0,
              "Local Written Blocks": 0,
              "Temp Read Blocks": 0,
              "Temp Written Blocks": 0,
              "Plans": [
                {
                  "Node Type": "Nested Loop",
                  "Parent Relationship": "Outer",
                  "Parallel Aware": false,
                  "Join Type": "Inner",
                  "Startup Cost": 1000.00,
                  "Total Cost": 23449123057.94,
                  "Plan Rows": 544405366,
                  "Plan Width": 3148,
                  "Actual Startup Time": 21390.790,
                  "Actual Total Time": 21390.916,
                  "Actual Rows": 0,
                  "Actual Loops": 1,
                  "Inner Unique": false,
                  "Join Filter": "((raw_contacts_1.doc ->> '_id'::text) = (raw_contacts_3.doc ->> '_id'::text))",
                  "Rows Removed by Join Filter": 0,
                  "Shared Hit Blocks": 8894,
                  "Shared Read Blocks": 442966,
                  "Shared Dirtied Blocks": 0,
                  "Shared Written Blocks": 0,
                  "Local Hit Blocks": 0,
                  "Local Read Blocks": 0,
                  "Local Dirtied Blocks": 0,
                  "Local Written Blocks": 0,
                  "Temp Read Blocks": 0,
                  "Temp Written Blocks": 0,
                  "Plans": [
                    {
                      "Node Type": "Nested Loop",
                      "Parent Relationship": "Outer",
                      "Parallel Aware": false,
                      "Join Type": "Inner",
                      "Startup Cost": 1000.00,
                      "Total Cost": 5376318.22,
                      "Plan Rows": 114003,
                      "Plan Width": 1574,
                      "Actual Startup Time": 21390.789,
                      "Actual Total Time": 21390.914,
                      "Actual Rows": 0,
                      "Actual Loops": 1,
                      "Inner Unique": false,
                      "Join Filter": "((raw_contacts_1.doc #>> '{parent,_id}'::text[]) = (raw_contacts_2.doc ->> '_id'::text))",
                      "Rows Removed by Join Filter": 763928,
                      "Shared Hit Blocks": 8894,
                      "Shared Read Blocks": 442966,
                      "Shared Dirtied Blocks": 0,
                      "Shared Written Blocks": 0,
                      "Local Hit Blocks": 0,
                      "Local Read Blocks": 0,
                      "Local Dirtied Blocks": 0,
                      "Local Written Blocks": 0,
                      "Temp Read Blocks": 0,
                      "Temp Written Blocks": 0,
                      "Plans": [
                        {
                          "Node Type": "Seq Scan",
                          "Parent Relationship": "Outer",
                          "Parallel Aware": false,
                          "Relation Name": "raw_contacts",
                          "Alias": "raw_contacts_1",
                          "Startup Cost": 0.00,
                          "Total Cost": 236049.08,
                          "Plan Rows": 4775,
                          "Plan Width": 1574,
                          "Actual Startup Time": 0.039,
                          "Actual Total Time": 9645.628,
                          "Actual Rows": 763928,
                          "Actual Loops": 1,
                          "Filter": "((doc ->> 'type'::text) = 'person'::text)",
                          "Rows Removed by Filter": 191528,
                          "Shared Hit Blocks": 3045,
                          "Shared Read Blocks": 221435,
                          "Shared Dirtied Blocks": 0,
                          "Shared Written Blocks": 0,
                          "Local Hit Blocks": 0,
                          "Local Read Blocks": 0,
                          "Local Dirtied Blocks": 0,
                          "Local Written Blocks": 0,
                          "Temp Read Blocks": 0,
                          "Temp Written Blocks": 0
                        },
                        {
                          "Node Type": "Materialize",
                          "Parent Relationship": "Inner",
                          "Parallel Aware": false,
                          "Startup Cost": 1000.00,
                          "Total Cost": 230126.58,
                          "Plan Rows": 4775,
                          "Plan Width": 1574,
                          "Actual Startup Time": 0.008,
                          "Actual Total Time": 0.008,
                          "Actual Rows": 1,
                          "Actual Loops": 763928,
                          "Shared Hit Blocks": 3092,
                          "Shared Read Blocks": 221531,
                          "Shared Dirtied Blocks": 0,
                          "Shared Written Blocks": 0,
                          "Local Hit Blocks": 0,
                          "Local Read Blocks": 0,
                          "Local Dirtied Blocks": 0,
                          "Local Written Blocks": 0,
                          "Temp Read Blocks": 0,
                          "Temp Written Blocks": 0,
                          "Plans": [
                            {
                              "Node Type": "Gather",
                              "Parent Relationship": "Outer",
                              "Parallel Aware": false,
                              "Startup Cost": 1000.00,
                              "Total Cost": 229169.70,
                              "Plan Rows": 4775,
                              "Plan Width": 1574,
                              "Actual Startup Time": 6054.745,
                              "Actual Total Time": 6055.074,
                              "Actual Rows": 1,
                              "Actual Loops": 1,
                              "Workers Planned": 2,
                              "Workers Launched": 2,
                              "Single Copy": false,
                              "Shared Hit Blocks": 3092,
                              "Shared Read Blocks": 221531,
                              "Shared Dirtied Blocks": 0,
                              "Shared Written Blocks": 0,
                              "Local Hit Blocks": 0,
                              "Local Read Blocks": 0,
                              "Local Dirtied Blocks": 0,
                              "Local Written Blocks": 0,
                              "Temp Read Blocks": 0,
                              "Temp Written Blocks": 0,
                              "Plans": [
                                {
                                  "Node Type": "Seq Scan",
                                  "Parent Relationship": "Outer",
                                  "Parallel Aware": true,
                                  "Relation Name": "raw_contacts",
                                  "Alias": "raw_contacts_2",
                                  "Startup Cost": 0.00,
                                  "Total Cost": 227692.20,
                                  "Plan Rows": 1990,
                                  "Plan Width": 1574,
                                  "Actual Startup Time": 5309.909,
                                  "Actual Total Time": 6049.989,
                                  "Actual Rows": 0,
                                  "Actual Loops": 3,
                                  "Filter": "((doc ->> 'type'::text) = 'health_center'::text)",
                                  "Rows Removed by Filter": 318485,
                                  "Shared Hit Blocks": 3092,
                                  "Shared Read Blocks": 221531,
                                  "Shared Dirtied Blocks": 0,
                                  "Shared Written Blocks": 0,
                                  "Local Hit Blocks": 0,
                                  "Local Read Blocks": 0,
                                  "Local Dirtied Blocks": 0,
                                  "Local Written Blocks": 0,
                                  "Temp Read Blocks": 0,
                                  "Temp Written Blocks": 0,
                                  "Workers": [
                                  ]
                                }
                              ]
                            }
                          ]
                        }
                      ]
                    },
                    {
                      "Node Type": "Materialize",
                      "Parent Relationship": "Inner",
                      "Parallel Aware": false,
                      "Startup Cost": 0.00,
                      "Total Cost": 422587.08,
                      "Plan Rows": 955072,
                      "Plan Width": 1574,
                      "Actual Startup Time": 0.000,
                      "Actual Total Time": 0.000,
                      "Actual Rows": 0,
                      "Actual Loops": 0,
                      "Shared Hit Blocks": 0,
                      "Shared Read Blocks": 0,
                      "Shared Dirtied Blocks": 0,
                      "Shared Written Blocks": 0,
                      "Local Hit Blocks": 0,
                      "Local Read Blocks": 0,
                      "Local Dirtied Blocks": 0,
                      "Local Written Blocks": 0,
                      "Temp Read Blocks": 0,
                      "Temp Written Blocks": 0,
                      "Plans": [
                        {
                          "Node Type": "Seq Scan",
                          "Parent Relationship": "Outer",
                          "Parallel Aware": false,
                          "Relation Name": "raw_contacts",
                          "Alias": "raw_contacts_3",
                          "Startup Cost": 0.00,
                          "Total Cost": 231273.72,
                          "Plan Rows": 955072,
                          "Plan Width": 1574,
                          "Actual Startup Time": 0.000,
                          "Actual Total Time": 0.000,
                          "Actual Rows": 0,
                          "Actual Loops": 0,
                          "Shared Hit Blocks": 0,
                          "Shared Read Blocks": 0,
                          "Shared Dirtied Blocks": 0,
                          "Shared Written Blocks": 0,
                          "Local Hit Blocks": 0,
                          "Local Read Blocks": 0,
                          "Local Dirtied Blocks": 0,
                          "Local Written Blocks": 0,
                          "Temp Read Blocks": 0,
                          "Temp Written Blocks": 0
                        }
                      ]
                    }
                  ]
                },
                {
                  "Node Type": "Materialize",
                  "Parent Relationship": "Inner",
                  "Parallel Aware": false,
                  "Startup Cost": 1000.00,
                  "Total Cost": 230126.58,
                  "Plan Rows": 4775,
                  "Plan Width": 1574,
                  "Actual Startup Time": 0.000,
                  "Actual Total Time": 0.000,
                  "Actual Rows": 0,
                  "Actual Loops": 0,
                  "Shared Hit Blocks": 0,
                  "Shared Read Blocks": 0,
                  "Shared Dirtied Blocks": 0,
                  "Shared Written Blocks": 0,
                  "Local Hit Blocks": 0,
                  "Local Read Blocks": 0,
                  "Local Dirtied Blocks": 0,
                  "Local Written Blocks": 0,
                  "Temp Read Blocks": 0,
                  "Temp Written Blocks": 0,
                  "Plans": [
                    {
                      "Node Type": "Gather",
                      "Parent Relationship": "Outer",
                      "Parallel Aware": false,
                      "Startup Cost": 1000.00,
                      "Total Cost": 229169.70,
                      "Plan Rows": 4775,
                      "Plan Width": 1574,
                      "Actual Startup Time": 0.000,
                      "Actual Total Time": 0.000,
                      "Actual Rows": 0,
                      "Actual Loops": 0,
                      "Workers Planned": 2,
                      "Workers Launched": 0,
                      "Single Copy": false,
                      "Shared Hit Blocks": 0,
                      "Shared Read Blocks": 0,
                      "Shared Dirtied Blocks": 0,
                      "Shared Written Blocks": 0,
                      "Local Hit Blocks": 0,
                      "Local Read Blocks": 0,
                      "Local Dirtied Blocks": 0,
                      "Local Written Blocks": 0,
                      "Temp Read Blocks": 0,
                      "Temp Written Blocks": 0,
                      "Plans": [
                        {
                          "Node Type": "Seq Scan",
                          "Parent Relationship": "Outer",
                          "Parallel Aware": true,
                          "Relation Name": "raw_contacts",
                          "Alias": "raw_contacts",
                          "Startup Cost": 0.00,
                          "Total Cost": 227692.20,
                          "Plan Rows": 1990,
                          "Plan Width": 1574,
                          "Actual Startup Time": 0.000,
                          "Actual Total Time": 0.000,
                          "Actual Rows": 0,
                          "Actual Loops": 0,
                          "Filter": "((doc ->> 'type'::text) = 'clinic'::text)",
                          "Rows Removed by Filter": 0,
                          "Shared Hit Blocks": 0,
                          "Shared Read Blocks": 0,
                          "Shared Dirtied Blocks": 0,
                          "Shared Written Blocks": 0,
                          "Local Hit Blocks": 0,
                          "Local Read Blocks": 0,
                          "Local Dirtied Blocks": 0,
                          "Local Written Blocks": 0,
                          "Temp Read Blocks": 0,
                          "Temp Written Blocks": 0
                        }
                      ]
                    }
                  ]
                }
              ]
            },
            {
              "Node Type": "Materialize",
              "Parent Relationship": "Inner",
              "Parallel Aware": false,
              "Startup Cost": 0.00,
              "Total Cost": 422587.08,
              "Plan Rows": 955072,
              "Plan Width": 1574,
              "Actual Startup Time": 0.000,
              "Actual Total Time": 0.000,
              "Actual Rows": 0,
              "Actual Loops": 0,
              "Shared Hit Blocks": 0,
              "Shared Read Blocks": 0,
              "Shared Dirtied Blocks": 0,
              "Shared Written Blocks": 0,
              "Local Hit Blocks": 0,
              "Local Read Blocks": 0,
              "Local Dirtied Blocks": 0,
              "Local Written Blocks": 0,
              "Temp Read Blocks": 0,
              "Temp Written Blocks": 0,
              "Plans": [
                {
                  "Node Type": "Seq Scan",
                  "Parent Relationship": "Outer",
                  "Parallel Aware": false,
                  "Relation Name": "raw_contacts",
                  "Alias": "raw_contacts_4",
                  "Startup Cost": 0.00,
                  "Total Cost": 231273.72,
                  "Plan Rows": 955072,
                  "Plan Width": 1574,
                  "Actual Startup Time": 0.000,
                  "Actual Total Time": 0.000,
                  "Actual Rows": 0,
                  "Actual Loops": 0,
                  "Shared Hit Blocks": 0,
                  "Shared Read Blocks": 0,
                  "Shared Dirtied Blocks": 0,
                  "Shared Written Blocks": 0,
                  "Local Hit Blocks": 0,
                  "Local Read Blocks": 0,
                  "Local Dirtied Blocks": 0,
                  "Local Written Blocks": 0,
                  "Temp Read Blocks": 0,
                  "Temp Written Blocks": 0
                }
              ]
            }
          ]
        }
      ]
    },
    "Planning": {
      "Shared Hit Blocks": 144,
      "Shared Read Blocks": 0,
      "Shared Dirtied Blocks": 0,
      "Shared Written Blocks": 0,
      "Local Hit Blocks": 0,
      "Local Read Blocks": 0,
      "Local Dirtied Blocks": 0,
      "Local Written Blocks": 0,
      "Temp Read Blocks": 0,
      "Temp Written Blocks": 0
    },
    "Planning Time": 2.287,
    "Triggers": [
    ],
    "Execution Time": 21391.105
  }
]
