[
  {
    "Plan": {
      "Node Type": "Limit",
      "Parallel Aware": false,
      "Startup Cost": 359507.35,
      "Total Cost": 359933.03,
      "Plan Rows": 10,
      "Plan Width": 105,
      "Actual Startup Time": 19451.742,
      "Actual Total Time": 19469.103,
      "Actual Rows": 0,
      "Actual Loops": 1,
      "Shared Hit Blocks": 3439162,
      "Shared Read Blocks": 733732,
      "Shared Dirtied Blocks": 0,
      "Shared Written Blocks": 0,
      "Local Hit Blocks": 0,
      "Local Read Blocks": 0,
      "Local Dirtied Blocks": 0,
      "Local Written Blocks": 0,
      "Temp Read Blocks": 0,
      "Temp Written Blocks": 0,
      "Plans": [
        {
          "Node Type": "Nested Loop",
          "Parent Relationship": "Outer",
          "Parallel Aware": false,
          "Join Type": "Left",
          "Startup Cost": 359507.35,
          "Total Cost": 283184031612.54,
          "Plan Rows": 6652554016,
          "Plan Width": 105,
          "Actual Startup Time": 19428.835,
          "Actual Total Time": 19446.194,
          "Actual Rows": 0,
          "Actual Loops": 1,
          "Inner Unique": false,
          "Join Filter": "(((couchdb.doc ->> 'doc_id'::text)) = (raw_contacts.doc ->> '_id'::text))",
          "Rows Removed by Join Filter": 0,
          "Shared Hit Blocks": 3439162,
          "Shared Read Blocks": 733732,
          "Shared Dirtied Blocks": 0,
          "Shared Written Blocks": 0,
          "Local Hit Blocks": 0,
          "Local Read Blocks": 0,
          "Local Dirtied Blocks": 0,
          "Local Written Blocks": 0,
          "Temp Read Blocks": 0,
          "Temp Written Blocks": 0,
          "Plans": [
            {
              "Node Type": "Incremental Sort",
              "Parent Relationship": "Outer",
              "Parallel Aware": false,
              "Startup Cost": 359507.35,
              "Total Cost": 494394.06,
              "Plan Rows": 1393100,
              "Plan Width": 57,
              "Actual Startup Time": 19428.832,
              "Actual Total Time": 19446.191,
              "Actual Rows": 0,
              "Actual Loops": 1,
              "Sort Key": ["((couchdb.doc ->> 'doc_id'::text))", "((json_populate_recordset.date)::timestamp with time zone)"],
              "Presorted Key": ["((couchdb.doc ->> 'doc_id'::text))"],
              "Full-sort Groups": {
                "Group Count": 1,
                "Sort Methods Used": ["quicksort"],
                "Sort Space Memory": {
                  "Average Sort Space Used": 25,
                  "Peak Sort Space Used": 25
                }
              },
              "Shared Hit Blocks": 3439162,
              "Shared Read Blocks": 733732,
              "Shared Dirtied Blocks": 0,
              "Shared Written Blocks": 0,
              "Local Hit Blocks": 0,
              "Local Read Blocks": 0,
              "Local Dirtied Blocks": 0,
              "Local Written Blocks": 0,
              "Temp Read Blocks": 0,
              "Temp Written Blocks": 0,
              "Plans": [
                {
                  "Node Type": "Nested Loop",
                  "Parent Relationship": "Outer",
                  "Parallel Aware": false,
                  "Join Type": "Inner",
                  "Startup Cost": 359499.06,
                  "Total Cost": 399431.81,
                  "Plan Rows": 1393100,
                  "Plan Width": 57,
                  "Actual Startup Time": 19428.743,
                  "Actual Total Time": 19446.101,
                  "Actual Rows": 0,
                  "Actual Loops": 1,
                  "Inner Unique": false,
                  "Shared Hit Blocks": 3439159,
                  "Shared Read Blocks": 733732,
                  "Shared Dirtied Blocks": 0,
                  "Shared Written Blocks": 0,
                  "Local Hit Blocks": 0,
                  "Local Read Blocks": 0,
                  "Local Dirtied Blocks": 0,
                  "Local Written Blocks": 0,
                  "Temp Read Blocks": 0,
                  "Temp Written Blocks": 0,
                  "Plans": [
                    {
                      "Node Type": "Gather Merge",
                      "Parent Relationship": "Outer",
                      "Parallel Aware": false,
                      "Startup Cost": 359499.05,
                      "Total Cost": 361121.55,
                      "Plan Rows": 13931,
                      "Plan Width": 809,
                      "Actual Startup Time": 19428.740,
                      "Actual Total Time": 19446.095,
                      "Actual Rows": 0,
                      "Actual Loops": 1,
                      "Workers Planned": 2,
                      "Workers Launched": 2,
                      "Shared Hit Blocks": 3439159,
                      "Shared Read Blocks": 733732,
                      "Shared Dirtied Blocks": 0,
                      "Shared Written Blocks": 0,
                      "Local Hit Blocks": 0,
                      "Local Read Blocks": 0,
                      "Local Dirtied Blocks": 0,
                      "Local Written Blocks": 0,
                      "Temp Read Blocks": 0,
                      "Temp Written Blocks": 0,
                      "Plans": [
                        {
                          "Node Type": "Sort",
                          "Parent Relationship": "Outer",
                          "Parallel Aware": false,
                          "Startup Cost": 358499.03,
                          "Total Cost": 358513.54,
                          "Plan Rows": 5805,
                          "Plan Width": 809,
                          "Actual Startup Time": 19404.558,
                          "Actual Total Time": 19404.560,
                          "Actual Rows": 0,
                          "Actual Loops": 3,
                          "Sort Key": ["((couchdb.doc ->> 'doc_id'::text))"],
                          "Sort Method": "quicksort",
                          "Sort Space Used": 25,
                          "Sort Space Type": "Memory",
                          "Shared Hit Blocks": 3439159,
                          "Shared Read Blocks": 733732,
                          "Shared Dirtied Blocks": 0,
                          "Shared Written Blocks": 0,
                          "Local Hit Blocks": 0,
                          "Local Read Blocks": 0,
                          "Local Dirtied Blocks": 0,
                          "Local Written Blocks": 0,
                          "Temp Read Blocks": 0,
                          "Temp Written Blocks": 0,
                          "Workers": [
                            {
                              "Worker Number": 0,
                              "Sort Method": "quicksort",
                              "Sort Space Used": 25,
                              "Sort Space Type": "Memory"
                            },
                            {
                              "Worker Number": 1,
                              "Sort Method": "quicksort",
                              "Sort Space Used": 25,
                              "Sort Space Type": "Memory"
                            }
                          ],
                          "Plans": [
                            {
                              "Node Type": "Seq Scan",
                              "Parent Relationship": "Outer",
                              "Parallel Aware": true,
                              "Relation Name": "couchdb",
                              "Alias": "couchdb",
                              "Startup Cost": 0.00,
                              "Total Cost": 356050.12,
                              "Plan Rows": 5805,
                              "Plan Width": 809,
                              "Actual Startup Time": 19404.358,
                              "Actual Total Time": 19404.358,
                              "Actual Rows": 0,
                              "Actual Loops": 3,
                              "Filter": "(((doc ->> 'muting_history'::text) IS NOT NULL) AND ((doc ->> 'type'::text) = 'info'::text))",
                              "Rows Removed by Filter": 935409,
                              "Shared Hit Blocks": 3439044,
                              "Shared Read Blocks": 733731,
                              "Shared Dirtied Blocks": 0,
                              "Shared Written Blocks": 0,
                              "Local Hit Blocks": 0,
                              "Local Read Blocks": 0,
                              "Local Dirtied Blocks": 0,
                              "Local Written Blocks": 0,
                              "Temp Read Blocks": 0,
                              "Temp Written Blocks": 0,
                              "Workers": [
                              ]
                            }
                          ]
                        }
                      ]
                    },
                    {
                      "Node Type": "Function Scan",
                      "Parent Relationship": "Inner",
                      "Parallel Aware": false,
                      "Function Name": "json_populate_recordset",
                      "Alias": "json_populate_recordset",
                      "Startup Cost": 0.01,
                      "Total Cost": 1.01,
                      "Plan Rows": 100,
                      "Plan Width": 33,
                      "Actual Startup Time": 0.000,
                      "Actual Total Time": 0.000,
                      "Actual Rows": 0,
                      "Actual Loops": 0,
                      "Shared Hit Blocks": 0,
                      "Shared Read Blocks": 0,
                      "Shared Dirtied Blocks": 0,
                      "Shared Written Blocks": 0,
                      "Local Hit Blocks": 0,
                      "Local Read Blocks": 0,
                      "Local Dirtied Blocks": 0,
                      "Local Written Blocks": 0,
                      "Temp Read Blocks": 0,
                      "Temp Written Blocks": 0
                    }
                  ]
                }
              ]
            },
            {
              "Node Type": "Materialize",
              "Parent Relationship": "Inner",
              "Parallel Aware": false,
              "Startup Cost": 0.00,
              "Total Cost": 422587.08,
              "Plan Rows": 955072,
              "Plan Width": 1574,
              "Actual Startup Time": 0.000,
              "Actual Total Time": 0.000,
              "Actual Rows": 0,
              "Actual Loops": 0,
              "Shared Hit Blocks": 0,
              "Shared Read Blocks": 0,
              "Shared Dirtied Blocks": 0,
              "Shared Written Blocks": 0,
              "Local Hit Blocks": 0,
              "Local Read Blocks": 0,
              "Local Dirtied Blocks": 0,
              "Local Written Blocks": 0,
              "Temp Read Blocks": 0,
              "Temp Written Blocks": 0,
              "Plans": [
                {
                  "Node Type": "Seq Scan",
                  "Parent Relationship": "Outer",
                  "Parallel Aware": false,
                  "Relation Name": "raw_contacts",
                  "Alias": "raw_contacts",
                  "Startup Cost": 0.00,
                  "Total Cost": 231273.72,
                  "Plan Rows": 955072,
                  "Plan Width": 1574,
                  "Actual Startup Time": 0.000,
                  "Actual Total Time": 0.000,
                  "Actual Rows": 0,
                  "Actual Loops": 0,
                  "Shared Hit Blocks": 0,
                  "Shared Read Blocks": 0,
                  "Shared Dirtied Blocks": 0,
                  "Shared Written Blocks": 0,
                  "Local Hit Blocks": 0,
                  "Local Read Blocks": 0,
                  "Local Dirtied Blocks": 0,
                  "Local Written Blocks": 0,
                  "Temp Read Blocks": 0,
                  "Temp Written Blocks": 0
                }
              ]
            }
          ]
        }
      ]
    },
    "Planning": {
      "Shared Hit Blocks": 213,
      "Shared Read Blocks": 9,
      "Shared Dirtied Blocks": 0,
      "Shared Written Blocks": 0,
      "Local Hit Blocks": 0,
      "Local Read Blocks": 0,
      "Local Dirtied Blocks": 0,
      "Local Written Blocks": 0,
      "Temp Read Blocks": 0,
      "Temp Written Blocks": 0
    },
    "Planning Time": 2.492,
    "Triggers": [
    ],
    "JIT": {
      "Functions": 27,
      "Options": {
        "Inlining": false,
        "Optimization": false,
        "Expressions": true,
        "Deforming": true
      },
      "Timing": {
        "Generation": 2.750,
        "Inlining": 0.000,
        "Optimization": 1.492,
        "Emission": 40.416,
        "Total": 44.658
      }
    },
    "Execution Time": 19504.810
  }
]
