[
  {
    "Plan": {
      "Node Type": "Limit",
      "Parallel Aware": false,
      "Startup Cost": 1000.00,
      "Total Cost": 1431.09,
      "Plan Rows": 10,
      "Plan Width": 272,
      "Actual Startup Time": 17686.855,
      "Actual Total Time": 17686.967,
      "Actual Rows": 0,
      "Actual Loops": 1,
      "Shared Hit Blocks": 8338,
      "Shared Read Blocks": 443522,
      "Shared Dirtied Blocks": 0,
      "Shared Written Blocks": 0,
      "Local Hit Blocks": 0,
      "Local Read Blocks": 0,
      "Local Dirtied Blocks": 0,
      "Local Written Blocks": 0,
      "Temp Read Blocks": 0,
      "Temp Written Blocks": 0,
      "Plans": [
        {
          "Node Type": "Nested Loop",
          "Parent Relationship": "Outer",
          "Parallel Aware": false,
          "Join Type": "Inner",
          "Startup Cost": 1000.00,
          "Total Cost": 112072153889276.20,
          "Plan Rows": 2599731608582,
          "Plan Width": 272,
          "Actual Startup Time": 17686.853,
          "Actual Total Time": 17686.965,
          "Actual Rows": 0,
          "Actual Loops": 1,
          "Inner Unique": false,
          "Join Filter": "((raw_contacts_2.doc #>> '{parent,_id}'::text[]) = (raw_contacts_3.doc ->> '_id'::text))",
          "Rows Removed by Join Filter": 0,
          "Shared Hit Blocks": 8338,
          "Shared Read Blocks": 443522,
          "Shared Dirtied Blocks": 0,
          "Shared Written Blocks": 0,
          "Local Hit Blocks": 0,
          "Local Read Blocks": 0,
          "Local Dirtied Blocks": 0,
          "Local Written Blocks": 0,
          "Temp Read Blocks": 0,
          "Temp Written Blocks": 0,
          "Plans": [
            {
              "Node Type": "Nested Loop",
              "Parent Relationship": "Outer",
              "Parallel Aware": false,
              "Join Type": "Inner",
              "Startup Cost": 1000.00,
              "Total Cost": 23449123057.94,
              "Plan Rows": 544405366,
              "Plan Width": 4730,
              "Actual Startup Time": 17686.852,
              "Actual Total Time": 17686.963,
              "Actual Rows": 0,
              "Actual Loops": 1,
              "Inner Unique": false,
              "Join Filter": "((raw_contacts.doc ->> '_id'::text) = (raw_contacts_2.doc ->> '_id'::text))",
              "Rows Removed by Join Filter": 0,
              "Shared Hit Blocks": 8338,
              "Shared Read Blocks": 443522,
              "Shared Dirtied Blocks": 0,
              "Shared Written Blocks": 0,
              "Local Hit Blocks": 0,
              "Local Read Blocks": 0,
              "Local Dirtied Blocks": 0,
              "Local Written Blocks": 0,
              "Temp Read Blocks": 0,
              "Temp Written Blocks": 0,
              "Plans": [
                {
                  "Node Type": "Nested Loop",
                  "Parent Relationship": "Outer",
                  "Parallel Aware": false,
                  "Join Type": "Inner",
                  "Startup Cost": 1000.00,
                  "Total Cost": 5376318.22,
                  "Plan Rows": 114003,
                  "Plan Width": 3156,
                  "Actual Startup Time": 17686.852,
                  "Actual Total Time": 17686.962,
                  "Actual Rows": 0,
                  "Actual Loops": 1,
                  "Inner Unique": false,
                  "Join Filter": "((raw_contacts.doc #>> '{parent,_id}'::text[]) = (raw_contacts_1.doc ->> '_id'::text))",
                  "Rows Removed by Join Filter": 763928,
                  "Shared Hit Blocks": 8338,
                  "Shared Read Blocks": 443522,
                  "Shared Dirtied Blocks": 0,
                  "Shared Written Blocks": 0,
                  "Local Hit Blocks": 0,
                  "Local Read Blocks": 0,
                  "Local Dirtied Blocks": 0,
                  "Local Written Blocks": 0,
                  "Temp Read Blocks": 0,
                  "Temp Written Blocks": 0,
                  "Plans": [
                    {
                      "Node Type": "Seq Scan",
                      "Parent Relationship": "Outer",
                      "Parallel Aware": false,
                      "Relation Name": "raw_contacts",
                      "Alias": "raw_contacts",
                      "Startup Cost": 0.00,
                      "Total Cost": 236049.08,
                      "Plan Rows": 4775,
                      "Plan Width": 1582,
                      "Actual Startup Time": 0.032,
                      "Actual Total Time": 7320.801,
                      "Actual Rows": 763928,
                      "Actual Loops": 1,
                      "Filter": "((doc ->> 'type'::text) = 'person'::text)",
                      "Rows Removed by Filter": 191528,
                      "Shared Hit Blocks": 2885,
                      "Shared Read Blocks": 221595,
                      "Shared Dirtied Blocks": 0,
                      "Shared Written Blocks": 0,
                      "Local Hit Blocks": 0,
                      "Local Read Blocks": 0,
                      "Local Dirtied Blocks": 0,
                      "Local Written Blocks": 0,
                      "Temp Read Blocks": 0,
                      "Temp Written Blocks": 0
                    },
                    {
                      "Node Type": "Materialize",
                      "Parent Relationship": "Inner",
                      "Parallel Aware": false,
                      "Startup Cost": 1000.00,
                      "Total Cost": 230126.58,
                      "Plan Rows": 4775,
                      "Plan Width": 1574,
                      "Actual Startup Time": 0.008,
                      "Actual Total Time": 0.008,
                      "Actual Rows": 1,
                      "Actual Loops": 763928,
                      "Shared Hit Blocks": 2696,
                      "Shared Read Blocks": 221927,
                      "Shared Dirtied Blocks": 0,
                      "Shared Written Blocks": 0,
                      "Local Hit Blocks": 0,
                      "Local Read Blocks": 0,
                      "Local Dirtied Blocks": 0,
                      "Local Written Blocks": 0,
                      "Temp Read Blocks": 0,
                      "Temp Written Blocks": 0,
                      "Plans": [
                        {
                          "Node Type": "Gather",
                          "Parent Relationship": "Outer",
                          "Parallel Aware": false,
                          "Startup Cost": 1000.00,
                          "Total Cost": 229169.70,
                          "Plan Rows": 4775,
                          "Plan Width": 1574,
                          "Actual Startup Time": 6015.857,
                          "Actual Total Time": 6016.018,
                          "Actual Rows": 1,
                          "Actual Loops": 1,
                          "Workers Planned": 2,
                          "Workers Launched": 2,
                          "Single Copy": false,
                          "Shared Hit Blocks": 2696,
                          "Shared Read Blocks": 221927,
                          "Shared Dirtied Blocks": 0,
                          "Shared Written Blocks": 0,
                          "Local Hit Blocks": 0,
                          "Local Read Blocks": 0,
                          "Local Dirtied Blocks": 0,
                          "Local Written Blocks": 0,
                          "Temp Read Blocks": 0,
                          "Temp Written Blocks": 0,
                          "Plans": [
                            {
                              "Node Type": "Seq Scan",
                              "Parent Relationship": "Outer",
                              "Parallel Aware": true,
                              "Relation Name": "raw_contacts",
                              "Alias": "raw_contacts_1",
                              "Startup Cost": 0.00,
                              "Total Cost": 227692.20,
                              "Plan Rows": 1990,
                              "Plan Width": 1574,
                              "Actual Startup Time": 5315.812,
                              "Actual Total Time": 6013.251,
                              "Actual Rows": 0,
                              "Actual Loops": 3,
                              "Filter": "((doc ->> 'type'::text) = 'health_center'::text)",
                              "Rows Removed by Filter": 318485,
                              "Shared Hit Blocks": 2696,
                              "Shared Read Blocks": 221927,
                              "Shared Dirtied Blocks": 0,
                              "Shared Written Blocks": 0,
                              "Local Hit Blocks": 0,
                              "Local Read Blocks": 0,
                              "Local Dirtied Blocks": 0,
                              "Local Written Blocks": 0,
                              "Temp Read Blocks": 0,
                              "Temp Written Blocks": 0,
                              "Workers": [
                              ]
                            }
                          ]
                        }
                      ]
                    }
                  ]
                },
                {
                  "Node Type": "Materialize",
                  "Parent Relationship": "Inner",
                  "Parallel Aware": false,
                  "Startup Cost": 0.00,
                  "Total Cost": 422587.08,
                  "Plan Rows": 955072,
                  "Plan Width": 1574,
                  "Actual Startup Time": 0.000,
                  "Actual Total Time": 0.000,
                  "Actual Rows": 0,
                  "Actual Loops": 0,
                  "Shared Hit Blocks": 0,
                  "Shared Read Blocks": 0,
                  "Shared Dirtied Blocks": 0,
                  "Shared Written Blocks": 0,
                  "Local Hit Blocks": 0,
                  "Local Read Blocks": 0,
                  "Local Dirtied Blocks": 0,
                  "Local Written Blocks": 0,
                  "Temp Read Blocks": 0,
                  "Temp Written Blocks": 0,
                  "Plans": [
                    {
                      "Node Type": "Seq Scan",
                      "Parent Relationship": "Outer",
                      "Parallel Aware": false,
                      "Relation Name": "raw_contacts",
                      "Alias": "raw_contacts_2",
                      "Startup Cost": 0.00,
                      "Total Cost": 231273.72,
                      "Plan Rows": 955072,
                      "Plan Width": 1574,
                      "Actual Startup Time": 0.000,
                      "Actual Total Time": 0.000,
                      "Actual Rows": 0,
                      "Actual Loops": 0,
                      "Shared Hit Blocks": 0,
                      "Shared Read Blocks": 0,
                      "Shared Dirtied Blocks": 0,
                      "Shared Written Blocks": 0,
                      "Local Hit Blocks": 0,
                      "Local Read Blocks": 0,
                      "Local Dirtied Blocks": 0,
                      "Local Written Blocks": 0,
                      "Temp Read Blocks": 0,
                      "Temp Written Blocks": 0
                    }
                  ]
                }
              ]
            },
            {
              "Node Type": "Materialize",
              "Parent Relationship": "Inner",
              "Parallel Aware": false,
              "Startup Cost": 0.00,
              "Total Cost": 422587.08,
              "Plan Rows": 955072,
              "Plan Width": 1574,
              "Actual Startup Time": 0.000,
              "Actual Total Time": 0.000,
              "Actual Rows": 0,
              "Actual Loops": 0,
              "Shared Hit Blocks": 0,
              "Shared Read Blocks": 0,
              "Shared Dirtied Blocks": 0,
              "Shared Written Blocks": 0,
              "Local Hit Blocks": 0,
              "Local Read Blocks": 0,
              "Local Dirtied Blocks": 0,
              "Local Written Blocks": 0,
              "Temp Read Blocks": 0,
              "Temp Written Blocks": 0,
              "Plans": [
                {
                  "Node Type": "Seq Scan",
                  "Parent Relationship": "Outer",
                  "Parallel Aware": false,
                  "Relation Name": "raw_contacts",
                  "Alias": "raw_contacts_3",
                  "Startup Cost": 0.00,
                  "Total Cost": 231273.72,
                  "Plan Rows": 955072,
                  "Plan Width": 1574,
                  "Actual Startup Time": 0.000,
                  "Actual Total Time": 0.000,
                  "Actual Rows": 0,
                  "Actual Loops": 0,
                  "Shared Hit Blocks": 0,
                  "Shared Read Blocks": 0,
                  "Shared Dirtied Blocks": 0,
                  "Shared Written Blocks": 0,
                  "Local Hit Blocks": 0,
                  "Local Read Blocks": 0,
                  "Local Dirtied Blocks": 0,
                  "Local Written Blocks": 0,
                  "Temp Read Blocks": 0,
                  "Temp Written Blocks": 0
                }
              ]
            }
          ]
        }
      ]
    },
    "Planning": {
      "Shared Hit Blocks": 104,
      "Shared Read Blocks": 43,
      "Shared Dirtied Blocks": 0,
      "Shared Written Blocks": 0,
      "Local Hit Blocks": 0,
      "Local Read Blocks": 0,
      "Local Dirtied Blocks": 0,
      "Local Written Blocks": 0,
      "Temp Read Blocks": 0,
      "Temp Written Blocks": 0
    },
    "Planning Time": 3.777,
    "Triggers": [
    ],
    "Execution Time": 17687.067
  }
]
