[
  {
    "Plan": {
      "Node Type": "Limit",
      "Parallel Aware": false,
      "Startup Cost": 0.00,
      "Total Cost": 270.12,
      "Plan Rows": 10,
      "Plan Width": 272,
      "Actual Startup Time": 0.222,
      "Actual Total Time": 1.445,
      "Actual Rows": 10,
      "Actual Loops": 1,
      "Shared Hit Blocks": 91,
      "Shared Read Blocks": 0,
      "Shared Dirtied Blocks": 0,
      "Shared Written Blocks": 0,
      "Local Hit Blocks": 0,
      "Local Read Blocks": 0,
      "Local Dirtied Blocks": 0,
      "Local Written Blocks": 0,
      "Temp Read Blocks": 0,
      "Temp Written Blocks": 0,
      "Plans": [
        {
          "Node Type": "Seq Scan",
          "Parent Relationship": "Outer",
          "Parallel Aware": false,
          "Relation Name": "couchdb",
          "Alias": "couchdb",
          "Startup Cost": 0.00,
          "Total Cost": 378195.04,
          "Plan Rows": 14001,
          "Plan Width": 272,
          "Actual Startup Time": 0.217,
          "Actual Total Time": 1.432,
          "Actual Rows": 10,
          "Actual Loops": 1,
          "Filter": "((doc ->> 'type'::text) = 'person'::text)",
          "Rows Removed by Filter": 29,
          "Shared Hit Blocks": 91,
          "Shared Read Blocks": 0,
          "Shared Dirtied Blocks": 0,
          "Shared Written Blocks": 0,
          "Local Hit Blocks": 0,
          "Local Read Blocks": 0,
          "Local Dirtied Blocks": 0,
          "Local Written Blocks": 0,
          "Temp Read Blocks": 0,
          "Temp Written Blocks": 0
        }
      ]
    },
    "Planning": {
      "Shared Hit Blocks": 142,
      "Shared Read Blocks": 0,
      "Shared Dirtied Blocks": 0,
      "Shared Written Blocks": 0,
      "Local Hit Blocks": 0,
      "Local Read Blocks": 0,
      "Local Dirtied Blocks": 0,
      "Local Written Blocks": 0,
      "Temp Read Blocks": 0,
      "Temp Written Blocks": 0
    },
    "Planning Time": 1.518,
    "Triggers": [
    ],
    "Execution Time": 1.568
  }
]
