[
  {
    "Plan": {
      "Node Type": "Limit",
      "Parallel Aware": false,
      "Startup Cost": 0.00,
      "Total Cost": 269.85,
      "Plan Rows": 10,
      "Plan Width": 160,
      "Actual Startup Time": 0.184,
      "Actual Total Time": 3.820,
      "Actual Rows": 10,
      "Actual Loops": 1,
      "Shared Hit Blocks": 55,
      "Shared Read Blocks": 25,
      "Shared Dirtied Blocks": 0,
      "Shared Written Blocks": 0,
      "Local Hit Blocks": 0,
      "Local Read Blocks": 0,
      "Local Dirtied Blocks": 0,
      "Local Written Blocks": 0,
      "Temp Read Blocks": 0,
      "Temp Written Blocks": 0,
      "Plans": [
        {
          "Node Type": "Seq Scan",
          "Parent Relationship": "Outer",
          "Parallel Aware": false,
          "Relation Name": "couchdb",
          "Alias": "couchdb",
          "Startup Cost": 0.00,
          "Total Cost": 377810.01,
          "Plan Rows": 14001,
          "Plan Width": 160,
          "Actual Startup Time": 0.183,
          "Actual Total Time": 3.817,
          "Actual Rows": 10,
          "Actual Loops": 1,
          "Filter": "((doc ->> 'type'::text) = 'clinic'::text)",
          "Rows Removed by Filter": 97,
          "Shared Hit Blocks": 55,
          "Shared Read Blocks": 25,
          "Shared Dirtied Blocks": 0,
          "Shared Written Blocks": 0,
          "Local Hit Blocks": 0,
          "Local Read Blocks": 0,
          "Local Dirtied Blocks": 0,
          "Local Written Blocks": 0,
          "Temp Read Blocks": 0,
          "Temp Written Blocks": 0
        }
      ]
    },
    "Planning": {
      "Shared Hit Blocks": 97,
      "Shared Read Blocks": 41,
      "Shared Dirtied Blocks": 0,
      "Shared Written Blocks": 0,
      "Local Hit Blocks": 0,
      "Local Read Blocks": 0,
      "Local Dirtied Blocks": 0,
      "Local Written Blocks": 0,
      "Temp Read Blocks": 0,
      "Temp Written Blocks": 0
    },
    "Planning Time": 3.065,
    "Triggers": [
    ],
    "Execution Time": 3.844
  }
]
