[
  {
    "Plan": {
      "Node Type": "Limit",
      "Parallel Aware": false,
      "Startup Cost": 0.00,
      "Total Cost": 1.30,
      "Plan Rows": 10,
      "Plan Width": 914,
      "Actual Startup Time": 0.074,
      "Actual Total Time": 0.089,
      "Actual Rows": 10,
      "Actual Loops": 1,
      "Shared Hit Blocks": 0,
      "Shared Read Blocks": 2,
      "Shared Dirtied Blocks": 0,
      "Shared Written Blocks": 0,
      "Local Hit Blocks": 0,
      "Local Read Blocks": 0,
      "Local Dirtied Blocks": 0,
      "Local Written Blocks": 0,
      "Temp Read Blocks": 0,
      "Temp Written Blocks": 0,
      "Plans": [
        {
          "Node Type": "Seq Scan",
          "Parent Relationship": "Outer",
          "Parallel Aware": false,
          "Relation Name": "couchdb",
          "Alias": "couchdb",
          "Startup Cost": 0.00,
          "Total Cost": 363634.00,
          "Plan Rows": 2800200,
          "Plan Width": 914,
          "Actual Startup Time": 0.069,
          "Actual Total Time": 0.082,
          "Actual Rows": 10,
          "Actual Loops": 1,
          "Shared Hit Blocks": 0,
          "Shared Read Blocks": 2,
          "Shared Dirtied Blocks": 0,
          "Shared Written Blocks": 0,
          "Local Hit Blocks": 0,
          "Local Read Blocks": 0,
          "Local Dirtied Blocks": 0,
          "Local Written Blocks": 0,
          "Temp Read Blocks": 0,
          "Temp Written Blocks": 0
        }
      ]
    },
    "Planning": {
      "Shared Hit Blocks": 101,
      "Shared Read Blocks": 39,
      "Shared Dirtied Blocks": 0,
      "Shared Written Blocks": 0,
      "Local Hit Blocks": 0,
      "Local Read Blocks": 0,
      "Local Dirtied Blocks": 0,
      "Local Written Blocks": 0,
      "Temp Read Blocks": 0,
      "Temp Written Blocks": 0
    },
    "Planning Time": 6.798,
    "Triggers": [
    ],
    "Execution Time": 0.258
  }
]
