[
  {
    "Plan": {
      "Node Type": "Limit",
      "Parallel Aware": false,
      "Startup Cost": 137963171.86,
      "Total Cost": 137963179.94,
      "Plan Rows": 10,
      "Plan Width": 196,
      "Actual Startup Time": 7405.211,
      "Actual Total Time": 7407.920,
      "Actual Rows": 10,
      "Actual Loops": 1,
      "Shared Hit Blocks": 8813,
      "Shared Read Blocks": 221678,
      "Shared Dirtied Blocks": 0,
      "Shared Written Blocks": 0,
      "Local Hit Blocks": 0,
      "Local Read Blocks": 0,
      "Local Dirtied Blocks": 0,
      "Local Written Blocks": 0,
      "Temp Read Blocks": 0,
      "Temp Written Blocks": 0,
      "Plans": [
        {
          "Node Type": "Incremental Sort",
          "Parent Relationship": "Outer",
          "Parallel Aware": false,
          "Startup Cost": 137963171.86,
          "Total Cost": 11740610264.24,
          "Plan Rows": 14547126593,
          "Plan Width": 196,
          "Actual Startup Time": 6308.790,
          "Actual Total Time": 6311.498,
          "Actual Rows": 10,
          "Actual Loops": 1,
          "Sort Key": ["(((generate_series(date_trunc('month'::text, (now() - '1 year'::interval)), now(), '1 mon'::interval)))::date)", "((raw_contacts.doc ->> 'name'::text))"],
          "Presorted Key": ["(((generate_series(date_trunc('month'::text, (now() - '1 year'::interval)), now(), '1 mon'::interval)))::date)"],
          "Full-sort Groups": {
            "Group Count": 1,
            "Sort Methods Used": ["top-N heapsort"],
            "Sort Space Memory": {
              "Average Sort Space Used": 29,
              "Peak Sort Space Used": 29
            }
          },
          "Pre-sorted Groups": {
            "Group Count": 1,
            "Sort Methods Used": ["top-N heapsort"],
            "Sort Space Memory": {
              "Average Sort Space Used": 28,
              "Peak Sort Space Used": 28
            }
          },
          "Shared Hit Blocks": 8813,
          "Shared Read Blocks": 221678,
          "Shared Dirtied Blocks": 0,
          "Shared Written Blocks": 0,
          "Local Hit Blocks": 0,
          "Local Read Blocks": 0,
          "Local Dirtied Blocks": 0,
          "Local Written Blocks": 0,
          "Temp Read Blocks": 0,
          "Temp Written Blocks": 0,
          "Plans": [
            {
              "Node Type": "Merge Join",
              "Parent Relationship": "Outer",
              "Parallel Aware": false,
              "Join Type": "Left",
              "Startup Cost": 80663553.28,
              "Total Cost": 274168412.64,
              "Plan Rows": 14547126593,
              "Plan Width": 196,
              "Actual Startup Time": 6308.659,
              "Actual Total Time": 6311.385,
              "Actual Rows": 102,
              "Actual Loops": 1,
              "Inner Unique": true,
              "Merge Cond": "(((((generate_series(date_trunc('month'::text, (now() - '1 year'::interval)), now(), '1 mon'::interval)))::date) = ((date_trunc('month'::text, data_record.reported))::date)) AND (((raw_contacts.doc ->> '_id'::text)) = ((raw_contacts_2.doc ->> '_id'::text))))",
              "Shared Hit Blocks": 8813,
              "Shared Read Blocks": 221678,
              "Shared Dirtied Blocks": 0,
              "Shared Written Blocks": 0,
              "Local Hit Blocks": 0,
              "Local Read Blocks": 0,
              "Local Dirtied Blocks": 0,
              "Local Written Blocks": 0,
              "Temp Read Blocks": 0,
              "Temp Written Blocks": 0,
              "Plans": [
                {
                  "Node Type": "Sort",
                  "Parent Relationship": "Outer",
                  "Parallel Aware": false,
                  "Startup Cost": 2933055.17,
                  "Total Cost": 2944875.17,
                  "Plan Rows": 4728000,
                  "Plan Width": 84,
                  "Actual Startup Time": 6308.361,
                  "Actual Total Time": 6311.070,
                  "Actual Rows": 102,
                  "Actual Loops": 1,
                  "Sort Key": ["(((generate_series(date_trunc('month'::text, (now() - '1 year'::interval)), now(), '1 mon'::interval)))::date)", "((raw_contacts.doc ->> '_id'::text))"],
                  "Sort Method": "quicksort",
                  "Sort Space Used": 233,
                  "Sort Space Type": "Memory",
                  "Shared Hit Blocks": 8813,
                  "Shared Read Blocks": 221677,
                  "Shared Dirtied Blocks": 0,
                  "Shared Written Blocks": 0,
                  "Local Hit Blocks": 0,
                  "Local Read Blocks": 0,
                  "Local Dirtied Blocks": 0,
                  "Local Written Blocks": 0,
                  "Temp Read Blocks": 0,
                  "Temp Written Blocks": 0,
                  "Plans": [
                    {
                      "Node Type": "Hash Join",
                      "Parent Relationship": "Outer",
                      "Parallel Aware": false,
                      "Join Type": "Left",
                      "Startup Cost": 1884890.60,
                      "Total Cost": 1956403.21,
                      "Plan Rows": 4728000,
                      "Plan Width": 84,
                      "Actual Startup Time": 6305.940,
                      "Actual Total Time": 6308.946,
                      "Actual Rows": 1313,
                      "Actual Loops": 1,
                      "Inner Unique": true,
                      "Hash Cond": "(((raw_contacts.doc ->> '_id'::text)) = follow_up_activity_cte.facility_join_field)",
                      "Join Filter": "((((generate_series(date_trunc('month'::text, (now() - '1 year'::interval)), now(), '1 mon'::interval)))::date) = follow_up_activity_cte.reported_month)",
                      "Rows Removed by Join Filter": 0,
                      "Shared Hit Blocks": 8813,
                      "Shared Read Blocks": 221677,
                      "Shared Dirtied Blocks": 0,
                      "Shared Written Blocks": 0,
                      "Local Hit Blocks": 0,
                      "Local Read Blocks": 0,
                      "Local Dirtied Blocks": 0,
                      "Local Written Blocks": 0,
                      "Temp Read Blocks": 0,
                      "Temp Written Blocks": 0,
                      "Plans": [
                        {
                          "Node Type": "Sort",
                          "Parent Relationship": "Outer",
                          "Parallel Aware": false,
                          "Startup Cost": 1260332.28,
                          "Total Cost": 1272152.28,
                          "Plan Rows": 4728000,
                          "Plan Width": 76,
                          "Actual Startup Time": 6281.835,
                          "Actual Total Time": 6281.998,
                          "Actual Rows": 1313,
                          "Actual Loops": 1,
                          "Sort Key": ["(date_part('epoch'::text, (((generate_series(date_trunc('month'::text, (now() - '1 year'::interval)), now(), '1 mon'::interval)))::date)::timestamp without time zone))", "((raw_contacts.doc ->> 'name'::text))"],
                          "Sort Method": "quicksort",
                          "Sort Space Used": 233,
                          "Sort Space Type": "Memory",
                          "Shared Hit Blocks": 8480,
                          "Shared Read Blocks": 221660,
                          "Shared Dirtied Blocks": 0,
                          "Shared Written Blocks": 0,
                          "Local Hit Blocks": 0,
                          "Local Read Blocks": 0,
                          "Local Dirtied Blocks": 0,
                          "Local Written Blocks": 0,
                          "Temp Read Blocks": 0,
                          "Temp Written Blocks": 0,
                          "Plans": [
                            {
                              "Node Type": "Nested Loop",
                              "Parent Relationship": "Outer",
                              "Parallel Aware": false,
                              "Join Type": "Inner",
                              "Startup Cost": 1099.86,
                              "Total Cost": 315999.32,
                              "Plan Rows": 4728000,
                              "Plan Width": 76,
                              "Actual Startup Time": 3941.710,
                              "Actual Total Time": 6280.387,
                              "Actual Rows": 1313,
                              "Actual Loops": 1,
                              "Inner Unique": false,
                              "Shared Hit Blocks": 8477,
                              "Shared Read Blocks": 221660,
                              "Shared Dirtied Blocks": 0,
                              "Shared Written Blocks": 0,
                              "Local Hit Blocks": 0,
                              "Local Read Blocks": 0,
                              "Local Dirtied Blocks": 0,
                              "Local Written Blocks": 0,
                              "Temp Read Blocks": 0,
                              "Temp Written Blocks": 0,
                              "Plans": [
                                {
                                  "Node Type": "Gather",
                                  "Parent Relationship": "Outer",
                                  "Parallel Aware": false,
                                  "Startup Cost": 1000.00,
                                  "Total Cost": 233144.47,
                                  "Plan Rows": 4728,
                                  "Plan Width": 1574,
                                  "Actual Startup Time": 3941.462,
                                  "Actual Total Time": 6279.716,
                                  "Actual Rows": 101,
                                  "Actual Loops": 1,
                                  "Workers Planned": 2,
                                  "Workers Launched": 2,
                                  "Single Copy": false,
                                  "Shared Hit Blocks": 8477,
                                  "Shared Read Blocks": 221660,
                                  "Shared Dirtied Blocks": 0,
                                  "Shared Written Blocks": 0,
                                  "Local Hit Blocks": 0,
                                  "Local Read Blocks": 0,
                                  "Local Dirtied Blocks": 0,
                                  "Local Written Blocks": 0,
                                  "Temp Read Blocks": 0,
                                  "Temp Written Blocks": 0,
                                  "Plans": [
                                    {
                                      "Node Type": "Seq Scan",
                                      "Parent Relationship": "Outer",
                                      "Parallel Aware": true,
                                      "Relation Name": "raw_contacts",
                                      "Alias": "raw_contacts",
                                      "Startup Cost": 0.00,
                                      "Total Cost": 231671.67,
                                      "Plan Rows": 1970,
                                      "Plan Width": 1574,
                                      "Actual Startup Time": 3929.262,
                                      "Actual Total Time": 6267.524,
                                      "Actual Rows": 34,
                                      "Actual Loops": 3,
                                      "Filter": "(((doc ->> 'name'::text) <> 'HQ'::text) AND ((doc ->> 'name'::text) <> 'HQ OVC'::text) AND ((doc ->> 'type'::text) = 'district_hospital'::text))",
                                      "Rows Removed by Filter": 318452,
                                      "Shared Hit Blocks": 8477,
                                      "Shared Read Blocks": 221660,
                                      "Shared Dirtied Blocks": 0,
                                      "Shared Written Blocks": 0,
                                      "Local Hit Blocks": 0,
                                      "Local Read Blocks": 0,
                                      "Local Dirtied Blocks": 0,
                                      "Local Written Blocks": 0,
                                      "Temp Read Blocks": 0,
                                      "Temp Written Blocks": 0,
                                      "Workers": [
                                      ]
                                    }
                                  ]
                                },
                                {
                                  "Node Type": "Materialize",
                                  "Parent Relationship": "Inner",
                                  "Parallel Aware": false,
                                  "Startup Cost": 99.86,
                                  "Total Cost": 117.36,
                                  "Plan Rows": 1000,
                                  "Plan Width": 12,
                                  "Actual Startup Time": 0.003,
                                  "Actual Total Time": 0.003,
                                  "Actual Rows": 13,
                                  "Actual Loops": 101,
                                  "Shared Hit Blocks": 0,
                                  "Shared Read Blocks": 0,
                                  "Shared Dirtied Blocks": 0,
                                  "Shared Written Blocks": 0,
                                  "Local Hit Blocks": 0,
                                  "Local Read Blocks": 0,
                                  "Local Dirtied Blocks": 0,
                                  "Local Written Blocks": 0,
                                  "Temp Read Blocks": 0,
                                  "Temp Written Blocks": 0,
                                  "Plans": [
                                    {
                                      "Node Type": "Sort",
                                      "Parent Relationship": "Outer",
                                      "Parallel Aware": false,
                                      "Startup Cost": 99.86,
                                      "Total Cost": 102.36,
                                      "Plan Rows": 1000,
                                      "Plan Width": 12,
                                      "Actual Startup Time": 0.240,
                                      "Actual Total Time": 0.242,
                                      "Actual Rows": 13,
                                      "Actual Loops": 1,
                                      "Sort Key": ["(date_part('epoch'::text, (((generate_series(date_trunc('month'::text, (now() - '1 year'::interval)), now(), '1 mon'::interval)))::date)::timestamp without time zone))"],
                                      "Sort Method": "quicksort",
                                      "Sort Space Used": 25,
                                      "Sort Space Type": "Memory",
                                      "Shared Hit Blocks": 0,
                                      "Shared Read Blocks": 0,
                                      "Shared Dirtied Blocks": 0,
                                      "Shared Written Blocks": 0,
                                      "Local Hit Blocks": 0,
                                      "Local Read Blocks": 0,
                                      "Local Dirtied Blocks": 0,
                                      "Local Written Blocks": 0,
                                      "Temp Read Blocks": 0,
                                      "Temp Written Blocks": 0,
                                      "Plans": [
                                        {
                                          "Node Type": "Result",
                                          "Parent Relationship": "Outer",
                                          "Parallel Aware": false,
                                          "Startup Cost": 0.00,
                                          "Total Cost": 50.03,
                                          "Plan Rows": 1000,
                                          "Plan Width": 12,
                                          "Actual Startup Time": 0.221,
                                          "Actual Total Time": 0.230,
                                          "Actual Rows": 13,
                                          "Actual Loops": 1,
                                          "Shared Hit Blocks": 0,
                                          "Shared Read Blocks": 0,
                                          "Shared Dirtied Blocks": 0,
                                          "Shared Written Blocks": 0,
                                          "Local Hit Blocks": 0,
                                          "Local Read Blocks": 0,
                                          "Local Dirtied Blocks": 0,
                                          "Local Written Blocks": 0,
                                          "Temp Read Blocks": 0,
                                          "Temp Written Blocks": 0,
                                          "Plans": [
                                            {
                                              "Node Type": "ProjectSet",
                                              "Parent Relationship": "Outer",
                                              "Parallel Aware": false,
                                              "Startup Cost": 0.00,
                                              "Total Cost": 5.03,
                                              "Plan Rows": 1000,
                                              "Plan Width": 8,
                                              "Actual Startup Time": 0.024,
                                              "Actual Total Time": 0.029,
                                              "Actual Rows": 13,
                                              "Actual Loops": 1,
                                              "Shared Hit Blocks": 0,
                                              "Shared Read Blocks": 0,
                                              "Shared Dirtied Blocks": 0,
                                              "Shared Written Blocks": 0,
                                              "Local Hit Blocks": 0,
                                              "Local Read Blocks": 0,
                                              "Local Dirtied Blocks": 0,
                                              "Local Written Blocks": 0,
                                              "Temp Read Blocks": 0,
                                              "Temp Written Blocks": 0,
                                              "Plans": [
                                                {
                                                  "Node Type": "Result",
                                                  "Parent Relationship": "Outer",
                                                  "Parallel Aware": false,
                                                  "Startup Cost": 0.00,
                                                  "Total Cost": 0.01,
                                                  "Plan Rows": 1,
                                                  "Plan Width": 0,
                                                  "Actual Startup Time": 0.003,
                                                  "Actual Total Time": 0.003,
                                                  "Actual Rows": 1,
                                                  "Actual Loops": 1,
                                                  "Shared Hit Blocks": 0,
                                                  "Shared Read Blocks": 0,
                                                  "Shared Dirtied Blocks": 0,
                                                  "Shared Written Blocks": 0,
                                                  "Local Hit Blocks": 0,
                                                  "Local Read Blocks": 0,
                                                  "Local Dirtied Blocks": 0,
                                                  "Local Written Blocks": 0,
                                                  "Temp Read Blocks": 0,
                                                  "Temp Written Blocks": 0
                                                }
                                              ]
                                            }
                                          ]
                                        }
                                      ]
                                    }
                                  ]
                                }
                              ]
                            }
                          ]
                        },
                        {
                          "Node Type": "Hash",
                          "Parent Relationship": "Inner",
                          "Parallel Aware": false,
                          "Startup Cost": 624144.64,
                          "Total Cost": 624144.64,
                          "Plan Rows": 33094,
                          "Plan Width": 48,
                          "Actual Startup Time": 23.985,
                          "Actual Total Time": 26.604,
                          "Actual Rows": 0,
                          "Actual Loops": 1,
                          "Hash Buckets": 65536,
                          "Original Hash Buckets": 65536,
                          "Hash Batches": 1,
                          "Original Hash Batches": 1,
                          "Peak Memory Usage": 512,
                          "Shared Hit Blocks": 330,
                          "Shared Read Blocks": 17,
                          "Shared Dirtied Blocks": 0,
                          "Shared Written Blocks": 0,
                          "Local Hit Blocks": 0,
                          "Local Read Blocks": 0,
                          "Local Dirtied Blocks": 0,
                          "Local Written Blocks": 0,
                          "Temp Read Blocks": 0,
                          "Temp Written Blocks": 0,
                          "Plans": [
                            {
                              "Node Type": "Subquery Scan",
                              "Parent Relationship": "Outer",
                              "Parallel Aware": false,
                              "Alias": "follow_up_activity_cte",
                              "Startup Cost": 618552.87,
                              "Total Cost": 624144.64,
                              "Plan Rows": 33094,
                              "Plan Width": 48,
                              "Actual Startup Time": 23.983,
                              "Actual Total Time": 26.602,
                              "Actual Rows": 0,
                              "Actual Loops": 1,
                              "Shared Hit Blocks": 330,
                              "Shared Read Blocks": 17,
                              "Shared Dirtied Blocks": 0,
                              "Shared Written Blocks": 0,
                              "Local Hit Blocks": 0,
                              "Local Read Blocks": 0,
                              "Local Dirtied Blocks": 0,
                              "Local Written Blocks": 0,
                              "Temp Read Blocks": 0,
                              "Temp Written Blocks": 0,
                              "Plans": [
                                {
                                  "Node Type": "Aggregate",
                                  "Strategy": "Sorted",
                                  "Partial Mode": "Simple",
                                  "Parent Relationship": "Subquery",
                                  "Parallel Aware": false,
                                  "Startup Cost": 618552.87,
                                  "Total Cost": 623813.70,
                                  "Plan Rows": 33094,
                                  "Plan Width": 48,
                                  "Actual Startup Time": 23.982,
                                  "Actual Total Time": 26.600,
                                  "Actual Rows": 0,
                                  "Actual Loops": 1,
                                  "Group Key": ["(date_trunc('month'::text, to_timestamp((((NULLIF((form.doc ->> 'reported_date'::text), ''::text))::bigint / 1000))::double precision)))", "((raw_contacts_1.doc ->> '_id'::text))"],
                                  "Shared Hit Blocks": 330,
                                  "Shared Read Blocks": 17,
                                  "Shared Dirtied Blocks": 0,
                                  "Shared Written Blocks": 0,
                                  "Local Hit Blocks": 0,
                                  "Local Read Blocks": 0,
                                  "Local Dirtied Blocks": 0,
                                  "Local Written Blocks": 0,
                                  "Temp Read Blocks": 0,
                                  "Temp Written Blocks": 0,
                                  "Plans": [
                                    {
                                      "Node Type": "Gather Merge",
                                      "Parent Relationship": "Outer",
                                      "Parallel Aware": false,
                                      "Startup Cost": 618552.87,
                                      "Total Cost": 622407.21,
                                      "Plan Rows": 33094,
                                      "Plan Width": 849,
                                      "Actual Startup Time": 23.980,
                                      "Actual Total Time": 26.596,
                                      "Actual Rows": 0,
                                      "Actual Loops": 1,
                                      "Workers Planned": 2,
                                      "Workers Launched": 2,
                                      "Shared Hit Blocks": 330,
                                      "Shared Read Blocks": 17,
                                      "Shared Dirtied Blocks": 0,
                                      "Shared Written Blocks": 0,
                                      "Local Hit Blocks": 0,
                                      "Local Read Blocks": 0,
                                      "Local Dirtied Blocks": 0,
                                      "Local Written Blocks": 0,
                                      "Temp Read Blocks": 0,
                                      "Temp Written Blocks": 0,
                                      "Plans": [
                                        {
                                          "Node Type": "Sort",
                                          "Parent Relationship": "Outer",
                                          "Parallel Aware": false,
                                          "Startup Cost": 617552.84,
                                          "Total Cost": 617587.31,
                                          "Plan Rows": 13789,
                                          "Plan Width": 849,
                                          "Actual Startup Time": 1.082,
                                          "Actual Total Time": 1.086,
                                          "Actual Rows": 0,
                                          "Actual Loops": 3,
                                          "Sort Key": ["(date_trunc('month'::text, to_timestamp((((NULLIF((form.doc ->> 'reported_date'::text), ''::text))::bigint / 1000))::double precision)))", "((raw_contacts_1.doc ->> '_id'::text))"],
                                          "Sort Method": "quicksort",
                                          "Sort Space Used": 25,
                                          "Sort Space Type": "Memory",
                                          "Shared Hit Blocks": 330,
                                          "Shared Read Blocks": 17,
                                          "Shared Dirtied Blocks": 0,
                                          "Shared Written Blocks": 0,
                                          "Local Hit Blocks": 0,
                                          "Local Read Blocks": 0,
                                          "Local Dirtied Blocks": 0,
                                          "Local Written Blocks": 0,
                                          "Temp Read Blocks": 0,
                                          "Temp Written Blocks": 0,
                                          "Workers": [
                                            {
                                              "Worker Number": 0,
                                              "Sort Method": "quicksort",
                                              "Sort Space Used": 25,
                                              "Sort Space Type": "Memory"
                                            },
                                            {
                                              "Worker Number": 1,
                                              "Sort Method": "quicksort",
                                              "Sort Space Used": 25,
                                              "Sort Space Type": "Memory"
                                            }
                                          ],
                                          "Plans": [
                                            {
                                              "Node Type": "Hash Join",
                                              "Parent Relationship": "Outer",
                                              "Parallel Aware": true,
                                              "Join Type": "Inner",
                                              "Startup Cost": 379396.59,
                                              "Total Cost": 611417.76,
                                              "Plan Rows": 13789,
                                              "Plan Width": 849,
                                              "Actual Startup Time": 0.940,
                                              "Actual Total Time": 0.944,
                                              "Actual Rows": 0,
                                              "Actual Loops": 3,
                                              "Inner Unique": false,
                                              "Hash Cond": "((raw_contacts_1.doc ->> '_id'::text) = chw.branch_uuid)",
                                              "Shared Hit Blocks": 201,
                                              "Shared Read Blocks": 16,
                                              "Shared Dirtied Blocks": 0,
                                              "Shared Written Blocks": 0,
                                              "Local Hit Blocks": 0,
                                              "Local Read Blocks": 0,
                                              "Local Dirtied Blocks": 0,
                                              "Local Written Blocks": 0,
                                              "Temp Read Blocks": 0,
                                              "Temp Written Blocks": 0,
                                              "Workers": [
                                              ],
                                              "Plans": [
                                                {
                                                  "Node Type": "Seq Scan",
                                                  "Parent Relationship": "Outer",
                                                  "Parallel Aware": true,
                                                  "Relation Name": "raw_contacts",
                                                  "Alias": "raw_contacts_1",
                                                  "Startup Cost": 0.00,
                                                  "Total Cost": 229681.93,
                                                  "Plan Rows": 393977,
                                                  "Plan Width": 1574,
                                                  "Actual Startup Time": 0.000,
                                                  "Actual Total Time": 0.000,
                                                  "Actual Rows": 0,
                                                  "Actual Loops": 0,
                                                  "Filter": "(((doc ->> 'name'::text) <> 'HQ'::text) AND ((doc ->> 'name'::text) <> 'HQ OVC'::text))",
                                                  "Rows Removed by Filter": 0,
                                                  "Shared Hit Blocks": 0,
                                                  "Shared Read Blocks": 0,
                                                  "Shared Dirtied Blocks": 0,
                                                  "Shared Written Blocks": 0,
                                                  "Local Hit Blocks": 0,
                                                  "Local Read Blocks": 0,
                                                  "Local Dirtied Blocks": 0,
                                                  "Local Written Blocks": 0,
                                                  "Temp Read Blocks": 0,
                                                  "Temp Written Blocks": 0,
                                                  "Workers": [
                                                  ]
                                                },
                                                {
                                                  "Node Type": "Hash",
                                                  "Parent Relationship": "Inner",
                                                  "Parallel Aware": true,
                                                  "Startup Cost": 379396.56,
                                                  "Total Cost": 379396.56,
                                                  "Plan Rows": 3,
                                                  "Plan Width": 841,
                                                  "Actual Startup Time": 0.805,
                                                  "Actual Total Time": 0.807,
                                                  "Actual Rows": 0,
                                                  "Actual Loops": 3,
                                                  "Hash Buckets": 1024,
                                                  "Original Hash Buckets": 1024,
                                                  "Hash Batches": 1,
                                                  "Original Hash Batches": 1,
                                                  "Peak Memory Usage": 0,
                                                  "Shared Hit Blocks": 135,
                                                  "Shared Read Blocks": 16,
                                                  "Shared Dirtied Blocks": 0,
                                                  "Shared Written Blocks": 0,
                                                  "Local Hit Blocks": 0,
                                                  "Local Read Blocks": 0,
                                                  "Local Dirtied Blocks": 0,
                                                  "Local Written Blocks": 0,
                                                  "Temp Read Blocks": 0,
                                                  "Temp Written Blocks": 0,
                                                  "Workers": [
                                                  ],
                                                  "Plans": [
                                                    {
                                                      "Node Type": "Hash Join",
                                                      "Parent Relationship": "Outer",
                                                      "Parallel Aware": false,
                                                      "Join Type": "Inner",
                                                      "Startup Cost": 11.35,
                                                      "Total Cost": 379396.56,
                                                      "Plan Rows": 3,
                                                      "Plan Width": 841,
                                                      "Actual Startup Time": 2.374,
                                                      "Actual Total Time": 2.380,
                                                      "Actual Rows": 0,
                                                      "Actual Loops": 1,
                                                      "Inner Unique": false,
                                                      "Hash Cond": "((form.doc #>> '{contact,_id}'::text[]) = chw.uuid)",
                                                      "Shared Hit Blocks": 135,
                                                      "Shared Read Blocks": 16,
                                                      "Shared Dirtied Blocks": 0,
                                                      "Shared Written Blocks": 0,
                                                      "Local Hit Blocks": 0,
                                                      "Local Read Blocks": 0,
                                                      "Local Dirtied Blocks": 0,
                                                      "Local Written Blocks": 0,
                                                      "Temp Read Blocks": 0,
                                                      "Temp Written Blocks": 0,
                                                      "Workers": [
                                                      ],
                                                      "Plans": [
                                                        {
                                                          "Node Type": "Seq Scan",
                                                          "Parent Relationship": "Outer",
                                                          "Parallel Aware": true,
                                                          "Relation Name": "couchdb",
                                                          "Alias": "form",
                                                          "Startup Cost": 0.00,
                                                          "Total Cost": 379385.12,
                                                          "Plan Rows": 10,
                                                          "Plan Width": 809,
                                                          "Actual Startup Time": 2.353,
                                                          "Actual Total Time": 2.354,
                                                          "Actual Rows": 1,
                                                          "Actual Loops": 1,
                                                          "Filter": "(((doc ->> 'type'::text) = 'data_record'::text) AND ((doc ->> 'form'::text) = 'assessment_follow_up'::text) AND (CASE WHEN (((doc #>> '{fields,patient_age_in_years}'::text[]) IS NULL) OR ((doc #>> '{fields,patient_age_in_years}'::text[]) = ''::text)) THEN 99 ELSE ((doc #>> '{fields,patient_age_in_years}'::text[]))::integer END < 5))",
                                                          "Rows Removed by Filter": 64,
                                                          "Shared Hit Blocks": 135,
                                                          "Shared Read Blocks": 16,
                                                          "Shared Dirtied Blocks": 0,
                                                          "Shared Written Blocks": 0,
                                                          "Local Hit Blocks": 0,
                                                          "Local Read Blocks": 0,
                                                          "Local Dirtied Blocks": 0,
                                                          "Local Written Blocks": 0,
                                                          "Temp Read Blocks": 0,
                                                          "Temp Written Blocks": 0,
                                                          "Workers": [
                                                          ]
                                                        },
                                                        {
                                                          "Node Type": "Hash",
                                                          "Parent Relationship": "Inner",
                                                          "Parallel Aware": false,
                                                          "Startup Cost": 10.60,
                                                          "Total Cost": 10.60,
                                                          "Plan Rows": 60,
                                                          "Plan Width": 64,
                                                          "Actual Startup Time": 0.008,
                                                          "Actual Total Time": 0.012,
                                                          "Actual Rows": 0,
                                                          "Actual Loops": 1,
                                                          "Hash Buckets": 1024,
                                                          "Original Hash Buckets": 1024,
                                                          "Hash Batches": 1,
                                                          "Original Hash Batches": 1,
                                                          "Peak Memory Usage": 8,
                                                          "Shared Hit Blocks": 0,
                                                          "Shared Read Blocks": 0,
                                                          "Shared Dirtied Blocks": 0,
                                                          "Shared Written Blocks": 0,
                                                          "Local Hit Blocks": 0,
                                                          "Local Read Blocks": 0,
                                                          "Local Dirtied Blocks": 0,
                                                          "Local Written Blocks": 0,
                                                          "Temp Read Blocks": 0,
                                                          "Temp Written Blocks": 0,
                                                          "Workers": [
                                                          ],
                                                          "Plans": [
                                                            {
                                                              "Node Type": "Seq Scan",
                                                              "Parent Relationship": "Outer",
                                                              "Parallel Aware": false,
                                                              "Relation Name": "contactview_chp",
                                                              "Alias": "chw",
                                                              "Startup Cost": 0.00,
                                                              "Total Cost": 10.60,
                                                              "Plan Rows": 60,
                                                              "Plan Width": 64,
                                                              "Actual Startup Time": 0.007,
                                                              "Actual Total Time": 0.007,
                                                              "Actual Rows": 0,
                                                              "Actual Loops": 1,
                                                              "Shared Hit Blocks": 0,
                                                              "Shared Read Blocks": 0,
                                                              "Shared Dirtied Blocks": 0,
                                                              "Shared Written Blocks": 0,
                                                              "Local Hit Blocks": 0,
                                                              "Local Read Blocks": 0,
                                                              "Local Dirtied Blocks": 0,
                                                              "Local Written Blocks": 0,
                                                              "Temp Read Blocks": 0,
                                                              "Temp Written Blocks": 0,
                                                              "Workers": [
                                                              ]
                                                            }
                                                          ]
                                                        }
                                                      ]
                                                    }
                                                  ]
                                                }
                                              ]
                                            }
                                          ]
                                        }
                                      ]
                                    }
                                  ]
                                }
                              ]
                            }
                          ]
                        }
                      ]
                    }
                  ]
                },
                {
                  "Node Type": "Aggregate",
                  "Strategy": "Sorted",
                  "Partial Mode": "Simple",
                  "Parent Relationship": "Inner",
                  "Parallel Aware": false,
                  "Startup Cost": 77730498.11,
                  "Total Cost": 123882549.49,
                  "Plan Rows": 123072137,
                  "Plan Width": 148,
                  "Actual Startup Time": 0.275,
                  "Actual Total Time": 0.279,
                  "Actual Rows": 0,
                  "Actual Loops": 1,
                  "Group Key": ["((date_trunc('month'::text, data_record.reported))::date)", "((raw_contacts_2.doc ->> '_id'::text))"],
                  "Shared Hit Blocks": 0,
                  "Shared Read Blocks": 1,
                  "Shared Dirtied Blocks": 0,
                  "Shared Written Blocks": 0,
                  "Local Hit Blocks": 0,
                  "Local Read Blocks": 0,
                  "Local Dirtied Blocks": 0,
                  "Local Written Blocks": 0,
                  "Temp Read Blocks": 0,
                  "Temp Written Blocks": 0,
                  "Plans": [
                    {
                      "Node Type": "Sort",
                      "Parent Relationship": "Outer",
                      "Parallel Aware": false,
                      "Startup Cost": 77730498.11,
                      "Total Cost": 78038178.46,
                      "Plan Rows": 123072137,
                      "Plan Width": 242,
                      "Actual Startup Time": 0.274,
                      "Actual Total Time": 0.277,
                      "Actual Rows": 0,
                      "Actual Loops": 1,
                      "Sort Key": ["((date_trunc('month'::text, data_record.reported))::date)", "((raw_contacts_2.doc ->> '_id'::text))"],
                      "Sort Method": "quicksort",
                      "Sort Space Used": 25,
                      "Sort Space Type": "Memory",
                      "Shared Hit Blocks": 0,
                      "Shared Read Blocks": 1,
                      "Shared Dirtied Blocks": 0,
                      "Shared Written Blocks": 0,
                      "Local Hit Blocks": 0,
                      "Local Read Blocks": 0,
                      "Local Dirtied Blocks": 0,
                      "Local Written Blocks": 0,
                      "Temp Read Blocks": 0,
                      "Temp Written Blocks": 0,
                      "Plans": [
                        {
                          "Node Type": "Hash Join",
                          "Parent Relationship": "Outer",
                          "Parallel Aware": false,
                          "Join Type": "Inner",
                          "Startup Cost": 691395.56,
                          "Total Cost": 3983403.43,
                          "Plan Rows": 123072137,
                          "Plan Width": 242,
                          "Actual Startup Time": 0.267,
                          "Actual Total Time": 0.270,
                          "Actual Rows": 0,
                          "Actual Loops": 1,
                          "Inner Unique": false,
                          "Hash Cond": "((data_record.doc #>> '{contact,_id}'::text[]) = chw_1.uuid)",
                          "Shared Hit Blocks": 0,
                          "Shared Read Blocks": 1,
                          "Shared Dirtied Blocks": 0,
                          "Shared Written Blocks": 0,
                          "Local Hit Blocks": 0,
                          "Local Read Blocks": 0,
                          "Local Dirtied Blocks": 0,
                          "Local Written Blocks": 0,
                          "Temp Read Blocks": 0,
                          "Temp Written Blocks": 0,
                          "Plans": [
                            {
                              "Node Type": "Hash Join",
                              "Parent Relationship": "Outer",
                              "Parallel Aware": false,
                              "Join Type": "Left",
                              "Startup Cost": 382937.61,
                              "Total Cost": 433909.85,
                              "Plan Rows": 86772,
                              "Plan Width": 206,
                              "Actual Startup Time": 0.000,
                              "Actual Total Time": 0.000,
                              "Actual Rows": 0,
                              "Actual Loops": 0,
                              "Inner Unique": true,
                              "Hash Cond": "((data_record.doc ->> '_id'::text) = follow_up.form_source_id)",
                              "Shared Hit Blocks": 0,
                              "Shared Read Blocks": 0,
                              "Shared Dirtied Blocks": 0,
                              "Shared Written Blocks": 0,
                              "Local Hit Blocks": 0,
                              "Local Read Blocks": 0,
                              "Local Dirtied Blocks": 0,
                              "Local Written Blocks": 0,
                              "Temp Read Blocks": 0,
                              "Temp Written Blocks": 0,
                              "Plans": [
                                {
                                  "Node Type": "Bitmap Heap Scan",
                                  "Parent Relationship": "Outer",
                                  "Parallel Aware": false,
                                  "Relation Name": "data_record",
                                  "Alias": "data_record",
                                  "Startup Cost": 8386.07,
                                  "Total Cost": 59114.37,
                                  "Plan Rows": 86772,
                                  "Plan Width": 166,
                                  "Actual Startup Time": 0.000,
                                  "Actual Total Time": 0.000,
                                  "Actual Rows": 0,
                                  "Actual Loops": 0,
                                  "Recheck Cond": "(form = 'assessment'::text)",
                                  "Rows Removed by Index Recheck": 0,
                                  "Filter": "(CASE WHEN (((doc #>> '{fields,patient_age_in_years}'::text[]) = ''::text) OR ((doc #>> '{fields,patient_age_in_years}'::text[]) ~ 'NaN'::text)) THEN 99 ELSE ((doc #>> '{fields,patient_age_in_years}'::text[]))::integer END < 5)",
                                  "Rows Removed by Filter": 0,
                                  "Exact Heap Blocks": 0,
                                  "Lossy Heap Blocks": 0,
                                  "Shared Hit Blocks": 0,
                                  "Shared Read Blocks": 0,
                                  "Shared Dirtied Blocks": 0,
                                  "Shared Written Blocks": 0,
                                  "Local Hit Blocks": 0,
                                  "Local Read Blocks": 0,
                                  "Local Dirtied Blocks": 0,
                                  "Local Written Blocks": 0,
                                  "Temp Read Blocks": 0,
                                  "Temp Written Blocks": 0,
                                  "Plans": [
                                    {
                                      "Node Type": "Bitmap Index Scan",
                                      "Parent Relationship": "Outer",
                                      "Parallel Aware": false,
                                      "Index Name": "fc41cda851af962dd45beccbc94bb88f",
                                      "Startup Cost": 0.00,
                                      "Total Cost": 8364.38,
                                      "Plan Rows": 260317,
                                      "Plan Width": 0,
                                      "Actual Startup Time": 0.000,
                                      "Actual Total Time": 0.000,
                                      "Actual Rows": 0,
                                      "Actual Loops": 0,
                                      "Index Cond": "(form = 'assessment'::text)",
                                      "Shared Hit Blocks": 0,
                                      "Shared Read Blocks": 0,
                                      "Shared Dirtied Blocks": 0,
                                      "Shared Written Blocks": 0,
                                      "Local Hit Blocks": 0,
                                      "Local Read Blocks": 0,
                                      "Local Dirtied Blocks": 0,
                                      "Local Written Blocks": 0,
                                      "Temp Read Blocks": 0,
                                      "Temp Written Blocks": 0
                                    }
                                  ]
                                },
                                {
                                  "Node Type": "Hash",
                                  "Parent Relationship": "Inner",
                                  "Parallel Aware": false,
                                  "Startup Cost": 374551.53,
                                  "Total Cost": 374551.53,
                                  "Plan Rows": 1,
                                  "Plan Width": 72,
                                  "Actual Startup Time": 0.000,
                                  "Actual Total Time": 0.000,
                                  "Actual Rows": 0,
                                  "Actual Loops": 0,
                                  "Shared Hit Blocks": 0,
                                  "Shared Read Blocks": 0,
                                  "Shared Dirtied Blocks": 0,
                                  "Shared Written Blocks": 0,
                                  "Local Hit Blocks": 0,
                                  "Local Read Blocks": 0,
                                  "Local Dirtied Blocks": 0,
                                  "Local Written Blocks": 0,
                                  "Temp Read Blocks": 0,
                                  "Temp Written Blocks": 0,
                                  "Plans": [
                                    {
                                      "Node Type": "Subquery Scan",
                                      "Parent Relationship": "Outer",
                                      "Parallel Aware": false,
                                      "Alias": "follow_up",
                                      "Startup Cost": 374551.51,
                                      "Total Cost": 374551.53,
                                      "Plan Rows": 1,
                                      "Plan Width": 72,
                                      "Actual Startup Time": 0.000,
                                      "Actual Total Time": 0.000,
                                      "Actual Rows": 0,
                                      "Actual Loops": 0,
                                      "Shared Hit Blocks": 0,
                                      "Shared Read Blocks": 0,
                                      "Shared Dirtied Blocks": 0,
                                      "Shared Written Blocks": 0,
                                      "Local Hit Blocks": 0,
                                      "Local Read Blocks": 0,
                                      "Local Dirtied Blocks": 0,
                                      "Local Written Blocks": 0,
                                      "Temp Read Blocks": 0,
                                      "Temp Written Blocks": 0,
                                      "Plans": [
                                        {
                                          "Node Type": "Unique",
                                          "Parent Relationship": "Subquery",
                                          "Parallel Aware": false,
                                          "Startup Cost": 374551.51,
                                          "Total Cost": 374551.52,
                                          "Plan Rows": 1,
                                          "Plan Width": 72,
                                          "Actual Startup Time": 0.000,
                                          "Actual Total Time": 0.000,
                                          "Actual Rows": 0,
                                          "Actual Loops": 0,
                                          "Shared Hit Blocks": 0,
                                          "Shared Read Blocks": 0,
                                          "Shared Dirtied Blocks": 0,
                                          "Shared Written Blocks": 0,
                                          "Local Hit Blocks": 0,
                                          "Local Read Blocks": 0,
                                          "Local Dirtied Blocks": 0,
                                          "Local Written Blocks": 0,
                                          "Temp Read Blocks": 0,
                                          "Temp Written Blocks": 0,
                                          "Plans": [
                                            {
                                              "Node Type": "Sort",
                                              "Parent Relationship": "Outer",
                                              "Parallel Aware": false,
                                              "Startup Cost": 374551.51,
                                              "Total Cost": 374551.51,
                                              "Plan Rows": 1,
                                              "Plan Width": 72,
                                              "Actual Startup Time": 0.000,
                                              "Actual Total Time": 0.000,
                                              "Actual Rows": 0,
                                              "Actual Loops": 0,
                                              "Sort Key": ["(COALESCE((form_1.doc #>> '{fields,form_source_id}'::text[]), ''::text))", "(to_timestamp((((NULLIF((form_1.doc ->> 'reported_date'::text), ''::text))::bigint / 1000))::double precision))"],
                                              "Shared Hit Blocks": 0,
                                              "Shared Read Blocks": 0,
                                              "Shared Dirtied Blocks": 0,
                                              "Shared Written Blocks": 0,
                                              "Local Hit Blocks": 0,
                                              "Local Read Blocks": 0,
                                              "Local Dirtied Blocks": 0,
                                              "Local Written Blocks": 0,
                                              "Temp Read Blocks": 0,
                                              "Temp Written Blocks": 0,
                                              "Plans": [
                                                {
                                                  "Node Type": "Gather",
                                                  "Parent Relationship": "Outer",
                                                  "Parallel Aware": false,
                                                  "Startup Cost": 1000.00,
                                                  "Total Cost": 374551.50,
                                                  "Plan Rows": 1,
                                                  "Plan Width": 72,
                                                  "Actual Startup Time": 0.000,
                                                  "Actual Total Time": 0.000,
                                                  "Actual Rows": 0,
                                                  "Actual Loops": 0,
                                                  "Workers Planned": 2,
                                                  "Workers Launched": 0,
                                                  "Single Copy": false,
                                                  "Shared Hit Blocks": 0,
                                                  "Shared Read Blocks": 0,
                                                  "Shared Dirtied Blocks": 0,
                                                  "Shared Written Blocks": 0,
                                                  "Local Hit Blocks": 0,
                                                  "Local Read Blocks": 0,
                                                  "Local Dirtied Blocks": 0,
                                                  "Local Written Blocks": 0,
                                                  "Temp Read Blocks": 0,
                                                  "Temp Written Blocks": 0,
                                                  "Plans": [
                                                    {
                                                      "Node Type": "Seq Scan",
                                                      "Parent Relationship": "Outer",
                                                      "Parallel Aware": true,
                                                      "Relation Name": "couchdb",
                                                      "Alias": "form_1",
                                                      "Startup Cost": 0.00,
                                                      "Total Cost": 373551.40,
                                                      "Plan Rows": 1,
                                                      "Plan Width": 72,
                                                      "Actual Startup Time": 0.000,
                                                      "Actual Total Time": 0.000,
                                                      "Actual Rows": 0,
                                                      "Actual Loops": 0,
                                                      "Filter": "((COALESCE((doc #>> '{fields,form_source_id}'::text[]), ''::text) IS NOT NULL) AND (COALESCE((doc #>> '{fields,form_source_id}'::text[]), ''::text) <> ''::text) AND ((doc ->> 'type'::text) = 'data_record'::text) AND ((doc ->> 'form'::text) = 'assessment_follow_up'::text) AND ((doc #>> '{fields,follow_up_count}'::text[]) = '1'::text))",
                                                      "Rows Removed by Filter": 0,
                                                      "Shared Hit Blocks": 0,
                                                      "Shared Read Blocks": 0,
                                                      "Shared Dirtied Blocks": 0,
                                                      "Shared Written Blocks": 0,
                                                      "Local Hit Blocks": 0,
                                                      "Local Read Blocks": 0,
                                                      "Local Dirtied Blocks": 0,
                                                      "Local Written Blocks": 0,
                                                      "Temp Read Blocks": 0,
                                                      "Temp Written Blocks": 0
                                                    }
                                                  ]
                                                }
                                              ]
                                            }
                                          ]
                                        }
                                      ]
                                    }
                                  ]
                                }
                              ]
                            },
                            {
                              "Node Type": "Hash",
                              "Parent Relationship": "Inner",
                              "Parallel Aware": false,
                              "Startup Cost": 248400.15,
                              "Total Cost": 248400.15,
                              "Plan Rows": 283664,
                              "Plan Width": 1606,
                              "Actual Startup Time": 0.259,
                              "Actual Total Time": 0.260,
                              "Actual Rows": 0,
                              "Actual Loops": 1,
                              "Hash Buckets": 4096,
                              "Original Hash Buckets": 4096,
                              "Hash Batches": 128,
                              "Original Hash Batches": 128,
                              "Peak Memory Usage": 32,
                              "Shared Hit Blocks": 0,
                              "Shared Read Blocks": 1,
                              "Shared Dirtied Blocks": 0,
                              "Shared Written Blocks": 0,
                              "Local Hit Blocks": 0,
                              "Local Read Blocks": 0,
                              "Local Dirtied Blocks": 0,
                              "Local Written Blocks": 0,
                              "Temp Read Blocks": 0,
                              "Temp Written Blocks": 0,
                              "Plans": [
                                {
                                  "Node Type": "Hash Join",
                                  "Parent Relationship": "Outer",
                                  "Parallel Aware": false,
                                  "Join Type": "Inner",
                                  "Startup Cost": 11.35,
                                  "Total Cost": 248400.15,
                                  "Plan Rows": 283664,
                                  "Plan Width": 1606,
                                  "Actual Startup Time": 0.258,
                                  "Actual Total Time": 0.259,
                                  "Actual Rows": 0,
                                  "Actual Loops": 1,
                                  "Inner Unique": false,
                                  "Hash Cond": "((raw_contacts_2.doc ->> '_id'::text) = chw_1.branch_uuid)",
                                  "Shared Hit Blocks": 0,
                                  "Shared Read Blocks": 1,
                                  "Shared Dirtied Blocks": 0,
                                  "Shared Written Blocks": 0,
                                  "Local Hit Blocks": 0,
                                  "Local Read Blocks": 0,
                                  "Local Dirtied Blocks": 0,
                                  "Local Written Blocks": 0,
                                  "Temp Read Blocks": 0,
                                  "Temp Written Blocks": 0,
                                  "Plans": [
                                    {
                                      "Node Type": "Seq Scan",
                                      "Parent Relationship": "Outer",
                                      "Parallel Aware": false,
                                      "Relation Name": "raw_contacts",
                                      "Alias": "raw_contacts_2",
                                      "Startup Cost": 0.00,
                                      "Total Cost": 240824.44,
                                      "Plan Rows": 945545,
                                      "Plan Width": 1574,
                                      "Actual Startup Time": 0.247,
                                      "Actual Total Time": 0.247,
                                      "Actual Rows": 1,
                                      "Actual Loops": 1,
                                      "Filter": "(((doc ->> 'name'::text) <> 'HQ'::text) AND ((doc ->> 'name'::text) <> 'HQ OVC'::text))",
                                      "Rows Removed by Filter": 0,
                                      "Shared Hit Blocks": 0,
                                      "Shared Read Blocks": 1,
                                      "Shared Dirtied Blocks": 0,
                                      "Shared Written Blocks": 0,
                                      "Local Hit Blocks": 0,
                                      "Local Read Blocks": 0,
                                      "Local Dirtied Blocks": 0,
                                      "Local Written Blocks": 0,
                                      "Temp Read Blocks": 0,
                                      "Temp Written Blocks": 0
                                    },
                                    {
                                      "Node Type": "Hash",
                                      "Parent Relationship": "Inner",
                                      "Parallel Aware": false,
                                      "Startup Cost": 10.60,
                                      "Total Cost": 10.60,
                                      "Plan Rows": 60,
                                      "Plan Width": 64,
                                      "Actual Startup Time": 0.003,
                                      "Actual Total Time": 0.003,
                                      "Actual Rows": 0,
                                      "Actual Loops": 1,
                                      "Hash Buckets": 1024,
                                      "Original Hash Buckets": 1024,
                                      "Hash Batches": 1,
                                      "Original Hash Batches": 1,
                                      "Peak Memory Usage": 8,
                                      "Shared Hit Blocks": 0,
                                      "Shared Read Blocks": 0,
                                      "Shared Dirtied Blocks": 0,
                                      "Shared Written Blocks": 0,
                                      "Local Hit Blocks": 0,
                                      "Local Read Blocks": 0,
                                      "Local Dirtied Blocks": 0,
                                      "Local Written Blocks": 0,
                                      "Temp Read Blocks": 0,
                                      "Temp Written Blocks": 0,
                                      "Plans": [
                                        {
                                          "Node Type": "Seq Scan",
                                          "Parent Relationship": "Outer",
                                          "Parallel Aware": false,
                                          "Relation Name": "contactview_chp",
                                          "Alias": "chw_1",
                                          "Startup Cost": 0.00,
                                          "Total Cost": 10.60,
                                          "Plan Rows": 60,
                                          "Plan Width": 64,
                                          "Actual Startup Time": 0.002,
                                          "Actual Total Time": 0.002,
                                          "Actual Rows": 0,
                                          "Actual Loops": 1,
                                          "Shared Hit Blocks": 0,
                                          "Shared Read Blocks": 0,
                                          "Shared Dirtied Blocks": 0,
                                          "Shared Written Blocks": 0,
                                          "Local Hit Blocks": 0,
                                          "Local Read Blocks": 0,
                                          "Local Dirtied Blocks": 0,
                                          "Local Written Blocks": 0,
                                          "Temp Read Blocks": 0,
                                          "Temp Written Blocks": 0
                                        }
                                      ]
                                    }
                                  ]
                                }
                              ]
                            }
                          ]
                        }
                      ]
                    }
                  ]
                }
              ]
            }
          ]
        }
      ]
    },
    "Planning": {
      "Shared Hit Blocks": 644,
      "Shared Read Blocks": 38,
      "Shared Dirtied Blocks": 0,
      "Shared Written Blocks": 0,
      "Local Hit Blocks": 0,
      "Local Read Blocks": 0,
      "Local Dirtied Blocks": 0,
      "Local Written Blocks": 0,
      "Temp Read Blocks": 0,
      "Temp Written Blocks": 0
    },
    "Planning Time": 7.854,
    "Triggers": [
    ],
    "JIT": {
      "Functions": 160,
      "Options": {
        "Inlining": true,
        "Optimization": true,
        "Expressions": true,
        "Deforming": true
      },
      "Timing": {
        "Generation": 9.259,
        "Inlining": 164.408,
        "Optimization": 652.900,
        "Emission": 475.541,
        "Total": 1302.108
      }
    },
    "Execution Time": 7428.655
  }
]
