[
  {
    "Plan": {
      "Node Type": "Limit",
      "Parallel Aware": false,
      "Startup Cost": 1000.00,
      "Total Cost": 52282.37,
      "Plan Rows": 10,
      "Plan Width": 656,
      "Actual Startup Time": 20687.426,
      "Actual Total Time": 20693.088,
      "Actual Rows": 0,
      "Actual Loops": 1,
      "Shared Hit Blocks": 7271981,
      "Shared Read Blocks": 733698,
      "Shared Dirtied Blocks": 0,
      "Shared Written Blocks": 0,
      "Local Hit Blocks": 0,
      "Local Read Blocks": 0,
      "Local Dirtied Blocks": 0,
      "Local Written Blocks": 0,
      "Temp Read Blocks": 0,
      "Temp Written Blocks": 0,
      "Plans": [
        {
          "Node Type": "Gather",
          "Parent Relationship": "Outer",
          "Parallel Aware": false,
          "Startup Cost": 1000.00,
          "Total Cost": 359976.61,
          "Plan Rows": 70,
          "Plan Width": 656,
          "Actual Startup Time": 20687.424,
          "Actual Total Time": 20693.085,
          "Actual Rows": 0,
          "Actual Loops": 1,
          "Workers Planned": 2,
          "Workers Launched": 2,
          "Single Copy": false,
          "Shared Hit Blocks": 7271981,
          "Shared Read Blocks": 733698,
          "Shared Dirtied Blocks": 0,
          "Shared Written Blocks": 0,
          "Local Hit Blocks": 0,
          "Local Read Blocks": 0,
          "Local Dirtied Blocks": 0,
          "Local Written Blocks": 0,
          "Temp Read Blocks": 0,
          "Temp Written Blocks": 0,
          "Plans": [
            {
              "Node Type": "Seq Scan",
              "Parent Relationship": "Outer",
              "Parallel Aware": true,
              "Relation Name": "couchdb",
              "Alias": "couchdb",
              "Startup Cost": 0.00,
              "Total Cost": 358969.61,
              "Plan Rows": 29,
              "Plan Width": 656,
              "Actual Startup Time": 20683.843,
              "Actual Total Time": 20683.843,
              "Actual Rows": 0,
              "Actual Loops": 3,
              "Filter": "(((doc ->> 'type'::text) = 'data_record'::text) AND ((doc ->> 'form'::text) = 'covid_referral_follow_up'::text))",
              "Rows Removed by Filter": 935409,
              "Shared Hit Blocks": 7271981,
              "Shared Read Blocks": 733698,
              "Shared Dirtied Blocks": 0,
              "Shared Written Blocks": 0,
              "Local Hit Blocks": 0,
              "Local Read Blocks": 0,
              "Local Dirtied Blocks": 0,
              "Local Written Blocks": 0,
              "Temp Read Blocks": 0,
              "Temp Written Blocks": 0,
              "Workers": [
              ]
            }
          ]
        }
      ]
    },
    "Planning": {
      "Shared Hit Blocks": 102,
      "Shared Read Blocks": 40,
      "Shared Dirtied Blocks": 0,
      "Shared Written Blocks": 0,
      "Local Hit Blocks": 0,
      "Local Read Blocks": 0,
      "Local Dirtied Blocks": 0,
      "Local Written Blocks": 0,
      "Temp Read Blocks": 0,
      "Temp Written Blocks": 0
    },
    "Planning Time": 3.734,
    "Triggers": [
    ],
    "Execution Time": 20693.218
  }
]
