[
  {
    "Plan": {
      "Node Type": "Limit",
      "Parallel Aware": false,
      "Startup Cost": 0.00,
      "Total Cost": 274.81,
      "Plan Rows": 10,
      "Plan Width": 1352,
      "Actual Startup Time": 54775.986,
      "Actual Total Time": 518554.860,
      "Actual Rows": 10,
      "Actual Loops": 1,
      "Shared Hit Blocks": 190363313,
      "Shared Read Blocks": 4354934,
      "Shared Dirtied Blocks": 1530,
      "Shared Written Blocks": 1498,
      "Local Hit Blocks": 0,
      "Local Read Blocks": 0,
      "Local Dirtied Blocks": 0,
      "Local Written Blocks": 0,
      "Temp Read Blocks": 2568422,
      "Temp Written Blocks": 286085,
      "Plans": [
        {
          "Node Type": "Nested Loop",
          "Parent Relationship": "Outer",
          "Parallel Aware": false,
          "Join Type": "Left",
          "Startup Cost": 0.00,
          "Total Cost": 26932814.66,
          "Plan Rows": 980070,
          "Plan Width": 1352,
          "Actual Startup Time": 54775.985,
          "Actual Total Time": 518554.850,
          "Actual Rows": 10,
          "Actual Loops": 1,
          "Inner Unique": false,
          "Join Filter": "((patient.doc ->> '_id'::text) = (form.doc #>> '{fields,patient_id}'::text[]))",
          "Rows Removed by Join Filter": 28062275,
          "Shared Hit Blocks": 190363313,
          "Shared Read Blocks": 4354934,
          "Shared Dirtied Blocks": 1530,
          "Shared Written Blocks": 1498,
          "Local Hit Blocks": 0,
          "Local Read Blocks": 0,
          "Local Dirtied Blocks": 0,
          "Local Written Blocks": 0,
          "Temp Read Blocks": 2568422,
          "Temp Written Blocks": 286085,
          "Plans": [
            {
              "Node Type": "Nested Loop",
              "Parent Relationship": "Outer",
              "Parallel Aware": false,
              "Join Type": "Inner",
              "Startup Cost": 0.00,
              "Total Cost": 2403140.19,
              "Plan Rows": 70,
              "Plan Width": 809,
              "Actual Startup Time": 2.990,
              "Actual Total Time": 61330.889,
              "Actual Rows": 10,
              "Actual Loops": 1,
              "Inner Unique": false,
              "Join Filter": "((form.doc ->> '_id'::text) = fm.uuid)",
              "Rows Removed by Join Filter": 9952648,
              "Shared Hit Blocks": 40916784,
              "Shared Read Blocks": 38279,
              "Shared Dirtied Blocks": 1530,
              "Shared Written Blocks": 1498,
              "Local Hit Blocks": 0,
              "Local Read Blocks": 0,
              "Local Dirtied Blocks": 0,
              "Local Written Blocks": 0,
              "Temp Read Blocks": 50762,
              "Temp Written Blocks": 6345,
              "Plans": [
                {
                  "Node Type": "Seq Scan",
                  "Parent Relationship": "Outer",
                  "Parallel Aware": false,
                  "Relation Name": "couchdb",
                  "Alias": "form",
                  "Startup Cost": 0.00,
                  "Total Cost": 391636.00,
                  "Plan Rows": 70,
                  "Plan Width": 809,
                  "Actual Startup Time": 0.285,
                  "Actual Total Time": 17.400,
                  "Actual Rows": 10,
                  "Actual Loops": 1,
                  "Filter": "(((doc ->> 'type'::text) = 'data_record'::text) AND ((doc ->> 'form'::text) = 'assessment_follow_up'::text))",
                  "Rows Removed by Filter": 292,
                  "Shared Hit Blocks": 320,
                  "Shared Read Blocks": 59,
                  "Shared Dirtied Blocks": 0,
                  "Shared Written Blocks": 0,
                  "Local Hit Blocks": 0,
                  "Local Read Blocks": 0,
                  "Local Dirtied Blocks": 0,
                  "Local Written Blocks": 0,
                  "Temp Read Blocks": 0,
                  "Temp Written Blocks": 0
                },
                {
                  "Node Type": "Materialize",
                  "Parent Relationship": "Inner",
                  "Parallel Aware": false,
                  "Startup Cost": 0.00,
                  "Total Cost": 63448.67,
                  "Plan Rows": 1105845,
                  "Plan Width": 37,
                  "Actual Startup Time": 0.183,
                  "Actual Total Time": 196.009,
                  "Actual Rows": 995266,
                  "Actual Loops": 10,
                  "Shared Hit Blocks": 1,
                  "Shared Read Blocks": 38220,
                  "Shared Dirtied Blocks": 1530,
                  "Shared Written Blocks": 1498,
                  "Local Hit Blocks": 0,
                  "Local Read Blocks": 0,
                  "Local Dirtied Blocks": 0,
                  "Local Written Blocks": 0,
                  "Temp Read Blocks": 50762,
                  "Temp Written Blocks": 6345,
                  "Plans": [
                    {
                      "Node Type": "Seq Scan",
                      "Parent Relationship": "Outer",
                      "Parallel Aware": false,
                      "Relation Name": "form_metadata",
                      "Alias": "fm",
                      "Startup Cost": 0.00,
                      "Total Cost": 49279.45,
                      "Plan Rows": 1105845,
                      "Plan Width": 37,
                      "Actual Startup Time": 0.009,
                      "Actual Total Time": 678.257,
                      "Actual Rows": 1105831,
                      "Actual Loops": 1,
                      "Shared Hit Blocks": 1,
                      "Shared Read Blocks": 38220,
                      "Shared Dirtied Blocks": 1530,
                      "Shared Written Blocks": 1498,
                      "Local Hit Blocks": 0,
                      "Local Read Blocks": 0,
                      "Local Dirtied Blocks": 0,
                      "Local Written Blocks": 0,
                      "Temp Read Blocks": 0,
                      "Temp Written Blocks": 0
                    }
                  ]
                }
              ]
            },
            {
              "Node Type": "Materialize",
              "Parent Relationship": "Inner",
              "Parallel Aware": false,
              "Startup Cost": 0.00,
              "Total Cost": 664765.00,
              "Plan Rows": 2800200,
              "Plan Width": 809,
              "Actual Startup Time": 0.096,
              "Actual Total Time": 2280.949,
              "Actual Rows": 2806228,
              "Actual Loops": 10,
              "Shared Hit Blocks": 2,
              "Shared Read Blocks": 335630,
              "Shared Dirtied Blocks": 0,
              "Shared Written Blocks": 0,
              "Local Hit Blocks": 0,
              "Local Read Blocks": 0,
              "Local Dirtied Blocks": 0,
              "Local Written Blocks": 0,
              "Temp Read Blocks": 2517660,
              "Temp Written Blocks": 279740,
              "Plans": [
                {
                  "Node Type": "Seq Scan",
                  "Parent Relationship": "Outer",
                  "Parallel Aware": false,
                  "Relation Name": "couchdb",
                  "Alias": "patient",
                  "Startup Cost": 0.00,
                  "Total Cost": 363634.00,
                  "Plan Rows": 2800200,
                  "Plan Width": 809,
                  "Actual Startup Time": 0.001,
                  "Actual Total Time": 2581.451,
                  "Actual Rows": 2806228,
                  "Actual Loops": 1,
                  "Shared Hit Blocks": 2,
                  "Shared Read Blocks": 335630,
                  "Shared Dirtied Blocks": 0,
                  "Shared Written Blocks": 0,
                  "Local Hit Blocks": 0,
                  "Local Read Blocks": 0,
                  "Local Dirtied Blocks": 0,
                  "Local Written Blocks": 0,
                  "Temp Read Blocks": 0,
                  "Temp Written Blocks": 0
                }
              ]
            }
          ]
        }
      ]
    },
    "Planning": {
      "Shared Hit Blocks": 246,
      "Shared Read Blocks": 54,
      "Shared Dirtied Blocks": 0,
      "Shared Written Blocks": 0,
      "Local Hit Blocks": 0,
      "Local Read Blocks": 0,
      "Local Dirtied Blocks": 0,
      "Local Written Blocks": 0,
      "Temp Read Blocks": 0,
      "Temp Written Blocks": 0
    },
    "Planning Time": 4.625,
    "Triggers": [
    ],
    "Execution Time": 518601.077
  }
]
