[
  {
    "Plan": {
      "Node Type": "Limit",
      "Parallel Aware": false,
      "Startup Cost": 2000.00,
      "Total Cost": 734578.97,
      "Plan Rows": 2,
      "Plan Width": 356,
      "Actual Startup Time": 20239.107,
      "Actual Total Time": 20257.657,
      "Actual Rows": 0,
      "Actual Loops": 1,
      "Shared Hit Blocks": 7272007,
      "Shared Read Blocks": 733672,
      "Shared Dirtied Blocks": 0,
      "Shared Written Blocks": 0,
      "Local Hit Blocks": 0,
      "Local Read Blocks": 0,
      "Local Dirtied Blocks": 0,
      "Local Written Blocks": 0,
      "Temp Read Blocks": 0,
      "Temp Written Blocks": 0,
      "Plans": [
        {
          "Node Type": "Nested Loop",
          "Parent Relationship": "Outer",
          "Parallel Aware": false,
          "Join Type": "Left",
          "Startup Cost": 2000.00,
          "Total Cost": 734578.97,
          "Plan Rows": 2,
          "Plan Width": 356,
          "Actual Startup Time": 20021.473,
          "Actual Total Time": 20040.023,
          "Actual Rows": 0,
          "Actual Loops": 1,
          "Inner Unique": false,
          "Join Filter": "(((form.doc #>> '{fields,patient_id}'::text[]) = (form_1.doc #>> '{fields,patient_id}'::text[])) AND (NULLIF((form_1.doc #>> '{fields,inputs,source_id}'::text[]), ''::text) = (form.doc ->> '_id'::text)))",
          "Rows Removed by Join Filter": 0,
          "Shared Hit Blocks": 7272007,
          "Shared Read Blocks": 733672,
          "Shared Dirtied Blocks": 0,
          "Shared Written Blocks": 0,
          "Local Hit Blocks": 0,
          "Local Read Blocks": 0,
          "Local Dirtied Blocks": 0,
          "Local Written Blocks": 0,
          "Temp Read Blocks": 0,
          "Temp Written Blocks": 0,
          "Plans": [
            {
              "Node Type": "Gather",
              "Parent Relationship": "Outer",
              "Parallel Aware": false,
              "Startup Cost": 1000.00,
              "Total Cost": 370176.26,
              "Plan Rows": 2,
              "Plan Width": 809,
              "Actual Startup Time": 20021.472,
              "Actual Total Time": 20040.019,
              "Actual Rows": 0,
              "Actual Loops": 1,
              "Workers Planned": 2,
              "Workers Launched": 2,
              "Single Copy": false,
              "Shared Hit Blocks": 7272007,
              "Shared Read Blocks": 733672,
              "Shared Dirtied Blocks": 0,
              "Shared Written Blocks": 0,
              "Local Hit Blocks": 0,
              "Local Read Blocks": 0,
              "Local Dirtied Blocks": 0,
              "Local Written Blocks": 0,
              "Temp Read Blocks": 0,
              "Temp Written Blocks": 0,
              "Plans": [
                {
                  "Node Type": "Seq Scan",
                  "Parent Relationship": "Outer",
                  "Parallel Aware": true,
                  "Relation Name": "couchdb",
                  "Alias": "form",
                  "Startup Cost": 0.00,
                  "Total Cost": 369176.06,
                  "Plan Rows": 1,
                  "Plan Width": 809,
                  "Actual Startup Time": 20007.158,
                  "Actual Total Time": 20007.158,
                  "Actual Rows": 0,
                  "Actual Loops": 3,
                  "Filter": "(((doc ->> 'type'::text) = 'data_record'::text) AND ((doc #>> '{fields,is_referral_case}'::text[]) = 'true'::text) AND ((doc ->> 'form'::text) = ANY ('{family_planning,fp_follow_up_long_term,fp_follow_up_refill,fp_follow_up_prospective,fp_follow_up_short_term}'::text[])))",
                  "Rows Removed by Filter": 935409,
                  "Shared Hit Blocks": 7272007,
                  "Shared Read Blocks": 733672,
                  "Shared Dirtied Blocks": 0,
                  "Shared Written Blocks": 0,
                  "Local Hit Blocks": 0,
                  "Local Read Blocks": 0,
                  "Local Dirtied Blocks": 0,
                  "Local Written Blocks": 0,
                  "Temp Read Blocks": 0,
                  "Temp Written Blocks": 0,
                  "Workers": [
                  ]
                }
              ]
            },
            {
              "Node Type": "Materialize",
              "Parent Relationship": "Inner",
              "Parallel Aware": false,
              "Startup Cost": 1000.00,
              "Total Cost": 364382.34,
              "Plan Rows": 350,
              "Plan Width": 849,
              "Actual Startup Time": 0.000,
              "Actual Total Time": 0.000,
              "Actual Rows": 0,
              "Actual Loops": 0,
              "Shared Hit Blocks": 0,
              "Shared Read Blocks": 0,
              "Shared Dirtied Blocks": 0,
              "Shared Written Blocks": 0,
              "Local Hit Blocks": 0,
              "Local Read Blocks": 0,
              "Local Dirtied Blocks": 0,
              "Local Written Blocks": 0,
              "Temp Read Blocks": 0,
              "Temp Written Blocks": 0,
              "Plans": [
                {
                  "Node Type": "Gather",
                  "Parent Relationship": "Outer",
                  "Parallel Aware": false,
                  "Startup Cost": 1000.00,
                  "Total Cost": 364380.59,
                  "Plan Rows": 350,
                  "Plan Width": 849,
                  "Actual Startup Time": 0.000,
                  "Actual Total Time": 0.000,
                  "Actual Rows": 0,
                  "Actual Loops": 0,
                  "Workers Planned": 2,
                  "Workers Launched": 0,
                  "Single Copy": false,
                  "Shared Hit Blocks": 0,
                  "Shared Read Blocks": 0,
                  "Shared Dirtied Blocks": 0,
                  "Shared Written Blocks": 0,
                  "Local Hit Blocks": 0,
                  "Local Read Blocks": 0,
                  "Local Dirtied Blocks": 0,
                  "Local Written Blocks": 0,
                  "Temp Read Blocks": 0,
                  "Temp Written Blocks": 0,
                  "Plans": [
                    {
                      "Node Type": "Seq Scan",
                      "Parent Relationship": "Outer",
                      "Parallel Aware": true,
                      "Relation Name": "couchdb",
                      "Alias": "form_1",
                      "Startup Cost": 0.00,
                      "Total Cost": 363345.59,
                      "Plan Rows": 146,
                      "Plan Width": 849,
                      "Actual Startup Time": 0.000,
                      "Actual Total Time": 0.000,
                      "Actual Rows": 0,
                      "Actual Loops": 0,
                      "Filter": "(((doc ->> 'type'::text) = 'data_record'::text) AND ((doc ->> 'form'::text) = ANY ('{family_planning,fp_follow_up_long_term,fp_follow_up_refill,fp_follow_up_prospective,fp_follow_up_short_term}'::text[])))",
                      "Rows Removed by Filter": 0,
                      "Shared Hit Blocks": 0,
                      "Shared Read Blocks": 0,
                      "Shared Dirtied Blocks": 0,
                      "Shared Written Blocks": 0,
                      "Local Hit Blocks": 0,
                      "Local Read Blocks": 0,
                      "Local Dirtied Blocks": 0,
                      "Local Written Blocks": 0,
                      "Temp Read Blocks": 0,
                      "Temp Written Blocks": 0
                    }
                  ]
                }
              ]
            }
          ]
        }
      ]
    },
    "Planning": {
      "Shared Hit Blocks": 205,
      "Shared Read Blocks": 2,
      "Shared Dirtied Blocks": 0,
      "Shared Written Blocks": 0,
      "Local Hit Blocks": 0,
      "Local Read Blocks": 0,
      "Local Dirtied Blocks": 0,
      "Local Written Blocks": 0,
      "Temp Read Blocks": 0,
      "Temp Written Blocks": 0
    },
    "Planning Time": 0.786,
    "Triggers": [
    ],
    "JIT": {
      "Functions": 21,
      "Options": {
        "Inlining": true,
        "Optimization": true,
        "Expressions": true,
        "Deforming": true
      },
      "Timing": {
        "Generation": 1.828,
        "Inlining": 133.700,
        "Optimization": 196.684,
        "Emission": 141.136,
        "Total": 473.349
      }
    },
    "Execution Time": 20271.476
  }
]
