[
  {
    "Plan": {
      "Node Type": "Limit",
      "Parallel Aware": false,
      "Startup Cost": 1492960.07,
      "Total Cost": 1492962.65,
      "Plan Rows": 10,
      "Plan Width": 72,
      "Actual Startup Time": 108114.286,
      "Actual Total Time": 108181.364,
      "Actual Rows": 10,
      "Actual Loops": 1,
      "Shared Hit Blocks": 26841684,
      "Shared Read Blocks": 3033813,
      "Shared Dirtied Blocks": 0,
      "Shared Written Blocks": 0,
      "Local Hit Blocks": 0,
      "Local Read Blocks": 0,
      "Local Dirtied Blocks": 0,
      "Local Written Blocks": 0,
      "Temp Read Blocks": 198154,
      "Temp Written Blocks": 224308,
      "Plans": [
        {
          "Node Type": "Group",
          "Parent Relationship": "Outer",
          "Parallel Aware": false,
          "Startup Cost": 1492960.07,
          "Total Cost": 1517644.78,
          "Plan Rows": 99395,
          "Plan Width": 72,
          "Actual Startup Time": 107684.476,
          "Actual Total Time": 107751.552,
          "Actual Rows": 10,
          "Actual Loops": 1,
          "Group Key": ["((to_timestamp((((couchdb.doc #>> '{reported_date}'::text[]))::double precision / '1000'::double precision)))::timestamp without time zone)", "((couchdb.doc #>> '{contact,parent,_id}'::text[]))", "(COALESCE((couchdb_1.doc #>> '{parent,_id}'::text[]), ''::text))"],
          "Shared Hit Blocks": 26841684,
          "Shared Read Blocks": 3033813,
          "Shared Dirtied Blocks": 0,
          "Shared Written Blocks": 0,
          "Local Hit Blocks": 0,
          "Local Read Blocks": 0,
          "Local Dirtied Blocks": 0,
          "Local Written Blocks": 0,
          "Temp Read Blocks": 198154,
          "Temp Written Blocks": 224308,
          "Plans": [
            {
              "Node Type": "Gather Merge",
              "Parent Relationship": "Outer",
              "Parallel Aware": false,
              "Startup Cost": 1492960.07,
              "Total Cost": 1516153.85,
              "Plan Rows": 198790,
              "Plan Width": 72,
              "Actual Startup Time": 107684.451,
              "Actual Total Time": 107751.521,
              "Actual Rows": 10,
              "Actual Loops": 1,
              "Workers Planned": 2,
              "Workers Launched": 2,
              "Shared Hit Blocks": 26841684,
              "Shared Read Blocks": 3033813,
              "Shared Dirtied Blocks": 0,
              "Shared Written Blocks": 0,
              "Local Hit Blocks": 0,
              "Local Read Blocks": 0,
              "Local Dirtied Blocks": 0,
              "Local Written Blocks": 0,
              "Temp Read Blocks": 198154,
              "Temp Written Blocks": 224308,
              "Plans": [
                {
                  "Node Type": "Sort",
                  "Parent Relationship": "Outer",
                  "Parallel Aware": false,
                  "Startup Cost": 1491960.04,
                  "Total Cost": 1492208.53,
                  "Plan Rows": 99395,
                  "Plan Width": 72,
                  "Actual Startup Time": 107483.473,
                  "Actual Total Time": 107483.527,
                  "Actual Rows": 369,
                  "Actual Loops": 3,
                  "Sort Key": ["((to_timestamp((((couchdb.doc #>> '{reported_date}'::text[]))::double precision / '1000'::double precision)))::timestamp without time zone)", "((couchdb.doc #>> '{contact,parent,_id}'::text[]))", "(COALESCE((couchdb_1.doc #>> '{parent,_id}'::text[]), ''::text))"],
                  "Sort Method": "external merge",
                  "Sort Space Used": 49760,
                  "Sort Space Type": "Disk",
                  "Shared Hit Blocks": 26841684,
                  "Shared Read Blocks": 3033813,
                  "Shared Dirtied Blocks": 0,
                  "Shared Written Blocks": 0,
                  "Local Hit Blocks": 0,
                  "Local Read Blocks": 0,
                  "Local Dirtied Blocks": 0,
                  "Local Written Blocks": 0,
                  "Temp Read Blocks": 198154,
                  "Temp Written Blocks": 224308,
                  "Workers": [
                    {
                      "Worker Number": 0,
                      "Sort Method": "external merge",
                      "Sort Space Used": 16752,
                      "Sort Space Type": "Disk"
                    },
                    {
                      "Worker Number": 1,
                      "Sort Method": "external merge",
                      "Sort Space Used": 39344,
                      "Sort Space Type": "Disk"
                    }
                  ],
                  "Plans": [
                    {
                      "Node Type": "Aggregate",
                      "Strategy": "Hashed",
                      "Partial Mode": "Partial",
                      "Parent Relationship": "Outer",
                      "Parallel Aware": false,
                      "Startup Cost": 1455342.76,
                      "Total Cost": 1479632.32,
                      "Plan Rows": 99395,
                      "Plan Width": 72,
                      "Actual Startup Time": 107073.259,
                      "Actual Total Time": 107306.204,
                      "Actual Rows": 400297,
                      "Actual Loops": 3,
                      "Group Key": ["((to_timestamp((((couchdb.doc #>> '{reported_date}'::text[]))::double precision / '1000'::double precision)))::timestamp without time zone)", "((couchdb.doc #>> '{contact,parent,_id}'::text[]))", "(COALESCE((couchdb_1.doc #>> '{parent,_id}'::text[]), ''::text))"],
                      "Planned Partitions": 8,
                      "HashAgg Batches": 73,
                      "Peak Memory Usage": 4185,
                      "Disk Usage": 56336,
                      "Shared Hit Blocks": 26841654,
                      "Shared Read Blocks": 3033813,
                      "Shared Dirtied Blocks": 0,
                      "Shared Written Blocks": 0,
                      "Local Hit Blocks": 0,
                      "Local Read Blocks": 0,
                      "Local Dirtied Blocks": 0,
                      "Local Written Blocks": 0,
                      "Temp Read Blocks": 192840,
                      "Temp Written Blocks": 207044,
                      "Workers": [
                        {
                          "Worker Number": 0,
                          "HashAgg Batches": 9,
                          "Peak Memory Usage": 4177,
                          "Disk Usage": 23096
                        },
                        {
                          "Worker Number": 1,
                          "HashAgg Batches": 49,
                          "Peak Memory Usage": 4177,
                          "Disk Usage": 47736
                        }
                      ],
                      "Plans": [
                        {
                          "Node Type": "Append",
                          "Parent Relationship": "Outer",
                          "Parallel Aware": true,
                          "Startup Cost": 0.00,
                          "Total Cost": 1334826.81,
                          "Plan Rows": 993946,
                          "Plan Width": 72,
                          "Actual Startup Time": 24255.777,
                          "Actual Total Time": 106649.951,
                          "Actual Rows": 400306,
                          "Actual Loops": 3,
                          "Shared Hit Blocks": 26841654,
                          "Shared Read Blocks": 3033813,
                          "Shared Dirtied Blocks": 0,
                          "Shared Written Blocks": 0,
                          "Local Hit Blocks": 0,
                          "Local Read Blocks": 0,
                          "Local Dirtied Blocks": 0,
                          "Local Written Blocks": 0,
                          "Temp Read Blocks": 171166,
                          "Temp Written Blocks": 171316,
                          "Workers": [
                          ],
                          "Subplans Removed": 0,
                          "Plans": [
                            {
                              "Node Type": "Hash Join",
                              "Parent Relationship": "Member",
                              "Parallel Aware": true,
                              "Join Type": "Inner",
                              "Startup Cost": 356122.69,
                              "Total Cost": 736009.44,
                              "Plan Rows": 406350,
                              "Plan Width": 72,
                              "Actual Startup Time": 47652.676,
                              "Actual Total Time": 82261.989,
                              "Actual Rows": 190025,
                              "Actual Loops": 3,
                              "Inner Unique": false,
                              "Hash Cond": "(COALESCE((couchdb_1.doc ->> 'patient_id'::text), (couchdb_1.doc ->> '_id'::text)) = (couchdb.doc #>> '{fields,patient_id}'::text[]))",
                              "Shared Hit Blocks": 18807891,
                              "Shared Read Blocks": 2084190,
                              "Shared Dirtied Blocks": 0,
                              "Shared Written Blocks": 0,
                              "Local Hit Blocks": 0,
                              "Local Read Blocks": 0,
                              "Local Dirtied Blocks": 0,
                              "Local Written Blocks": 0,
                              "Temp Read Blocks": 171166,
                              "Temp Written Blocks": 171316,
                              "Workers": [
                              ],
                              "Plans": [
                                {
                                  "Node Type": "Seq Scan",
                                  "Parent Relationship": "Outer",
                                  "Parallel Aware": true,
                                  "Relation Name": "couchdb",
                                  "Alias": "couchdb_1",
                                  "Startup Cost": 0.00,
                                  "Total Cost": 353133.25,
                                  "Plan Rows": 5834,
                                  "Plan Width": 809,
                                  "Actual Startup Time": 0.070,
                                  "Actual Total Time": 25594.903,
                                  "Actual Rows": 254626,
                                  "Actual Loops": 3,
                                  "Filter": "((doc ->> 'type'::text) = 'person'::text)",
                                  "Rows Removed by Filter": 680783,
                                  "Shared Hit Blocks": 3438917,
                                  "Shared Read Blocks": 733755,
                                  "Shared Dirtied Blocks": 0,
                                  "Shared Written Blocks": 0,
                                  "Local Hit Blocks": 0,
                                  "Local Read Blocks": 0,
                                  "Local Dirtied Blocks": 0,
                                  "Local Written Blocks": 0,
                                  "Temp Read Blocks": 0,
                                  "Temp Written Blocks": 0,
                                  "Workers": [
                                  ]
                                },
                                {
                                  "Node Type": "Hash",
                                  "Parent Relationship": "Inner",
                                  "Parallel Aware": true,
                                  "Startup Cost": 356050.12,
                                  "Total Cost": 356050.12,
                                  "Plan Rows": 5805,
                                  "Plan Width": 809,
                                  "Actual Startup Time": 19670.390,
                                  "Actual Total Time": 19670.391,
                                  "Actual Rows": 213741,
                                  "Actual Loops": 3,
                                  "Hash Buckets": 65536,
                                  "Original Hash Buckets": 16384,
                                  "Hash Batches": 16,
                                  "Original Hash Batches": 1,
                                  "Peak Memory Usage": 2784,
                                  "Shared Hit Blocks": 8921441,
                                  "Shared Read Blocks": 623647,
                                  "Shared Dirtied Blocks": 0,
                                  "Shared Written Blocks": 0,
                                  "Local Hit Blocks": 0,
                                  "Local Read Blocks": 0,
                                  "Local Dirtied Blocks": 0,
                                  "Local Written Blocks": 0,
                                  "Temp Read Blocks": 2374,
                                  "Temp Written Blocks": 5268,
                                  "Workers": [
                                  ],
                                  "Plans": [
                                    {
                                      "Node Type": "Seq Scan",
                                      "Parent Relationship": "Outer",
                                      "Parallel Aware": true,
                                      "Relation Name": "couchdb",
                                      "Alias": "couchdb",
                                      "Startup Cost": 0.00,
                                      "Total Cost": 356050.12,
                                      "Plan Rows": 5805,
                                      "Plan Width": 809,
                                      "Actual Startup Time": 162.168,
                                      "Actual Total Time": 16400.631,
                                      "Actual Rows": 213741,
                                      "Actual Loops": 3,
                                      "Filter": "(((doc #>> '{fields,patient_id}'::text[]) IS NOT NULL) AND ((doc ->> 'type'::text) = 'data_record'::text))",
                                      "Rows Removed by Filter": 721668,
                                      "Shared Hit Blocks": 6235253,
                                      "Shared Read Blocks": 623647,
                                      "Shared Dirtied Blocks": 0,
                                      "Shared Written Blocks": 0,
                                      "Local Hit Blocks": 0,
                                      "Local Read Blocks": 0,
                                      "Local Dirtied Blocks": 0,
                                      "Local Written Blocks": 0,
                                      "Temp Read Blocks": 0,
                                      "Temp Written Blocks": 0,
                                      "Workers": [
                                      ]
                                    }
                                  ]
                                }
                              ]
                            },
                            {
                              "Node Type": "Seq Scan",
                              "Parent Relationship": "Member",
                              "Parallel Aware": true,
                              "Relation Name": "couchdb",
                              "Alias": "couchdb_2",
                              "Startup Cost": 0.00,
                              "Total Cost": 356166.22,
                              "Plan Rows": 5805,
                              "Plan Width": 72,
                              "Actual Startup Time": 261.206,
                              "Actual Total Time": 31074.955,
                              "Actual Rows": 219708,
                              "Actual Loops": 2,
                              "Filter": "(((doc #>> '{fields,place_id}'::text[]) IS NOT NULL) AND ((doc ->> 'type'::text) = 'data_record'::text))",
                              "Rows Removed by Filter": 1183406,
                              "Shared Hit Blocks": 8031222,
                              "Shared Read Blocks": 727661,
                              "Shared Dirtied Blocks": 0,
                              "Shared Written Blocks": 0,
                              "Local Hit Blocks": 0,
                              "Local Read Blocks": 0,
                              "Local Dirtied Blocks": 0,
                              "Local Written Blocks": 0,
                              "Temp Read Blocks": 0,
                              "Temp Written Blocks": 0,
                              "Workers": [
                              ]
                            },
                            {
                              "Node Type": "Seq Scan",
                              "Parent Relationship": "Member",
                              "Parallel Aware": true,
                              "Relation Name": "raw_contacts",
                              "Alias": "raw_contacts",
                              "Startup Cost": 0.00,
                              "Total Cost": 227741.95,
                              "Plan Rows": 1990,
                              "Plan Width": 72,
                              "Actual Startup Time": 2.117,
                              "Actual Total Time": 10823.380,
                              "Actual Rows": 191426,
                              "Actual Loops": 1,
                              "Filter": "((doc ->> 'type'::text) = 'clinic'::text)",
                              "Rows Removed by Filter": 764030,
                              "Shared Hit Blocks": 2541,
                              "Shared Read Blocks": 221962,
                              "Shared Dirtied Blocks": 0,
                              "Shared Written Blocks": 0,
                              "Local Hit Blocks": 0,
                              "Local Read Blocks": 0,
                              "Local Dirtied Blocks": 0,
                              "Local Written Blocks": 0,
                              "Temp Read Blocks": 0,
                              "Temp Written Blocks": 0,
                              "Workers": [
                              ]
                            }
                          ]
                        }
                      ]
                    }
                  ]
                }
              ]
            }
          ]
        }
      ]
    },
    "Planning": {
      "Shared Hit Blocks": 182,
      "Shared Read Blocks": 55,
      "Shared Dirtied Blocks": 0,
      "Shared Written Blocks": 0,
      "Local Hit Blocks": 0,
      "Local Read Blocks": 0,
      "Local Dirtied Blocks": 0,
      "Local Written Blocks": 0,
      "Temp Read Blocks": 0,
      "Temp Written Blocks": 0
    },
    "Planning Time": 5.099,
    "Triggers": [
    ],
    "JIT": {
      "Functions": 93,
      "Options": {
        "Inlining": true,
        "Optimization": true,
        "Expressions": true,
        "Deforming": true
      },
      "Timing": {
        "Generation": 9.414,
        "Inlining": 159.904,
        "Optimization": 751.384,
        "Emission": 546.255,
        "Total": 1466.958
      }
    },
    "Execution Time": 108241.410
  }
]
