[
  {
    "Plan": {
      "Node Type": "Limit",
      "Parallel Aware": false,
      "Startup Cost": 0.00,
      "Total Cost": 134.86,
      "Plan Rows": 10,
      "Plan Width": 809,
      "Actual Startup Time": 42733.642,
      "Actual Total Time": 42733.644,
      "Actual Rows": 0,
      "Actual Loops": 1,
      "Shared Hit Blocks": 3438960,
      "Shared Read Blocks": 733735,
      "Shared Dirtied Blocks": 0,
      "Shared Written Blocks": 0,
      "Local Hit Blocks": 0,
      "Local Read Blocks": 0,
      "Local Dirtied Blocks": 0,
      "Local Written Blocks": 0,
      "Temp Read Blocks": 0,
      "Temp Written Blocks": 0,
      "Plans": [
        {
          "Node Type": "Seq Scan",
          "Parent Relationship": "Outer",
          "Parallel Aware": false,
          "Relation Name": "couchdb",
          "Alias": "couchdb",
          "Startup Cost": 0.00,
          "Total Cost": 377635.00,
          "Plan Rows": 28002,
          "Plan Width": 809,
          "Actual Startup Time": 42733.640,
          "Actual Total Time": 42733.641,
          "Actual Rows": 0,
          "Actual Loops": 1,
          "Filter": "((doc ->> 'type'::text) = ANY ('{task,form}'::text[]))",
          "Rows Removed by Filter": 2806228,
          "Shared Hit Blocks": 3438960,
          "Shared Read Blocks": 733735,
          "Shared Dirtied Blocks": 0,
          "Shared Written Blocks": 0,
          "Local Hit Blocks": 0,
          "Local Read Blocks": 0,
          "Local Dirtied Blocks": 0,
          "Local Written Blocks": 0,
          "Temp Read Blocks": 0,
          "Temp Written Blocks": 0
        }
      ]
    },
    "Planning": {
      "Shared Hit Blocks": 173,
      "Shared Read Blocks": 6,
      "Shared Dirtied Blocks": 0,
      "Shared Written Blocks": 0,
      "Local Hit Blocks": 0,
      "Local Read Blocks": 0,
      "Local Dirtied Blocks": 0,
      "Local Written Blocks": 0,
      "Temp Read Blocks": 0,
      "Temp Written Blocks": 0
    },
    "Planning Time": 1.237,
    "Triggers": [
    ],
    "Execution Time": 42733.697
  }
]
