[
  {
    "Plan": {
      "Node Type": "Limit",
      "Parallel Aware": false,
      "Startup Cost": 59547.98,
      "Total Cost": 59552.74,
      "Plan Rows": 10,
      "Plan Width": 164,
      "Actual Startup Time": 39076.710,
      "Actual Total Time": 39087.363,
      "Actual Rows": 10,
      "Actual Loops": 1,
      "Shared Hit Blocks": 17467942,
      "Shared Read Blocks": 319306,
      "Shared Dirtied Blocks": 0,
      "Shared Written Blocks": 0,
      "Local Hit Blocks": 0,
      "Local Read Blocks": 0,
      "Local Dirtied Blocks": 0,
      "Local Written Blocks": 0,
      "Temp Read Blocks": 0,
      "Temp Written Blocks": 0,
      "Plans": [
        {
          "Node Type": "Gather Merge",
          "Parent Relationship": "Outer",
          "Parallel Aware": false,
          "Startup Cost": 59547.98,
          "Total Cost": 60051.98,
          "Plan Rows": 1080,
          "Plan Width": 164,
          "Actual Startup Time": 39076.708,
          "Actual Total Time": 39087.358,
          "Actual Rows": 10,
          "Actual Loops": 1,
          "Workers Planned": 2,
          "Workers Launched": 2,
          "Shared Hit Blocks": 17467942,
          "Shared Read Blocks": 319306,
          "Shared Dirtied Blocks": 0,
          "Shared Written Blocks": 0,
          "Local Hit Blocks": 0,
          "Local Read Blocks": 0,
          "Local Dirtied Blocks": 0,
          "Local Written Blocks": 0,
          "Temp Read Blocks": 0,
          "Temp Written Blocks": 0,
          "Plans": [
            {
              "Node Type": "Result",
              "Parent Relationship": "Outer",
              "Parallel Aware": false,
              "Startup Cost": 58547.95,
              "Total Cost": 58770.70,
              "Plan Rows": 540,
              "Plan Width": 164,
              "Actual Startup Time": 39069.516,
              "Actual Total Time": 39073.382,
              "Actual Rows": 6,
              "Actual Loops": 3,
              "Shared Hit Blocks": 17467942,
              "Shared Read Blocks": 319306,
              "Shared Dirtied Blocks": 0,
              "Shared Written Blocks": 0,
              "Local Hit Blocks": 0,
              "Local Read Blocks": 0,
              "Local Dirtied Blocks": 0,
              "Local Written Blocks": 0,
              "Temp Read Blocks": 0,
              "Temp Written Blocks": 0,
              "Workers": [
              ],
              "Plans": [
                {
                  "Node Type": "Sort",
                  "Parent Relationship": "Outer",
                  "Parallel Aware": false,
                  "Startup Cost": 58547.95,
                  "Total Cost": 58549.30,
                  "Plan Rows": 540,
                  "Plan Width": 294,
                  "Actual Startup Time": 39068.546,
                  "Actual Total Time": 39068.548,
                  "Actual Rows": 6,
                  "Actual Loops": 3,
                  "Sort Key": ["((data_record.doc ->> '_id'::text))"],
                  "Sort Method": "top-N heapsort",
                  "Sort Space Used": 30,
                  "Sort Space Type": "Memory",
                  "Shared Hit Blocks": 17465628,
                  "Shared Read Blocks": 319254,
                  "Shared Dirtied Blocks": 0,
                  "Shared Written Blocks": 0,
                  "Local Hit Blocks": 0,
                  "Local Read Blocks": 0,
                  "Local Dirtied Blocks": 0,
                  "Local Written Blocks": 0,
                  "Temp Read Blocks": 0,
                  "Temp Written Blocks": 0,
                  "Workers": [
                    {
                      "Worker Number": 0,
                      "Sort Method": "top-N heapsort",
                      "Sort Space Used": 28,
                      "Sort Space Type": "Memory"
                    },
                    {
                      "Worker Number": 1,
                      "Sort Method": "top-N heapsort",
                      "Sort Space Used": 29,
                      "Sort Space Type": "Memory"
                    }
                  ],
                  "Plans": [
                    {
                      "Node Type": "Bitmap Heap Scan",
                      "Parent Relationship": "Outer",
                      "Parallel Aware": true,
                      "Relation Name": "data_record",
                      "Alias": "data_record",
                      "Startup Cost": 8364.70,
                      "Total Cost": 58523.44,
                      "Plan Rows": 540,
                      "Plan Width": 294,
                      "Actual Startup Time": 93.020,
                      "Actual Total Time": 38987.922,
                      "Actual Rows": 60705,
                      "Actual Loops": 3,
                      "Recheck Cond": "(form = 'assessment'::text)",
                      "Rows Removed by Index Recheck": 0,
                      "Filter": "((CASE WHEN (((doc #>> '{fields,patient_age_in_months}'::text[]) = ''::text) OR ((doc #>> '{fields,patient_age_in_months}'::text[]) ~ 'NaN'::text)) THEN 99 ELSE ((doc #>> '{fields,patient_age_in_months}'::text[]))::integer END >= 2) AND (CASE WHEN (((doc #>> '{fields,patient_age_in_months}'::text[]) = ''::text) OR ((doc #>> '{fields,patient_age_in_months}'::text[]) ~ 'NaN'::text)) THEN 99 ELSE ((doc #>> '{fields,patient_age_in_months}'::text[]))::integer END < 60) AND (((doc #>> '{fields,group_cough,patient_coughs}'::text[]) = 'yes'::text) OR ((doc #>> '{fields,group_diarrhea,patient_diarrhea}'::text[]) = 'yes'::text) OR ((doc #>> '{fields,group_fever,patient_fever}'::text[]) = 'yes'::text) OR ((doc #>> '{fields,group_danger_signs,danger_signs}'::text[]) <> ''::text)))",
                      "Rows Removed by Filter": 26343,
                      "Exact Heap Blocks": 14209,
                      "Lossy Heap Blocks": 0,
                      "Shared Hit Blocks": 17465612,
                      "Shared Read Blocks": 319254,
                      "Shared Dirtied Blocks": 0,
                      "Shared Written Blocks": 0,
                      "Local Hit Blocks": 0,
                      "Local Read Blocks": 0,
                      "Local Dirtied Blocks": 0,
                      "Local Written Blocks": 0,
                      "Temp Read Blocks": 0,
                      "Temp Written Blocks": 0,
                      "Workers": [
                      ],
                      "Plans": [
                        {
                          "Node Type": "Bitmap Index Scan",
                          "Parent Relationship": "Outer",
                          "Parallel Aware": false,
                          "Index Name": "fc41cda851af962dd45beccbc94bb88f",
                          "Startup Cost": 0.00,
                          "Total Cost": 8364.38,
                          "Plan Rows": 260317,
                          "Plan Width": 0,
                          "Actual Startup Time": 65.735,
                          "Actual Total Time": 65.736,
                          "Actual Rows": 261144,
                          "Actual Loops": 1,
                          "Index Cond": "(form = 'assessment'::text)",
                          "Shared Hit Blocks": 0,
                          "Shared Read Blocks": 643,
                          "Shared Dirtied Blocks": 0,
                          "Shared Written Blocks": 0,
                          "Local Hit Blocks": 0,
                          "Local Read Blocks": 0,
                          "Local Dirtied Blocks": 0,
                          "Local Written Blocks": 0,
                          "Temp Read Blocks": 0,
                          "Temp Written Blocks": 0,
                          "Workers": [
                          ]
                        }
                      ]
                    }
                  ]
                }
              ]
            }
          ]
        }
      ]
    },
    "Planning": {
      "Shared Hit Blocks": 162,
      "Shared Read Blocks": 37,
      "Shared Dirtied Blocks": 0,
      "Shared Written Blocks": 0,
      "Local Hit Blocks": 0,
      "Local Read Blocks": 0,
      "Local Dirtied Blocks": 0,
      "Local Written Blocks": 0,
      "Temp Read Blocks": 0,
      "Temp Written Blocks": 0
    },
    "Planning Time": 4.539,
    "Triggers": [
    ],
    "Execution Time": 39087.913
  }
]
