[
  {
    "Plan": {
      "Node Type": "Limit",
      "Parallel Aware": false,
      "Startup Cost": 3163004452.80,
      "Total Cost": 82589069901.71,
      "Plan Rows": 10,
      "Plan Width": 52,
      "Actual Startup Time": 45979.834,
      "Actual Total Time": 174320.211,
      "Actual Rows": 10,
      "Actual Loops": 1,
      "Shared Hit Blocks": 18941677,
      "Shared Read Blocks": 4147453,
      "Shared Dirtied Blocks": 0,
      "Shared Written Blocks": 0,
      "Local Hit Blocks": 0,
      "Local Read Blocks": 0,
      "Local Dirtied Blocks": 0,
      "Local Written Blocks": 0,
      "Temp Read Blocks": 0,
      "Temp Written Blocks": 0,
      "Plans": [
        {
          "Node Type": "Subquery Scan",
          "Parent Relationship": "Outer",
          "Parallel Aware": false,
          "Alias": "iccmview_active",
          "Startup Cost": 3163004452.80,
          "Total Cost": 3755267537429200.50,
          "Plan Rows": 472800,
          "Plan Width": 52,
          "Actual Startup Time": 45274.843,
          "Actual Total Time": 173615.210,
          "Actual Rows": 10,
          "Actual Loops": 1,
          "Shared Hit Blocks": 18941677,
          "Shared Read Blocks": 4147453,
          "Shared Dirtied Blocks": 0,
          "Shared Written Blocks": 0,
          "Local Hit Blocks": 0,
          "Local Read Blocks": 0,
          "Local Dirtied Blocks": 0,
          "Local Written Blocks": 0,
          "Temp Read Blocks": 0,
          "Temp Written Blocks": 0,
          "Plans": [
            {
              "Node Type": "Aggregate",
              "Strategy": "Sorted",
              "Partial Mode": "Simple",
              "Parent Relationship": "Subquery",
              "Parallel Aware": false,
              "Startup Cost": 3163004452.80,
              "Total Cost": 3755267537424472.50,
              "Plan Rows": 472800,
              "Plan Width": 84,
              "Actual Startup Time": 45274.828,
              "Actual Total Time": 173615.185,
              "Actual Rows": 10,
              "Actual Loops": 1,
              "Group Key": ["month_facility.month", "month_facility.epoch", "month_facility.facility_name", "month_facility.facility_join_field"],
              "Shared Hit Blocks": 18941677,
              "Shared Read Blocks": 4147453,
              "Shared Dirtied Blocks": 0,
              "Shared Written Blocks": 0,
              "Local Hit Blocks": 0,
              "Local Read Blocks": 0,
              "Local Dirtied Blocks": 0,
              "Local Written Blocks": 0,
              "Temp Read Blocks": 0,
              "Temp Written Blocks": 0,
              "Plans": [
                {
                  "Node Type": "Sort",
                  "Parent Relationship": "Outer",
                  "Parallel Aware": false,
                  "Startup Cost": 3163004452.80,
                  "Total Cost": 3179768995.20,
                  "Plan Rows": 6705816960,
                  "Plan Width": 108,
                  "Actual Startup Time": 5375.706,
                  "Actual Total Time": 5375.803,
                  "Actual Rows": 11,
                  "Actual Loops": 1,
                  "Sort Key": ["month_facility.month", "month_facility.epoch", "month_facility.facility_name", "month_facility.facility_join_field"],
                  "Sort Method": "quicksort",
                  "Sort Space Used": 233,
                  "Sort Space Type": "Memory",
                  "Shared Hit Blocks": 8185,
                  "Shared Read Blocks": 221959,
                  "Shared Dirtied Blocks": 0,
                  "Shared Written Blocks": 0,
                  "Local Hit Blocks": 0,
                  "Local Read Blocks": 0,
                  "Local Dirtied Blocks": 0,
                  "Local Written Blocks": 0,
                  "Temp Read Blocks": 0,
                  "Temp Written Blocks": 0,
                  "Plans": [
                    {
                      "Node Type": "Merge Join",
                      "Parent Relationship": "Outer",
                      "Parallel Aware": false,
                      "Join Type": "Right",
                      "Startup Cost": 2933440.59,
                      "Total Cost": 120299184.87,
                      "Plan Rows": 6705816960,
                      "Plan Width": 108,
                      "Actual Startup Time": 5373.082,
                      "Actual Total Time": 5373.564,
                      "Actual Rows": 1313,
                      "Actual Loops": 1,
                      "Inner Unique": false,
                      "Merge Cond": "(((raw_contacts.doc ->> '_id'::text)) = month_facility.facility_join_field)",
                      "Shared Hit Blocks": 8179,
                      "Shared Read Blocks": 221959,
                      "Shared Dirtied Blocks": 0,
                      "Shared Written Blocks": 0,
                      "Local Hit Blocks": 0,
                      "Local Read Blocks": 0,
                      "Local Dirtied Blocks": 0,
                      "Local Written Blocks": 0,
                      "Temp Read Blocks": 0,
                      "Temp Written Blocks": 0,
                      "Plans": [
                        {
                          "Node Type": "Sort",
                          "Parent Relationship": "Outer",
                          "Parallel Aware": false,
                          "Startup Cost": 669675.35,
                          "Total Cost": 670384.51,
                          "Plan Rows": 283664,
                          "Plan Width": 1606,
                          "Actual Startup Time": 0.684,
                          "Actual Total Time": 0.689,
                          "Actual Rows": 0,
                          "Actual Loops": 1,
                          "Sort Key": ["((raw_contacts.doc ->> '_id'::text))"],
                          "Sort Method": "quicksort",
                          "Sort Space Used": 25,
                          "Sort Space Type": "Memory",
                          "Shared Hit Blocks": 0,
                          "Shared Read Blocks": 1,
                          "Shared Dirtied Blocks": 0,
                          "Shared Written Blocks": 0,
                          "Local Hit Blocks": 0,
                          "Local Read Blocks": 0,
                          "Local Dirtied Blocks": 0,
                          "Local Written Blocks": 0,
                          "Temp Read Blocks": 0,
                          "Temp Written Blocks": 0,
                          "Plans": [
                            {
                              "Node Type": "Hash Join",
                              "Parent Relationship": "Outer",
                              "Parallel Aware": false,
                              "Join Type": "Inner",
                              "Startup Cost": 11.35,
                              "Total Cost": 248400.15,
                              "Plan Rows": 283664,
                              "Plan Width": 1606,
                              "Actual Startup Time": 0.680,
                              "Actual Total Time": 0.684,
                              "Actual Rows": 0,
                              "Actual Loops": 1,
                              "Inner Unique": false,
                              "Hash Cond": "((raw_contacts.doc ->> '_id'::text) = chw.branch_uuid)",
                              "Shared Hit Blocks": 0,
                              "Shared Read Blocks": 1,
                              "Shared Dirtied Blocks": 0,
                              "Shared Written Blocks": 0,
                              "Local Hit Blocks": 0,
                              "Local Read Blocks": 0,
                              "Local Dirtied Blocks": 0,
                              "Local Written Blocks": 0,
                              "Temp Read Blocks": 0,
                              "Temp Written Blocks": 0,
                              "Plans": [
                                {
                                  "Node Type": "Seq Scan",
                                  "Parent Relationship": "Outer",
                                  "Parallel Aware": false,
                                  "Relation Name": "raw_contacts",
                                  "Alias": "raw_contacts",
                                  "Startup Cost": 0.00,
                                  "Total Cost": 240824.44,
                                  "Plan Rows": 945545,
                                  "Plan Width": 1574,
                                  "Actual Startup Time": 0.660,
                                  "Actual Total Time": 0.661,
                                  "Actual Rows": 1,
                                  "Actual Loops": 1,
                                  "Filter": "(((doc ->> 'name'::text) <> 'HQ'::text) AND ((doc ->> 'name'::text) <> 'HQ OVC'::text))",
                                  "Rows Removed by Filter": 0,
                                  "Shared Hit Blocks": 0,
                                  "Shared Read Blocks": 1,
                                  "Shared Dirtied Blocks": 0,
                                  "Shared Written Blocks": 0,
                                  "Local Hit Blocks": 0,
                                  "Local Read Blocks": 0,
                                  "Local Dirtied Blocks": 0,
                                  "Local Written Blocks": 0,
                                  "Temp Read Blocks": 0,
                                  "Temp Written Blocks": 0
                                },
                                {
                                  "Node Type": "Hash",
                                  "Parent Relationship": "Inner",
                                  "Parallel Aware": false,
                                  "Startup Cost": 10.60,
                                  "Total Cost": 10.60,
                                  "Plan Rows": 60,
                                  "Plan Width": 64,
                                  "Actual Startup Time": 0.006,
                                  "Actual Total Time": 0.007,
                                  "Actual Rows": 0,
                                  "Actual Loops": 1,
                                  "Hash Buckets": 1024,
                                  "Original Hash Buckets": 1024,
                                  "Hash Batches": 1,
                                  "Original Hash Batches": 1,
                                  "Peak Memory Usage": 8,
                                  "Shared Hit Blocks": 0,
                                  "Shared Read Blocks": 0,
                                  "Shared Dirtied Blocks": 0,
                                  "Shared Written Blocks": 0,
                                  "Local Hit Blocks": 0,
                                  "Local Read Blocks": 0,
                                  "Local Dirtied Blocks": 0,
                                  "Local Written Blocks": 0,
                                  "Temp Read Blocks": 0,
                                  "Temp Written Blocks": 0,
                                  "Plans": [
                                    {
                                      "Node Type": "Seq Scan",
                                      "Parent Relationship": "Outer",
                                      "Parallel Aware": false,
                                      "Relation Name": "contactview_chp",
                                      "Alias": "chw",
                                      "Startup Cost": 0.00,
                                      "Total Cost": 10.60,
                                      "Plan Rows": 60,
                                      "Plan Width": 64,
                                      "Actual Startup Time": 0.005,
                                      "Actual Total Time": 0.005,
                                      "Actual Rows": 0,
                                      "Actual Loops": 1,
                                      "Shared Hit Blocks": 0,
                                      "Shared Read Blocks": 0,
                                      "Shared Dirtied Blocks": 0,
                                      "Shared Written Blocks": 0,
                                      "Local Hit Blocks": 0,
                                      "Local Read Blocks": 0,
                                      "Local Dirtied Blocks": 0,
                                      "Local Written Blocks": 0,
                                      "Temp Read Blocks": 0,
                                      "Temp Written Blocks": 0
                                    }
                                  ]
                                }
                              ]
                            }
                          ]
                        },
                        {
                          "Node Type": "Materialize",
                          "Parent Relationship": "Inner",
                          "Parallel Aware": false,
                          "Startup Cost": 2263765.24,
                          "Total Cost": 2287405.24,
                          "Plan Rows": 4728000,
                          "Plan Width": 76,
                          "Actual Startup Time": 5372.384,
                          "Actual Total Time": 5372.696,
                          "Actual Rows": 1313,
                          "Actual Loops": 1,
                          "Shared Hit Blocks": 8179,
                          "Shared Read Blocks": 221958,
                          "Shared Dirtied Blocks": 0,
                          "Shared Written Blocks": 0,
                          "Local Hit Blocks": 0,
                          "Local Read Blocks": 0,
                          "Local Dirtied Blocks": 0,
                          "Local Written Blocks": 0,
                          "Temp Read Blocks": 0,
                          "Temp Written Blocks": 0,
                          "Plans": [
                            {
                              "Node Type": "Sort",
                              "Parent Relationship": "Outer",
                              "Parallel Aware": false,
                              "Startup Cost": 2263765.24,
                              "Total Cost": 2275585.24,
                              "Plan Rows": 4728000,
                              "Plan Width": 76,
                              "Actual Startup Time": 5372.378,
                              "Actual Total Time": 5372.526,
                              "Actual Rows": 1313,
                              "Actual Loops": 1,
                              "Sort Key": ["month_facility.facility_join_field"],
                              "Sort Method": "quicksort",
                              "Sort Space Used": 233,
                              "Sort Space Type": "Memory",
                              "Shared Hit Blocks": 8179,
                              "Shared Read Blocks": 221958,
                              "Shared Dirtied Blocks": 0,
                              "Shared Written Blocks": 0,
                              "Local Hit Blocks": 0,
                              "Local Read Blocks": 0,
                              "Local Dirtied Blocks": 0,
                              "Local Written Blocks": 0,
                              "Temp Read Blocks": 0,
                              "Temp Written Blocks": 0,
                              "Plans": [
                                {
                                  "Node Type": "Subquery Scan",
                                  "Parent Relationship": "Outer",
                                  "Parallel Aware": false,
                                  "Alias": "month_facility",
                                  "Startup Cost": 1260332.28,
                                  "Total Cost": 1319432.28,
                                  "Plan Rows": 4728000,
                                  "Plan Width": 76,
                                  "Actual Startup Time": 5370.885,
                                  "Actual Total Time": 5371.164,
                                  "Actual Rows": 1313,
                                  "Actual Loops": 1,
                                  "Shared Hit Blocks": 8179,
                                  "Shared Read Blocks": 221958,
                                  "Shared Dirtied Blocks": 0,
                                  "Shared Written Blocks": 0,
                                  "Local Hit Blocks": 0,
                                  "Local Read Blocks": 0,
                                  "Local Dirtied Blocks": 0,
                                  "Local Written Blocks": 0,
                                  "Temp Read Blocks": 0,
                                  "Temp Written Blocks": 0,
                                  "Plans": [
                                    {
                                      "Node Type": "Sort",
                                      "Parent Relationship": "Subquery",
                                      "Parallel Aware": false,
                                      "Startup Cost": 1260332.28,
                                      "Total Cost": 1272152.28,
                                      "Plan Rows": 4728000,
                                      "Plan Width": 76,
                                      "Actual Startup Time": 5370.850,
                                      "Actual Total Time": 5370.995,
                                      "Actual Rows": 1313,
                                      "Actual Loops": 1,
                                      "Sort Key": ["(date_part('epoch'::text, (((generate_series(date_trunc('month'::text, (now() - '1 year'::interval)), now(), '1 mon'::interval)))::date)::timestamp without time zone))", "((raw_contacts_1.doc ->> 'name'::text))"],
                                      "Sort Method": "quicksort",
                                      "Sort Space Used": 233,
                                      "Sort Space Type": "Memory",
                                      "Shared Hit Blocks": 8179,
                                      "Shared Read Blocks": 221958,
                                      "Shared Dirtied Blocks": 0,
                                      "Shared Written Blocks": 0,
                                      "Local Hit Blocks": 0,
                                      "Local Read Blocks": 0,
                                      "Local Dirtied Blocks": 0,
                                      "Local Written Blocks": 0,
                                      "Temp Read Blocks": 0,
                                      "Temp Written Blocks": 0,
                                      "Plans": [
                                        {
                                          "Node Type": "Nested Loop",
                                          "Parent Relationship": "Outer",
                                          "Parallel Aware": false,
                                          "Join Type": "Inner",
                                          "Startup Cost": 1099.86,
                                          "Total Cost": 315999.32,
                                          "Plan Rows": 4728000,
                                          "Plan Width": 76,
                                          "Actual Startup Time": 3149.048,
                                          "Actual Total Time": 5368.334,
                                          "Actual Rows": 1313,
                                          "Actual Loops": 1,
                                          "Inner Unique": false,
                                          "Shared Hit Blocks": 8179,
                                          "Shared Read Blocks": 221958,
                                          "Shared Dirtied Blocks": 0,
                                          "Shared Written Blocks": 0,
                                          "Local Hit Blocks": 0,
                                          "Local Read Blocks": 0,
                                          "Local Dirtied Blocks": 0,
                                          "Local Written Blocks": 0,
                                          "Temp Read Blocks": 0,
                                          "Temp Written Blocks": 0,
                                          "Plans": [
                                            {
                                              "Node Type": "Gather",
                                              "Parent Relationship": "Outer",
                                              "Parallel Aware": false,
                                              "Startup Cost": 1000.00,
                                              "Total Cost": 233144.47,
                                              "Plan Rows": 4728,
                                              "Plan Width": 1574,
                                              "Actual Startup Time": 3148.915,
                                              "Actual Total Time": 5367.712,
                                              "Actual Rows": 101,
                                              "Actual Loops": 1,
                                              "Workers Planned": 2,
                                              "Workers Launched": 2,
                                              "Single Copy": false,
                                              "Shared Hit Blocks": 8179,
                                              "Shared Read Blocks": 221958,
                                              "Shared Dirtied Blocks": 0,
                                              "Shared Written Blocks": 0,
                                              "Local Hit Blocks": 0,
                                              "Local Read Blocks": 0,
                                              "Local Dirtied Blocks": 0,
                                              "Local Written Blocks": 0,
                                              "Temp Read Blocks": 0,
                                              "Temp Written Blocks": 0,
                                              "Plans": [
                                                {
                                                  "Node Type": "Seq Scan",
                                                  "Parent Relationship": "Outer",
                                                  "Parallel Aware": true,
                                                  "Relation Name": "raw_contacts",
                                                  "Alias": "raw_contacts_1",
                                                  "Startup Cost": 0.00,
                                                  "Total Cost": 231671.67,
                                                  "Plan Rows": 1970,
                                                  "Plan Width": 1574,
                                                  "Actual Startup Time": 3134.112,
                                                  "Actual Total Time": 5343.373,
                                                  "Actual Rows": 34,
                                                  "Actual Loops": 3,
                                                  "Filter": "(((doc ->> 'name'::text) <> 'HQ'::text) AND ((doc ->> 'name'::text) <> 'HQ OVC'::text) AND ((doc ->> 'type'::text) = 'district_hospital'::text))",
                                                  "Rows Removed by Filter": 318452,
                                                  "Shared Hit Blocks": 8179,
                                                  "Shared Read Blocks": 221958,
                                                  "Shared Dirtied Blocks": 0,
                                                  "Shared Written Blocks": 0,
                                                  "Local Hit Blocks": 0,
                                                  "Local Read Blocks": 0,
                                                  "Local Dirtied Blocks": 0,
                                                  "Local Written Blocks": 0,
                                                  "Temp Read Blocks": 0,
                                                  "Temp Written Blocks": 0,
                                                  "Workers": [
                                                  ]
                                                }
                                              ]
                                            },
                                            {
                                              "Node Type": "Materialize",
                                              "Parent Relationship": "Inner",
                                              "Parallel Aware": false,
                                              "Startup Cost": 99.86,
                                              "Total Cost": 117.36,
                                              "Plan Rows": 1000,
                                              "Plan Width": 12,
                                              "Actual Startup Time": 0.001,
                                              "Actual Total Time": 0.002,
                                              "Actual Rows": 13,
                                              "Actual Loops": 101,
                                              "Shared Hit Blocks": 0,
                                              "Shared Read Blocks": 0,
                                              "Shared Dirtied Blocks": 0,
                                              "Shared Written Blocks": 0,
                                              "Local Hit Blocks": 0,
                                              "Local Read Blocks": 0,
                                              "Local Dirtied Blocks": 0,
                                              "Local Written Blocks": 0,
                                              "Temp Read Blocks": 0,
                                              "Temp Written Blocks": 0,
                                              "Plans": [
                                                {
                                                  "Node Type": "Sort",
                                                  "Parent Relationship": "Outer",
                                                  "Parallel Aware": false,
                                                  "Startup Cost": 99.86,
                                                  "Total Cost": 102.36,
                                                  "Plan Rows": 1000,
                                                  "Plan Width": 12,
                                                  "Actual Startup Time": 0.117,
                                                  "Actual Total Time": 0.120,
                                                  "Actual Rows": 13,
                                                  "Actual Loops": 1,
                                                  "Sort Key": ["(date_part('epoch'::text, (((generate_series(date_trunc('month'::text, (now() - '1 year'::interval)), now(), '1 mon'::interval)))::date)::timestamp without time zone))"],
                                                  "Sort Method": "quicksort",
                                                  "Sort Space Used": 25,
                                                  "Sort Space Type": "Memory",
                                                  "Shared Hit Blocks": 0,
                                                  "Shared Read Blocks": 0,
                                                  "Shared Dirtied Blocks": 0,
                                                  "Shared Written Blocks": 0,
                                                  "Local Hit Blocks": 0,
                                                  "Local Read Blocks": 0,
                                                  "Local Dirtied Blocks": 0,
                                                  "Local Written Blocks": 0,
                                                  "Temp Read Blocks": 0,
                                                  "Temp Written Blocks": 0,
                                                  "Plans": [
                                                    {
                                                      "Node Type": "Result",
                                                      "Parent Relationship": "Outer",
                                                      "Parallel Aware": false,
                                                      "Startup Cost": 0.00,
                                                      "Total Cost": 50.03,
                                                      "Plan Rows": 1000,
                                                      "Plan Width": 12,
                                                      "Actual Startup Time": 0.091,
                                                      "Actual Total Time": 0.104,
                                                      "Actual Rows": 13,
                                                      "Actual Loops": 1,
                                                      "Shared Hit Blocks": 0,
                                                      "Shared Read Blocks": 0,
                                                      "Shared Dirtied Blocks": 0,
                                                      "Shared Written Blocks": 0,
                                                      "Local Hit Blocks": 0,
                                                      "Local Read Blocks": 0,
                                                      "Local Dirtied Blocks": 0,
                                                      "Local Written Blocks": 0,
                                                      "Temp Read Blocks": 0,
                                                      "Temp Written Blocks": 0,
                                                      "Plans": [
                                                        {
                                                          "Node Type": "ProjectSet",
                                                          "Parent Relationship": "Outer",
                                                          "Parallel Aware": false,
                                                          "Startup Cost": 0.00,
                                                          "Total Cost": 5.03,
                                                          "Plan Rows": 1000,
                                                          "Plan Width": 8,
                                                          "Actual Startup Time": 0.026,
                                                          "Actual Total Time": 0.032,
                                                          "Actual Rows": 13,
                                                          "Actual Loops": 1,
                                                          "Shared Hit Blocks": 0,
                                                          "Shared Read Blocks": 0,
                                                          "Shared Dirtied Blocks": 0,
                                                          "Shared Written Blocks": 0,
                                                          "Local Hit Blocks": 0,
                                                          "Local Read Blocks": 0,
                                                          "Local Dirtied Blocks": 0,
                                                          "Local Written Blocks": 0,
                                                          "Temp Read Blocks": 0,
                                                          "Temp Written Blocks": 0,
                                                          "Plans": [
                                                            {
                                                              "Node Type": "Result",
                                                              "Parent Relationship": "Outer",
                                                              "Parallel Aware": false,
                                                              "Startup Cost": 0.00,
                                                              "Total Cost": 0.01,
                                                              "Plan Rows": 1,
                                                              "Plan Width": 0,
                                                              "Actual Startup Time": 0.007,
                                                              "Actual Total Time": 0.007,
                                                              "Actual Rows": 1,
                                                              "Actual Loops": 1,
                                                              "Shared Hit Blocks": 0,
                                                              "Shared Read Blocks": 0,
                                                              "Shared Dirtied Blocks": 0,
                                                              "Shared Written Blocks": 0,
                                                              "Local Hit Blocks": 0,
                                                              "Local Read Blocks": 0,
                                                              "Local Dirtied Blocks": 0,
                                                              "Local Written Blocks": 0,
                                                              "Temp Read Blocks": 0,
                                                              "Temp Written Blocks": 0
                                                            }
                                                          ]
                                                        }
                                                      ]
                                                    }
                                                  ]
                                                }
                                              ]
                                            }
                                          ]
                                        }
                                      ]
                                    }
                                  ]
                                }
                              ]
                            }
                          ]
                        }
                      ]
                    }
                  ]
                },
                {
                  "Node Type": "Bitmap Heap Scan",
                  "Parent Relationship": "SubPlan",
                  "Subplan Name": "SubPlan 1",
                  "Parallel Aware": false,
                  "Relation Name": "data_record",
                  "Alias": "data_record",
                  "Startup Cost": 8364.38,
                  "Total Cost": 62346.64,
                  "Plan Rows": 2,
                  "Plan Width": 0,
                  "Actual Startup Time": 14360.895,
                  "Actual Total Time": 14360.895,
                  "Actual Rows": 0,
                  "Actual Loops": 10,
                  "Recheck Cond": "(form = 'assessment'::text)",
                  "Rows Removed by Index Recheck": 0,
                  "Filter": "(((doc #>> '{contact,_id}'::text[]) = chw.uuid) AND ((date_trunc('month'::text, reported))::date = month_facility.month) AND (CASE WHEN (((doc #>> '{fields,patient_age_in_years}'::text[]) = ''::text) OR ((doc #>> '{fields,patient_age_in_years}'::text[]) ~ 'NaN'::text)) THEN 99 ELSE ((doc #>> '{fields,patient_age_in_years}'::text[]))::integer END < 5))",
                  "Rows Removed by Filter": 261144,
                  "Exact Heap Blocks": 418010,
                  "Lossy Heap Blocks": 0,
                  "Shared Hit Blocks": 8468010,
                  "Shared Read Blocks": 3191854,
                  "Shared Dirtied Blocks": 0,
                  "Shared Written Blocks": 0,
                  "Local Hit Blocks": 0,
                  "Local Read Blocks": 0,
                  "Local Dirtied Blocks": 0,
                  "Local Written Blocks": 0,
                  "Temp Read Blocks": 0,
                  "Temp Written Blocks": 0,
                  "Plans": [
                    {
                      "Node Type": "Bitmap Index Scan",
                      "Parent Relationship": "Outer",
                      "Parallel Aware": false,
                      "Index Name": "fc41cda851af962dd45beccbc94bb88f",
                      "Startup Cost": 0.00,
                      "Total Cost": 8364.38,
                      "Plan Rows": 260317,
                      "Plan Width": 0,
                      "Actual Startup Time": 62.225,
                      "Actual Total Time": 62.225,
                      "Actual Rows": 261144,
                      "Actual Loops": 10,
                      "Index Cond": "(form = 'assessment'::text)",
                      "Shared Hit Blocks": 0,
                      "Shared Read Blocks": 6421,
                      "Shared Dirtied Blocks": 0,
                      "Shared Written Blocks": 0,
                      "Local Hit Blocks": 0,
                      "Local Read Blocks": 0,
                      "Local Dirtied Blocks": 0,
                      "Local Written Blocks": 0,
                      "Temp Read Blocks": 0,
                      "Temp Written Blocks": 0
                    }
                  ]
                },
                {
                  "Node Type": "Seq Scan",
                  "Parent Relationship": "SubPlan",
                  "Subplan Name": "SubPlan 2",
                  "Parallel Aware": false,
                  "Relation Name": "couchdb",
                  "Alias": "form",
                  "Startup Cost": 0.00,
                  "Total Cost": 524645.50,
                  "Plan Rows": 1,
                  "Plan Width": 0,
                  "Actual Startup Time": 0.000,
                  "Actual Total Time": 0.000,
                  "Actual Rows": 0,
                  "Actual Loops": 0,
                  "Filter": "(((doc ->> 'type'::text) = 'data_record'::text) AND ((doc ->> 'form'::text) = 'assessment_follow_up'::text) AND ((doc #>> '{contact,_id}'::text[]) = chw.uuid) AND (CASE WHEN (((doc #>> '{fields,patient_age_in_years}'::text[]) IS NULL) OR ((doc #>> '{fields,patient_age_in_years}'::text[]) = ''::text)) THEN 99 ELSE ((doc #>> '{fields,patient_age_in_years}'::text[]))::integer END < 5) AND ((date_trunc('month'::text, to_timestamp((((NULLIF((doc ->> 'reported_date'::text), ''::text))::bigint / 1000))::double precision)))::date = month_facility.month))",
                  "Rows Removed by Filter": 0,
                  "Shared Hit Blocks": 0,
                  "Shared Read Blocks": 0,
                  "Shared Dirtied Blocks": 0,
                  "Shared Written Blocks": 0,
                  "Local Hit Blocks": 0,
                  "Local Read Blocks": 0,
                  "Local Dirtied Blocks": 0,
                  "Local Written Blocks": 0,
                  "Temp Read Blocks": 0,
                  "Temp Written Blocks": 0
                },
                {
                  "Node Type": "Gather",
                  "Parent Relationship": "SubPlan",
                  "Subplan Name": "SubPlan 3",
                  "Parallel Aware": false,
                  "Startup Cost": 1000.00,
                  "Total Cost": 380387.67,
                  "Plan Rows": 23,
                  "Plan Width": 36,
                  "Actual Startup Time": 24.686,
                  "Actual Total Time": 24502.950,
                  "Actual Rows": 145018,
                  "Actual Loops": 1,
                  "Workers Planned": 2,
                  "Workers Launched": 2,
                  "Single Copy": false,
                  "Shared Hit Blocks": 10465482,
                  "Shared Read Blocks": 733640,
                  "Shared Dirtied Blocks": 0,
                  "Shared Written Blocks": 0,
                  "Local Hit Blocks": 0,
                  "Local Read Blocks": 0,
                  "Local Dirtied Blocks": 0,
                  "Local Written Blocks": 0,
                  "Temp Read Blocks": 0,
                  "Temp Written Blocks": 0,
                  "Plans": [
                    {
                      "Node Type": "Seq Scan",
                      "Parent Relationship": "Outer",
                      "Parallel Aware": true,
                      "Relation Name": "couchdb",
                      "Alias": "form_1",
                      "Startup Cost": 0.00,
                      "Total Cost": 379385.38,
                      "Plan Rows": 10,
                      "Plan Width": 36,
                      "Actual Startup Time": 109.548,
                      "Actual Total Time": 24528.267,
                      "Actual Rows": 48339,
                      "Actual Loops": 3,
                      "Filter": "(((doc ->> 'type'::text) = 'data_record'::text) AND ((doc ->> 'form'::text) = 'assessment_follow_up'::text) AND (CASE WHEN (((doc #>> '{fields,patient_age_in_years}'::text[]) IS NULL) OR ((doc #>> '{fields,patient_age_in_years}'::text[]) = ''::text)) THEN 99 ELSE ((doc #>> '{fields,patient_age_in_years}'::text[]))::integer END < 5))",
                      "Rows Removed by Filter": 887070,
                      "Shared Hit Blocks": 10465482,
                      "Shared Read Blocks": 733640,
                      "Shared Dirtied Blocks": 0,
                      "Shared Written Blocks": 0,
                      "Local Hit Blocks": 0,
                      "Local Read Blocks": 0,
                      "Local Dirtied Blocks": 0,
                      "Local Written Blocks": 0,
                      "Temp Read Blocks": 0,
                      "Temp Written Blocks": 0,
                      "Workers": [
                      ]
                    }
                  ]
                }
              ]
            }
          ]
        }
      ]
    },
    "Planning": {
      "Shared Hit Blocks": 518,
      "Shared Read Blocks": 80,
      "Shared Dirtied Blocks": 0,
      "Shared Written Blocks": 0,
      "Local Hit Blocks": 0,
      "Local Read Blocks": 0,
      "Local Dirtied Blocks": 0,
      "Local Written Blocks": 0,
      "Temp Read Blocks": 0,
      "Temp Written Blocks": 0
    },
    "Planning Time": 7.722,
    "Triggers": [
    ],
    "JIT": {
      "Functions": 86,
      "Options": {
        "Inlining": true,
        "Optimization": true,
        "Expressions": true,
        "Deforming": true
      },
      "Timing": {
        "Generation": 13.092,
        "Inlining": 277.986,
        "Optimization": 602.494,
        "Emission": 407.649,
        "Total": 1301.221
      }
    },
    "Execution Time": 174531.131
  }
]
