[
  {
    "Plan": {
      "Node Type": "Limit",
      "Parallel Aware": false,
      "Startup Cost": 60522.33,
      "Total Cost": 460479.21,
      "Plan Rows": 5,
      "Plan Width": 286,
      "Actual Startup Time": 20113.149,
      "Actual Total Time": 198185.445,
      "Actual Rows": 10,
      "Actual Loops": 1,
      "Shared Hit Blocks": 99148995,
      "Shared Read Blocks": 3207554,
      "Shared Dirtied Blocks": 0,
      "Shared Written Blocks": 0,
      "Local Hit Blocks": 0,
      "Local Read Blocks": 0,
      "Local Dirtied Blocks": 0,
      "Local Written Blocks": 0,
      "Temp Read Blocks": 19840,
      "Temp Written Blocks": 20308,
      "Plans": [
        {
          "Node Type": "Nested Loop",
          "Parent Relationship": "Outer",
          "Parallel Aware": false,
          "Join Type": "Inner",
          "Startup Cost": 60522.33,
          "Total Cost": 460479.21,
          "Plan Rows": 5,
          "Plan Width": 286,
          "Actual Startup Time": 20092.576,
          "Actual Total Time": 198164.862,
          "Actual Rows": 10,
          "Actual Loops": 1,
          "Inner Unique": false,
          "Join Filter": "(COALESCE((form.doc #>> '{fields,form_source_id}'::text[]), ''::text) = ((data_record.doc ->> '_id'::text)))",
          "Rows Removed by Join Filter": 1718560,
          "Shared Hit Blocks": 99148995,
          "Shared Read Blocks": 3207554,
          "Shared Dirtied Blocks": 0,
          "Shared Written Blocks": 0,
          "Local Hit Blocks": 0,
          "Local Read Blocks": 0,
          "Local Dirtied Blocks": 0,
          "Local Written Blocks": 0,
          "Temp Read Blocks": 19840,
          "Temp Written Blocks": 20308,
          "Plans": [
            {
              "Node Type": "Gather",
              "Parent Relationship": "Outer",
              "Parallel Aware": false,
              "Startup Cost": 1000.00,
              "Total Cost": 400803.35,
              "Plan Rows": 1,
              "Plan Width": 809,
              "Actual Startup Time": 2.650,
              "Actual Total Time": 8.123,
              "Actual Rows": 10,
              "Actual Loops": 1,
              "Workers Planned": 2,
              "Workers Launched": 2,
              "Single Copy": false,
              "Shared Hit Blocks": 217835,
              "Shared Read Blocks": 14909,
              "Shared Dirtied Blocks": 0,
              "Shared Written Blocks": 0,
              "Local Hit Blocks": 0,
              "Local Read Blocks": 0,
              "Local Dirtied Blocks": 0,
              "Local Written Blocks": 0,
              "Temp Read Blocks": 0,
              "Temp Written Blocks": 0,
              "Plans": [
                {
                  "Node Type": "Seq Scan",
                  "Parent Relationship": "Outer",
                  "Parallel Aware": true,
                  "Relation Name": "couchdb",
                  "Alias": "form",
                  "Startup Cost": 0.00,
                  "Total Cost": 399803.25,
                  "Plan Rows": 1,
                  "Plan Width": 809,
                  "Actual Startup Time": 7.994,
                  "Actual Total Time": 557.853,
                  "Actual Rows": 780,
                  "Actual Loops": 3,
                  "Filter": "(((doc ->> 'type'::text) = 'data_record'::text) AND ((doc ->> 'form'::text) = 'assessment_follow_up'::text) AND (CASE WHEN (((doc #>> '{fields,patient_age_in_months}'::text[]) IS NULL) OR ((doc #>> '{fields,patient_age_in_months}'::text[]) = ''::text)) THEN 99 ELSE ((doc #>> '{fields,patient_age_in_months}'::text[]))::integer END >= 2) AND (CASE WHEN (((doc #>> '{fields,patient_age_in_months}'::text[]) IS NULL) OR ((doc #>> '{fields,patient_age_in_months}'::text[]) = ''::text)) THEN 99 ELSE ((doc #>> '{fields,patient_age_in_months}'::text[]))::integer END < 60))",
                  "Rows Removed by Filter": 18951,
                  "Shared Hit Blocks": 217835,
                  "Shared Read Blocks": 14909,
                  "Shared Dirtied Blocks": 0,
                  "Shared Written Blocks": 0,
                  "Local Hit Blocks": 0,
                  "Local Read Blocks": 0,
                  "Local Dirtied Blocks": 0,
                  "Local Written Blocks": 0,
                  "Temp Read Blocks": 0,
                  "Temp Written Blocks": 0,
                  "Workers": [
                  ]
                }
              ]
            },
            {
              "Node Type": "Gather Merge",
              "Parent Relationship": "Inner",
              "Parallel Aware": false,
              "Startup Cost": 59522.33,
              "Total Cost": 59648.33,
              "Plan Rows": 1080,
              "Plan Width": 164,
              "Actual Startup Time": 18600.233,
              "Actual Total Time": 18682.416,
              "Actual Rows": 171857,
              "Actual Loops": 10,
              "Workers Planned": 2,
              "Workers Launched": 2,
              "Shared Hit Blocks": 36801152,
              "Shared Read Blocks": 1282669,
              "Shared Dirtied Blocks": 0,
              "Shared Written Blocks": 0,
              "Local Hit Blocks": 0,
              "Local Read Blocks": 0,
              "Local Dirtied Blocks": 0,
              "Local Written Blocks": 0,
              "Temp Read Blocks": 10995,
              "Temp Written Blocks": 11427,
              "Plans": [
                {
                  "Node Type": "Sort",
                  "Parent Relationship": "Outer",
                  "Parallel Aware": false,
                  "Startup Cost": 58522.30,
                  "Total Cost": 58523.65,
                  "Plan Rows": 540,
                  "Plan Width": 164,
                  "Actual Startup Time": 18567.483,
                  "Actual Total Time": 18581.588,
                  "Actual Rows": 57330,
                  "Actual Loops": 30,
                  "Sort Key": ["((data_record.doc ->> '_id'::text))"],
                  "Sort Method": "external sort",
                  "Sort Space Used": 4120,
                  "Sort Space Type": "Disk",
                  "Shared Hit Blocks": 91874010,
                  "Shared Read Blocks": 3192604,
                  "Shared Dirtied Blocks": 0,
                  "Shared Written Blocks": 0,
                  "Local Hit Blocks": 0,
                  "Local Read Blocks": 0,
                  "Local Dirtied Blocks": 0,
                  "Local Written Blocks": 0,
                  "Temp Read Blocks": 19840,
                  "Temp Written Blocks": 20308,
                  "Workers": [
                    {
                      "Worker Number": 0,
                      "Sort Method": "external merge",
                      "Sort Space Used": 3968,
                      "Sort Space Type": "Disk"
                    },
                    {
                      "Worker Number": 1,
                      "Sort Method": "external merge",
                      "Sort Space Used": 3936,
                      "Sort Space Type": "Disk"
                    }
                  ],
                  "Plans": [
                    {
                      "Node Type": "Bitmap Heap Scan",
                      "Parent Relationship": "Outer",
                      "Parallel Aware": true,
                      "Relation Name": "data_record",
                      "Alias": "data_record",
                      "Startup Cost": 8364.70,
                      "Total Cost": 58497.79,
                      "Plan Rows": 540,
                      "Plan Width": 164,
                      "Actual Startup Time": 57.342,
                      "Actual Total Time": 18434.218,
                      "Actual Rows": 60705,
                      "Actual Loops": 30,
                      "Recheck Cond": "(form = 'assessment'::text)",
                      "Rows Removed by Index Recheck": 0,
                      "Filter": "((CASE WHEN (((doc #>> '{fields,patient_age_in_months}'::text[]) = ''::text) OR ((doc #>> '{fields,patient_age_in_months}'::text[]) ~ 'NaN'::text)) THEN 99 ELSE ((doc #>> '{fields,patient_age_in_months}'::text[]))::integer END >= 2) AND (CASE WHEN (((doc #>> '{fields,patient_age_in_months}'::text[]) = ''::text) OR ((doc #>> '{fields,patient_age_in_months}'::text[]) ~ 'NaN'::text)) THEN 99 ELSE ((doc #>> '{fields,patient_age_in_months}'::text[]))::integer END < 60) AND (((doc #>> '{fields,group_cough,patient_coughs}'::text[]) = 'yes'::text) OR ((doc #>> '{fields,group_diarrhea,patient_diarrhea}'::text[]) = 'yes'::text) OR ((doc #>> '{fields,group_fever,patient_fever}'::text[]) = 'yes'::text) OR ((doc #>> '{fields,group_danger_signs,danger_signs}'::text[]) <> ''::text)))",
                      "Rows Removed by Filter": 26343,
                      "Exact Heap Blocks": 139559,
                      "Lossy Heap Blocks": 0,
                      "Shared Hit Blocks": 91873877,
                      "Shared Read Blocks": 3192577,
                      "Shared Dirtied Blocks": 0,
                      "Shared Written Blocks": 0,
                      "Local Hit Blocks": 0,
                      "Local Read Blocks": 0,
                      "Local Dirtied Blocks": 0,
                      "Local Written Blocks": 0,
                      "Temp Read Blocks": 0,
                      "Temp Written Blocks": 0,
                      "Workers": [
                      ],
                      "Plans": [
                        {
                          "Node Type": "Bitmap Index Scan",
                          "Parent Relationship": "Outer",
                          "Parallel Aware": false,
                          "Index Name": "fc41cda851af962dd45beccbc94bb88f",
                          "Startup Cost": 0.00,
                          "Total Cost": 8364.38,
                          "Plan Rows": 260317,
                          "Plan Width": 0,
                          "Actual Startup Time": 61.214,
                          "Actual Total Time": 61.214,
                          "Actual Rows": 261144,
                          "Actual Loops": 10,
                          "Index Cond": "(form = 'assessment'::text)",
                          "Shared Hit Blocks": 0,
                          "Shared Read Blocks": 6421,
                          "Shared Dirtied Blocks": 0,
                          "Shared Written Blocks": 0,
                          "Local Hit Blocks": 0,
                          "Local Read Blocks": 0,
                          "Local Dirtied Blocks": 0,
                          "Local Written Blocks": 0,
                          "Temp Read Blocks": 0,
                          "Temp Written Blocks": 0,
                          "Workers": [
                          ]
                        }
                      ]
                    }
                  ]
                }
              ]
            }
          ]
        }
      ]
    },
    "Planning": {
      "Shared Hit Blocks": 244,
      "Shared Read Blocks": 51,
      "Shared Dirtied Blocks": 0,
      "Shared Written Blocks": 0,
      "Local Hit Blocks": 0,
      "Local Read Blocks": 0,
      "Local Dirtied Blocks": 0,
      "Local Written Blocks": 0,
      "Temp Read Blocks": 0,
      "Temp Written Blocks": 0
    },
    "Planning Time": 5.366,
    "Triggers": [
    ],
    "JIT": {
      "Functions": 34,
      "Options": {
        "Inlining": false,
        "Optimization": false,
        "Expressions": true,
        "Deforming": true
      },
      "Timing": {
        "Generation": 10.152,
        "Inlining": 0.000,
        "Optimization": 3.206,
        "Emission": 59.379,
        "Total": 72.737
      }
    },
    "Execution Time": 198207.169
  }
]
