[
  {
    "Plan": {
      "Node Type": "Limit",
      "Parallel Aware": false,
      "Startup Cost": 394969.62,
      "Total Cost": 394969.78,
      "Plan Rows": 1,
      "Plan Width": 151,
      "Actual Startup Time": 21970.218,
      "Actual Total Time": 21979.992,
      "Actual Rows": 10,
      "Actual Loops": 1,
      "Shared Hit Blocks": 12848095,
      "Shared Read Blocks": 733651,
      "Shared Dirtied Blocks": 0,
      "Shared Written Blocks": 0,
      "Local Hit Blocks": 0,
      "Local Read Blocks": 0,
      "Local Dirtied Blocks": 0,
      "Local Written Blocks": 0,
      "Temp Read Blocks": 0,
      "Temp Written Blocks": 0,
      "Plans": [
        {
          "Node Type": "Subquery Scan",
          "Parent Relationship": "Outer",
          "Parallel Aware": false,
          "Alias": "confirmed_deliveries_cte",
          "Startup Cost": 394969.62,
          "Total Cost": 394969.77,
          "Plan Rows": 1,
          "Plan Width": 151,
          "Actual Startup Time": 21961.618,
          "Actual Total Time": 21971.390,
          "Actual Rows": 10,
          "Actual Loops": 1,
          "Shared Hit Blocks": 12848095,
          "Shared Read Blocks": 733651,
          "Shared Dirtied Blocks": 0,
          "Shared Written Blocks": 0,
          "Local Hit Blocks": 0,
          "Local Read Blocks": 0,
          "Local Dirtied Blocks": 0,
          "Local Written Blocks": 0,
          "Temp Read Blocks": 0,
          "Temp Written Blocks": 0,
          "Plans": [
            {
              "Node Type": "Unique",
              "Parent Relationship": "Subquery",
              "Parallel Aware": false,
              "Startup Cost": 394969.62,
              "Total Cost": 394969.74,
              "Plan Rows": 1,
              "Plan Width": 282,
              "Actual Startup Time": 21961.597,
              "Actual Total Time": 21971.361,
              "Actual Rows": 10,
              "Actual Loops": 1,
              "Shared Hit Blocks": 12848095,
              "Shared Read Blocks": 733651,
              "Shared Dirtied Blocks": 0,
              "Shared Written Blocks": 0,
              "Local Hit Blocks": 0,
              "Local Read Blocks": 0,
              "Local Dirtied Blocks": 0,
              "Local Written Blocks": 0,
              "Temp Read Blocks": 0,
              "Temp Written Blocks": 0,
              "Plans": [
                {
                  "Node Type": "Gather Merge",
                  "Parent Relationship": "Outer",
                  "Parallel Aware": false,
                  "Startup Cost": 394969.62,
                  "Total Cost": 394969.74,
                  "Plan Rows": 1,
                  "Plan Width": 282,
                  "Actual Startup Time": 21961.594,
                  "Actual Total Time": 21971.347,
                  "Actual Rows": 11,
                  "Actual Loops": 1,
                  "Workers Planned": 2,
                  "Workers Launched": 2,
                  "Shared Hit Blocks": 12848095,
                  "Shared Read Blocks": 733651,
                  "Shared Dirtied Blocks": 0,
                  "Shared Written Blocks": 0,
                  "Local Hit Blocks": 0,
                  "Local Read Blocks": 0,
                  "Local Dirtied Blocks": 0,
                  "Local Written Blocks": 0,
                  "Temp Read Blocks": 0,
                  "Temp Written Blocks": 0,
                  "Plans": [
                    {
                      "Node Type": "Sort",
                      "Parent Relationship": "Outer",
                      "Parallel Aware": false,
                      "Startup Cost": 393969.60,
                      "Total Cost": 393969.60,
                      "Plan Rows": 1,
                      "Plan Width": 282,
                      "Actual Startup Time": 21948.362,
                      "Actual Total Time": 21948.378,
                      "Actual Rows": 186,
                      "Actual Loops": 3,
                      "Sort Key": ["((couchdb.doc #>> '{fields,patient_id}'::text[]))", "(to_timestamp((((NULLIF((couchdb.doc ->> 'reported_date'::text), ''::text))::bigint / 1000))::double precision))"],
                      "Sort Method": "quicksort",
                      "Sort Space Used": 1886,
                      "Sort Space Type": "Memory",
                      "Shared Hit Blocks": 12848095,
                      "Shared Read Blocks": 733651,
                      "Shared Dirtied Blocks": 0,
                      "Shared Written Blocks": 0,
                      "Local Hit Blocks": 0,
                      "Local Read Blocks": 0,
                      "Local Dirtied Blocks": 0,
                      "Local Written Blocks": 0,
                      "Temp Read Blocks": 0,
                      "Temp Written Blocks": 0,
                      "Workers": [
                        {
                          "Worker Number": 0,
                          "Sort Method": "quicksort",
                          "Sort Space Used": 1912,
                          "Sort Space Type": "Memory"
                        },
                        {
                          "Worker Number": 1,
                          "Sort Method": "quicksort",
                          "Sort Space Used": 1838,
                          "Sort Space Type": "Memory"
                        }
                      ],
                      "Plans": [
                        {
                          "Node Type": "Seq Scan",
                          "Parent Relationship": "Outer",
                          "Parallel Aware": true,
                          "Relation Name": "couchdb",
                          "Alias": "couchdb",
                          "Startup Cost": 0.00,
                          "Total Cost": 393969.59,
                          "Plan Rows": 1,
                          "Plan Width": 282,
                          "Actual Startup Time": 14.363,
                          "Actual Total Time": 21929.634,
                          "Actual Rows": 6348,
                          "Actual Loops": 3,
                          "Filter": "(((doc #>> '{fields,patient_id}'::text[]) IS NOT NULL) AND ((doc #>> '{fields,patient_id}'::text[]) <> ''::text) AND ((doc ->> 'type'::text) = 'data_record'::text) AND ((doc ->> 'form'::text) = 'postnatal_care'::text) AND ((doc #>> '{fields,follow_up_count}'::text[]) = '1'::text) AND (((doc #>> '{fields,pregnancy_outcome}'::text[]) = 'healthy'::text) OR ((doc #>> '{fields,pregnancy_outcome}'::text[]) = 'still_birth'::text) OR ((doc #>> '{fields,pregnancy_outcome}'::text[]) = ''::text) OR ((doc #>> '{fields,pregnancy_outcome}'::text[]) IS NULL)))",
                          "Rows Removed by Filter": 929061,
                          "Shared Hit Blocks": 12847967,
                          "Shared Read Blocks": 733649,
                          "Shared Dirtied Blocks": 0,
                          "Shared Written Blocks": 0,
                          "Local Hit Blocks": 0,
                          "Local Read Blocks": 0,
                          "Local Dirtied Blocks": 0,
                          "Local Written Blocks": 0,
                          "Temp Read Blocks": 0,
                          "Temp Written Blocks": 0,
                          "Workers": [
                          ]
                        }
                      ]
                    }
                  ]
                }
              ]
            }
          ]
        }
      ]
    },
    "Planning": {
      "Shared Hit Blocks": 144,
      "Shared Read Blocks": 46,
      "Shared Dirtied Blocks": 0,
      "Shared Written Blocks": 0,
      "Local Hit Blocks": 0,
      "Local Read Blocks": 0,
      "Local Dirtied Blocks": 0,
      "Local Written Blocks": 0,
      "Temp Read Blocks": 0,
      "Temp Written Blocks": 0
    },
    "Planning Time": 3.760,
    "Triggers": [
    ],
    "JIT": {
      "Functions": 17,
      "Options": {
        "Inlining": false,
        "Optimization": false,
        "Expressions": true,
        "Deforming": true
      },
      "Timing": {
        "Generation": 2.369,
        "Inlining": 0.000,
        "Optimization": 1.237,
        "Emission": 24.033,
        "Total": 27.639
      }
    },
    "Execution Time": 21994.629
  }
]
