[
  {
    "Plan": {
      "Node Type": "Limit",
      "Parallel Aware": false,
      "Startup Cost": 4819917.99,
      "Total Cost": 4821771.62,
      "Plan Rows": 10,
      "Plan Width": 180,
      "Actual Startup Time": 105159.747,
      "Actual Total Time": 105160.023,
      "Actual Rows": 10,
      "Actual Loops": 1,
      "Shared Hit Blocks": 51056476,
      "Shared Read Blocks": 1715367,
      "Shared Dirtied Blocks": 0,
      "Shared Written Blocks": 0,
      "Local Hit Blocks": 0,
      "Local Read Blocks": 0,
      "Local Dirtied Blocks": 0,
      "Local Written Blocks": 0,
      "Temp Read Blocks": 60292,
      "Temp Written Blocks": 99772,
      "Plans": [
        {
          "Node Type": "Unique",
          "Parent Relationship": "Outer",
          "Parallel Aware": false,
          "Startup Cost": 4819917.99,
          "Total Cost": 4856986.72,
          "Plan Rows": 200,
          "Plan Width": 180,
          "Actual Startup Time": 104814.281,
          "Actual Total Time": 104814.555,
          "Actual Rows": 10,
          "Actual Loops": 1,
          "Shared Hit Blocks": 51056476,
          "Shared Read Blocks": 1715367,
          "Shared Dirtied Blocks": 0,
          "Shared Written Blocks": 0,
          "Local Hit Blocks": 0,
          "Local Read Blocks": 0,
          "Local Dirtied Blocks": 0,
          "Local Written Blocks": 0,
          "Temp Read Blocks": 60292,
          "Temp Written Blocks": 99772,
          "Plans": [
            {
              "Node Type": "Sort",
              "Parent Relationship": "Outer",
              "Parallel Aware": false,
              "Startup Cost": 4819917.99,
              "Total Cost": 4838452.35,
              "Plan Rows": 7413746,
              "Plan Width": 180,
              "Actual Startup Time": 104814.279,
              "Actual Total Time": 104814.494,
              "Actual Rows": 791,
              "Actual Loops": 1,
              "Sort Key": ["preg.patient_id", "preg.reported DESC"],
              "Sort Method": "external merge",
              "Sort Space Used": 317200,
              "Sort Space Type": "Disk",
              "Shared Hit Blocks": 51056476,
              "Shared Read Blocks": 1715367,
              "Shared Dirtied Blocks": 0,
              "Shared Written Blocks": 0,
              "Local Hit Blocks": 0,
              "Local Read Blocks": 0,
              "Local Dirtied Blocks": 0,
              "Local Written Blocks": 0,
              "Temp Read Blocks": 60292,
              "Temp Written Blocks": 99772,
              "Plans": [
                {
                  "Node Type": "Subquery Scan",
                  "Parent Relationship": "Outer",
                  "Parallel Aware": false,
                  "Alias": "preg",
                  "Startup Cost": 734526.24,
                  "Total Cost": 1997423.91,
                  "Plan Rows": 7413746,
                  "Plan Width": 180,
                  "Actual Startup Time": 41608.868,
                  "Actual Total Time": 103059.688,
                  "Actual Rows": 1518459,
                  "Actual Loops": 1,
                  "Filter": "(NOT (hashed SubPlan 1))",
                  "Rows Removed by Filter": 11060,
                  "Shared Hit Blocks": 51056470,
                  "Shared Read Blocks": 1715367,
                  "Shared Dirtied Blocks": 0,
                  "Shared Written Blocks": 0,
                  "Local Hit Blocks": 0,
                  "Local Read Blocks": 0,
                  "Local Dirtied Blocks": 0,
                  "Local Written Blocks": 0,
                  "Temp Read Blocks": 0,
                  "Temp Written Blocks": 0,
                  "Plans": [
                    {
                      "Node Type": "Nested Loop",
                      "Parent Relationship": "Subquery",
                      "Parallel Aware": false,
                      "Join Type": "Inner",
                      "Startup Cost": 368725.39,
                      "Total Cost": 1372141.93,
                      "Plan Rows": 14827493,
                      "Plan Width": 209,
                      "Actual Startup Time": 23104.758,
                      "Actual Total Time": 84138.377,
                      "Actual Rows": 1529519,
                      "Actual Loops": 1,
                      "Inner Unique": false,
                      "Shared Hit Blocks": 43474962,
                      "Shared Read Blocks": 981681,
                      "Shared Dirtied Blocks": 0,
                      "Shared Written Blocks": 0,
                      "Local Hit Blocks": 0,
                      "Local Read Blocks": 0,
                      "Local Dirtied Blocks": 0,
                      "Local Written Blocks": 0,
                      "Temp Read Blocks": 0,
                      "Temp Written Blocks": 0,
                      "Plans": [
                        {
                          "Node Type": "Hash Join",
                          "Parent Relationship": "Outer",
                          "Parallel Aware": false,
                          "Join Type": "Inner",
                          "Startup Cost": 368725.39,
                          "Total Cost": 630752.43,
                          "Plan Rows": 329500,
                          "Plan Width": 2383,
                          "Actual Startup Time": 23104.497,
                          "Actual Total Time": 33699.580,
                          "Actual Rows": 19361,
                          "Actual Loops": 1,
                          "Inner Unique": false,
                          "Hash Cond": "((raw_contacts.doc ->> '_id'::text) = (couchdb.doc #>> '{contact,_id}'::text[]))",
                          "Shared Hit Blocks": 11775030,
                          "Shared Read Blocks": 981669,
                          "Shared Dirtied Blocks": 0,
                          "Shared Written Blocks": 0,
                          "Local Hit Blocks": 0,
                          "Local Read Blocks": 0,
                          "Local Dirtied Blocks": 0,
                          "Local Written Blocks": 0,
                          "Temp Read Blocks": 0,
                          "Temp Written Blocks": 0,
                          "Plans": [
                            {
                              "Node Type": "Seq Scan",
                              "Parent Relationship": "Outer",
                              "Parallel Aware": false,
                              "Relation Name": "raw_contacts",
                              "Alias": "raw_contacts",
                              "Startup Cost": 0.00,
                              "Total Cost": 231273.72,
                              "Plan Rows": 955072,
                              "Plan Width": 1574,
                              "Actual Startup Time": 0.022,
                              "Actual Total Time": 2443.378,
                              "Actual Rows": 955456,
                              "Actual Loops": 1,
                              "Shared Hit Blocks": 0,
                              "Shared Read Blocks": 221723,
                              "Shared Dirtied Blocks": 0,
                              "Shared Written Blocks": 0,
                              "Local Hit Blocks": 0,
                              "Local Read Blocks": 0,
                              "Local Dirtied Blocks": 0,
                              "Local Written Blocks": 0,
                              "Temp Read Blocks": 0,
                              "Temp Written Blocks": 0
                            },
                            {
                              "Node Type": "Hash",
                              "Parent Relationship": "Inner",
                              "Parallel Aware": false,
                              "Startup Cost": 368724.53,
                              "Total Cost": 368724.53,
                              "Plan Rows": 69,
                              "Plan Width": 809,
                              "Actual Startup Time": 23104.377,
                              "Actual Total Time": 23104.445,
                              "Actual Rows": 53258,
                              "Actual Loops": 1,
                              "Hash Buckets": 65536,
                              "Original Hash Buckets": 1024,
                              "Hash Batches": 1,
                              "Original Hash Batches": 1,
                              "Peak Memory Usage": 3113,
                              "Shared Hit Blocks": 11718304,
                              "Shared Read Blocks": 733635,
                              "Shared Dirtied Blocks": 0,
                              "Shared Written Blocks": 0,
                              "Local Hit Blocks": 0,
                              "Local Read Blocks": 0,
                              "Local Dirtied Blocks": 0,
                              "Local Written Blocks": 0,
                              "Temp Read Blocks": 0,
                              "Temp Written Blocks": 0,
                              "Plans": [
                                {
                                  "Node Type": "Gather",
                                  "Parent Relationship": "Outer",
                                  "Parallel Aware": false,
                                  "Startup Cost": 1000.00,
                                  "Total Cost": 368724.53,
                                  "Plan Rows": 69,
                                  "Plan Width": 809,
                                  "Actual Startup Time": 1.811,
                                  "Actual Total Time": 22152.909,
                                  "Actual Rows": 53258,
                                  "Actual Loops": 1,
                                  "Workers Planned": 2,
                                  "Workers Launched": 2,
                                  "Single Copy": false,
                                  "Shared Hit Blocks": 11497614,
                                  "Shared Read Blocks": 733635,
                                  "Shared Dirtied Blocks": 0,
                                  "Shared Written Blocks": 0,
                                  "Local Hit Blocks": 0,
                                  "Local Read Blocks": 0,
                                  "Local Dirtied Blocks": 0,
                                  "Local Written Blocks": 0,
                                  "Temp Read Blocks": 0,
                                  "Temp Written Blocks": 0,
                                  "Plans": [
                                    {
                                      "Node Type": "Seq Scan",
                                      "Parent Relationship": "Outer",
                                      "Parallel Aware": true,
                                      "Relation Name": "couchdb",
                                      "Alias": "couchdb",
                                      "Startup Cost": 0.00,
                                      "Total Cost": 367717.62,
                                      "Plan Rows": 29,
                                      "Plan Width": 809,
                                      "Actual Startup Time": 73.111,
                                      "Actual Total Time": 22759.665,
                                      "Actual Rows": 17753,
                                      "Actual Loops": 3,
                                      "Filter": "(((doc #>> '{fields,patient_id}'::text[]) IS NOT NULL) AND ((doc #>> '{fields,patient_id}'::text[]) <> ''::text) AND ((doc ->> 'type'::text) = 'data_record'::text) AND ((doc ->> 'form'::text) = 'pregnancy'::text))",
                                      "Rows Removed by Filter": 917657,
                                      "Shared Hit Blocks": 11497614,
                                      "Shared Read Blocks": 733635,
                                      "Shared Dirtied Blocks": 0,
                                      "Shared Written Blocks": 0,
                                      "Local Hit Blocks": 0,
                                      "Local Read Blocks": 0,
                                      "Local Dirtied Blocks": 0,
                                      "Local Written Blocks": 0,
                                      "Temp Read Blocks": 0,
                                      "Temp Written Blocks": 0,
                                      "Workers": [
                                      ]
                                    }
                                  ]
                                }
                              ]
                            }
                          ]
                        },
                        {
                          "Node Type": "Materialize",
                          "Parent Relationship": "Inner",
                          "Parallel Aware": false,
                          "Startup Cost": 0.00,
                          "Total Cost": 14.88,
                          "Plan Rows": 45,
                          "Plan Width": 0,
                          "Actual Startup Time": 0.000,
                          "Actual Total Time": 0.004,
                          "Actual Rows": 79,
                          "Actual Loops": 19361,
                          "Shared Hit Blocks": 0,
                          "Shared Read Blocks": 9,
                          "Shared Dirtied Blocks": 0,
                          "Shared Written Blocks": 0,
                          "Local Hit Blocks": 0,
                          "Local Read Blocks": 0,
                          "Local Dirtied Blocks": 0,
                          "Local Written Blocks": 0,
                          "Temp Read Blocks": 0,
                          "Temp Written Blocks": 0,
                          "Plans": [
                            {
                              "Node Type": "Seq Scan",
                              "Parent Relationship": "Outer",
                              "Parallel Aware": false,
                              "Relation Name": "configuration",
                              "Alias": "configuration",
                              "Startup Cost": 0.00,
                              "Total Cost": 14.65,
                              "Plan Rows": 45,
                              "Plan Width": 0,
                              "Actual Startup Time": 0.161,
                              "Actual Total Time": 0.604,
                              "Actual Rows": 79,
                              "Actual Loops": 1,
                              "Filter": "((value ? 'lmp_calcs'::text) AND (key = 'anc'::text))",
                              "Rows Removed by Filter": 316,
                              "Shared Hit Blocks": 0,
                              "Shared Read Blocks": 9,
                              "Shared Dirtied Blocks": 0,
                              "Shared Written Blocks": 0,
                              "Local Hit Blocks": 0,
                              "Local Read Blocks": 0,
                              "Local Dirtied Blocks": 0,
                              "Local Written Blocks": 0,
                              "Temp Read Blocks": 0,
                              "Temp Written Blocks": 0
                            }
                          ]
                        }
                      ]
                    },
                    {
                      "Node Type": "Gather",
                      "Parent Relationship": "SubPlan",
                      "Subplan Name": "SubPlan 1",
                      "Parallel Aware": false,
                      "Startup Cost": 1000.00,
                      "Total Cost": 365800.85,
                      "Plan Rows": 1,
                      "Plan Width": 32,
                      "Actual Startup Time": 62.533,
                      "Actual Total Time": 18490.600,
                      "Actual Rows": 613,
                      "Actual Loops": 1,
                      "Workers Planned": 2,
                      "Workers Launched": 2,
                      "Single Copy": false,
                      "Shared Hit Blocks": 7581508,
                      "Shared Read Blocks": 733686,
                      "Shared Dirtied Blocks": 0,
                      "Shared Written Blocks": 0,
                      "Local Hit Blocks": 0,
                      "Local Read Blocks": 0,
                      "Local Dirtied Blocks": 0,
                      "Local Written Blocks": 0,
                      "Temp Read Blocks": 0,
                      "Temp Written Blocks": 0,
                      "Plans": [
                        {
                          "Node Type": "Seq Scan",
                          "Parent Relationship": "Outer",
                          "Parallel Aware": true,
                          "Relation Name": "couchdb",
                          "Alias": "couchdb_1",
                          "Startup Cost": 0.00,
                          "Total Cost": 364800.75,
                          "Plan Rows": 1,
                          "Plan Width": 32,
                          "Actual Startup Time": 262.915,
                          "Actual Total Time": 18479.559,
                          "Actual Rows": 204,
                          "Actual Loops": 3,
                          "Filter": "(((doc ->> 'type'::text) = 'data_record'::text) AND ((doc ->> 'form'::text) = 'postnatal_care'::text) AND ((doc #>> '{fields,pregnancy_outcome}'::text[]) = 'miscarriage'::text))",
                          "Rows Removed by Filter": 935205,
                          "Shared Hit Blocks": 7581508,
                          "Shared Read Blocks": 733686,
                          "Shared Dirtied Blocks": 0,
                          "Shared Written Blocks": 0,
                          "Local Hit Blocks": 0,
                          "Local Read Blocks": 0,
                          "Local Dirtied Blocks": 0,
                          "Local Written Blocks": 0,
                          "Temp Read Blocks": 0,
                          "Temp Written Blocks": 0,
                          "Workers": [
                          ]
                        }
                      ]
                    }
                  ]
                }
              ]
            }
          ]
        }
      ]
    },
    "Planning": {
      "Shared Hit Blocks": 252,
      "Shared Read Blocks": 56,
      "Shared Dirtied Blocks": 0,
      "Shared Written Blocks": 0,
      "Local Hit Blocks": 0,
      "Local Read Blocks": 0,
      "Local Dirtied Blocks": 0,
      "Local Written Blocks": 0,
      "Temp Read Blocks": 0,
      "Temp Written Blocks": 0
    },
    "Planning Time": 5.505,
    "Triggers": [
    ],
    "JIT": {
      "Functions": 52,
      "Options": {
        "Inlining": true,
        "Optimization": true,
        "Expressions": true,
        "Deforming": true
      },
      "Timing": {
        "Generation": 4.596,
        "Inlining": 253.230,
        "Optimization": 397.802,
        "Emission": 237.129,
        "Total": 892.756
      }
    },
    "Execution Time": 105246.532
  }
]
