[
  {
    "Plan": {
      "Node Type": "Limit",
      "Parallel Aware": false,
      "Startup Cost": 275556.09,
      "Total Cost": 1380416.88,
      "Plan Rows": 10,
      "Plan Width": 104,
      "Actual Startup Time": 21466.296,
      "Actual Total Time": 21473.263,
      "Actual Rows": 0,
      "Actual Loops": 1,
      "Shared Hit Blocks": 3442090,
      "Shared Read Blocks": 955594,
      "Shared Dirtied Blocks": 0,
      "Shared Written Blocks": 0,
      "Local Hit Blocks": 0,
      "Local Read Blocks": 0,
      "Local Dirtied Blocks": 0,
      "Local Written Blocks": 0,
      "Temp Read Blocks": 0,
      "Temp Written Blocks": 0,
      "Plans": [
        {
          "Node Type": "Aggregate",
          "Strategy": "Sorted",
          "Partial Mode": "Simple",
          "Parent Relationship": "Outer",
          "Parallel Aware": false,
          "Startup Cost": 275556.09,
          "Total Cost": 527846534.14,
          "Plan Rows": 4775,
          "Plan Width": 104,
          "Actual Startup Time": 21023.591,
          "Actual Total Time": 21030.559,
          "Actual Rows": 0,
          "Actual Loops": 1,
          "Group Key": ["(raw_contacts.doc ->> 'name'::text)"],
          "Shared Hit Blocks": 3442090,
          "Shared Read Blocks": 955594,
          "Shared Dirtied Blocks": 0,
          "Shared Written Blocks": 0,
          "Local Hit Blocks": 0,
          "Local Read Blocks": 0,
          "Local Dirtied Blocks": 0,
          "Local Written Blocks": 0,
          "Temp Read Blocks": 0,
          "Temp Written Blocks": 0,
          "Plans": [
            {
              "Node Type": "Nested Loop",
              "Parent Relationship": "Outer",
              "Parallel Aware": false,
              "Join Type": "Inner",
              "Startup Cost": 275556.09,
              "Total Cost": 516512453.61,
              "Plan Rows": 83955710,
              "Plan Width": 74,
              "Actual Startup Time": 21023.589,
              "Actual Total Time": 21030.556,
              "Actual Rows": 0,
              "Actual Loops": 1,
              "Inner Unique": false,
              "Join Filter": "((couchdb_1.doc ->> '_id'::text) = chp.branch_uuid)",
              "Rows Removed by Join Filter": 0,
              "Shared Hit Blocks": 3442090,
              "Shared Read Blocks": 955594,
              "Shared Dirtied Blocks": 0,
              "Shared Written Blocks": 0,
              "Local Hit Blocks": 0,
              "Local Read Blocks": 0,
              "Local Dirtied Blocks": 0,
              "Local Written Blocks": 0,
              "Temp Read Blocks": 0,
              "Temp Written Blocks": 0,
              "Plans": [
                {
                  "Node Type": "Nested Loop",
                  "Parent Relationship": "Outer",
                  "Parallel Aware": false,
                  "Join Type": "Inner",
                  "Startup Cost": 229801.26,
                  "Total Cost": 8778921.24,
                  "Plan Rows": 334274,
                  "Plan Width": 2383,
                  "Actual Startup Time": 13601.254,
                  "Actual Total Time": 20994.356,
                  "Actual Rows": 101,
                  "Actual Loops": 1,
                  "Inner Unique": false,
                  "Join Filter": "((raw_contacts.doc ->> '_id'::text) = (couchdb_1.doc ->> '_id'::text))",
                  "Rows Removed by Join Filter": 10100,
                  "Shared Hit Blocks": 3441940,
                  "Shared Read Blocks": 955574,
                  "Shared Dirtied Blocks": 0,
                  "Shared Written Blocks": 0,
                  "Local Hit Blocks": 0,
                  "Local Read Blocks": 0,
                  "Local Dirtied Blocks": 0,
                  "Local Written Blocks": 0,
                  "Temp Read Blocks": 0,
                  "Temp Written Blocks": 0,
                  "Plans": [
                    {
                      "Node Type": "Gather Merge",
                      "Parent Relationship": "Outer",
                      "Parallel Aware": false,
                      "Startup Cost": 228801.26,
                      "Total Cost": 229357.39,
                      "Plan Rows": 4775,
                      "Plan Width": 1574,
                      "Actual Startup Time": 6050.242,
                      "Actual Total Time": 6050.363,
                      "Actual Rows": 101,
                      "Actual Loops": 1,
                      "Workers Planned": 2,
                      "Workers Launched": 2,
                      "Shared Hit Blocks": 2739,
                      "Shared Read Blocks": 221960,
                      "Shared Dirtied Blocks": 0,
                      "Shared Written Blocks": 0,
                      "Local Hit Blocks": 0,
                      "Local Read Blocks": 0,
                      "Local Dirtied Blocks": 0,
                      "Local Written Blocks": 0,
                      "Temp Read Blocks": 0,
                      "Temp Written Blocks": 0,
                      "Plans": [
                        {
                          "Node Type": "Sort",
                          "Parent Relationship": "Outer",
                          "Parallel Aware": false,
                          "Startup Cost": 227801.24,
                          "Total Cost": 227806.21,
                          "Plan Rows": 1990,
                          "Plan Width": 1574,
                          "Actual Startup Time": 6035.444,
                          "Actual Total Time": 6035.449,
                          "Actual Rows": 34,
                          "Actual Loops": 3,
                          "Sort Key": ["((raw_contacts.doc ->> 'name'::text))"],
                          "Sort Method": "quicksort",
                          "Sort Space Used": 67,
                          "Sort Space Type": "Memory",
                          "Shared Hit Blocks": 2739,
                          "Shared Read Blocks": 221960,
                          "Shared Dirtied Blocks": 0,
                          "Shared Written Blocks": 0,
                          "Local Hit Blocks": 0,
                          "Local Read Blocks": 0,
                          "Local Dirtied Blocks": 0,
                          "Local Written Blocks": 0,
                          "Temp Read Blocks": 0,
                          "Temp Written Blocks": 0,
                          "Workers": [
                            {
                              "Worker Number": 0,
                              "Sort Method": "quicksort",
                              "Sort Space Used": 89,
                              "Sort Space Type": "Memory"
                            },
                            {
                              "Worker Number": 1,
                              "Sort Method": "quicksort",
                              "Sort Space Used": 50,
                              "Sort Space Type": "Memory"
                            }
                          ],
                          "Plans": [
                            {
                              "Node Type": "Seq Scan",
                              "Parent Relationship": "Outer",
                              "Parallel Aware": true,
                              "Relation Name": "raw_contacts",
                              "Alias": "raw_contacts",
                              "Startup Cost": 0.00,
                              "Total Cost": 227692.20,
                              "Plan Rows": 1990,
                              "Plan Width": 1574,
                              "Actual Startup Time": 3733.008,
                              "Actual Total Time": 6035.033,
                              "Actual Rows": 34,
                              "Actual Loops": 3,
                              "Filter": "((doc ->> 'type'::text) = 'district_hospital'::text)",
                              "Rows Removed by Filter": 318452,
                              "Shared Hit Blocks": 2625,
                              "Shared Read Blocks": 221958,
                              "Shared Dirtied Blocks": 0,
                              "Shared Written Blocks": 0,
                              "Local Hit Blocks": 0,
                              "Local Read Blocks": 0,
                              "Local Dirtied Blocks": 0,
                              "Local Written Blocks": 0,
                              "Temp Read Blocks": 0,
                              "Temp Written Blocks": 0,
                              "Workers": [
                              ]
                            }
                          ]
                        }
                      ]
                    },
                    {
                      "Node Type": "Materialize",
                      "Parent Relationship": "Inner",
                      "Parallel Aware": false,
                      "Startup Cost": 1000.00,
                      "Total Cost": 357039.35,
                      "Plan Rows": 14001,
                      "Plan Width": 809,
                      "Actual Startup Time": 73.600,
                      "Actual Total Time": 147.946,
                      "Actual Rows": 101,
                      "Actual Loops": 101,
                      "Shared Hit Blocks": 3439201,
                      "Shared Read Blocks": 733614,
                      "Shared Dirtied Blocks": 0,
                      "Shared Written Blocks": 0,
                      "Local Hit Blocks": 0,
                      "Local Read Blocks": 0,
                      "Local Dirtied Blocks": 0,
                      "Local Written Blocks": 0,
                      "Temp Read Blocks": 0,
                      "Temp Written Blocks": 0,
                      "Plans": [
                        {
                          "Node Type": "Gather",
                          "Parent Relationship": "Outer",
                          "Parallel Aware": false,
                          "Startup Cost": 1000.00,
                          "Total Cost": 355533.35,
                          "Plan Rows": 14001,
                          "Plan Width": 809,
                          "Actual Startup Time": 7433.559,
                          "Actual Total Time": 14942.103,
                          "Actual Rows": 101,
                          "Actual Loops": 1,
                          "Workers Planned": 2,
                          "Workers Launched": 2,
                          "Single Copy": false,
                          "Shared Hit Blocks": 3439201,
                          "Shared Read Blocks": 733614,
                          "Shared Dirtied Blocks": 0,
                          "Shared Written Blocks": 0,
                          "Local Hit Blocks": 0,
                          "Local Read Blocks": 0,
                          "Local Dirtied Blocks": 0,
                          "Local Written Blocks": 0,
                          "Temp Read Blocks": 0,
                          "Temp Written Blocks": 0,
                          "Plans": [
                            {
                              "Node Type": "Seq Scan",
                              "Parent Relationship": "Outer",
                              "Parallel Aware": true,
                              "Relation Name": "couchdb",
                              "Alias": "couchdb_1",
                              "Startup Cost": 0.00,
                              "Total Cost": 353133.25,
                              "Plan Rows": 5834,
                              "Plan Width": 809,
                              "Actual Startup Time": 7420.203,
                              "Actual Total Time": 14944.925,
                              "Actual Rows": 34,
                              "Actual Loops": 3,
                              "Filter": "((doc ->> 'type'::text) = 'district_hospital'::text)",
                              "Rows Removed by Filter": 935376,
                              "Shared Hit Blocks": 3439201,
                              "Shared Read Blocks": 733614,
                              "Shared Dirtied Blocks": 0,
                              "Shared Written Blocks": 0,
                              "Local Hit Blocks": 0,
                              "Local Read Blocks": 0,
                              "Local Dirtied Blocks": 0,
                              "Local Written Blocks": 0,
                              "Temp Read Blocks": 0,
                              "Temp Written Blocks": 0,
                              "Workers": [
                              ]
                            }
                          ]
                        }
                      ]
                    }
                  ]
                },
                {
                  "Node Type": "Materialize",
                  "Parent Relationship": "Inner",
                  "Parallel Aware": false,
                  "Startup Cost": 45754.83,
                  "Total Cost": 410692.23,
                  "Plan Rows": 50232,
                  "Plan Width": 74,
                  "Actual Startup Time": 0.357,
                  "Actual Total Time": 0.358,
                  "Actual Rows": 0,
                  "Actual Loops": 101,
                  "Shared Hit Blocks": 150,
                  "Shared Read Blocks": 20,
                  "Shared Dirtied Blocks": 0,
                  "Shared Written Blocks": 0,
                  "Local Hit Blocks": 0,
                  "Local Read Blocks": 0,
                  "Local Dirtied Blocks": 0,
                  "Local Written Blocks": 0,
                  "Temp Read Blocks": 0,
                  "Temp Written Blocks": 0,
                  "Plans": [
                    {
                      "Node Type": "Gather",
                      "Parent Relationship": "Outer",
                      "Parallel Aware": false,
                      "Startup Cost": 45754.83,
                      "Total Cost": 409803.07,
                      "Plan Rows": 50232,
                      "Plan Width": 74,
                      "Actual Startup Time": 36.050,
                      "Actual Total Time": 36.184,
                      "Actual Rows": 0,
                      "Actual Loops": 1,
                      "Workers Planned": 2,
                      "Workers Launched": 2,
                      "Single Copy": false,
                      "Shared Hit Blocks": 150,
                      "Shared Read Blocks": 20,
                      "Shared Dirtied Blocks": 0,
                      "Shared Written Blocks": 0,
                      "Local Hit Blocks": 0,
                      "Local Read Blocks": 0,
                      "Local Dirtied Blocks": 0,
                      "Local Written Blocks": 0,
                      "Temp Read Blocks": 0,
                      "Temp Written Blocks": 0,
                      "Plans": [
                        {
                          "Node Type": "Hash Join",
                          "Parent Relationship": "Outer",
                          "Parallel Aware": true,
                          "Join Type": "Inner",
                          "Startup Cost": 44754.83,
                          "Total Cost": 403779.87,
                          "Plan Rows": 20930,
                          "Plan Width": 74,
                          "Actual Startup Time": 1.197,
                          "Actual Total Time": 1.200,
                          "Actual Rows": 0,
                          "Actual Loops": 3,
                          "Inner Unique": false,
                          "Hash Cond": "((couchdb.doc ->> '_id'::text) = fm.uuid)",
                          "Shared Hit Blocks": 150,
                          "Shared Read Blocks": 20,
                          "Shared Dirtied Blocks": 0,
                          "Shared Written Blocks": 0,
                          "Local Hit Blocks": 0,
                          "Local Read Blocks": 0,
                          "Local Dirtied Blocks": 0,
                          "Local Written Blocks": 0,
                          "Temp Read Blocks": 0,
                          "Temp Written Blocks": 0,
                          "Workers": [
                          ],
                          "Plans": [
                            {
                              "Node Type": "Seq Scan",
                              "Parent Relationship": "Outer",
                              "Parallel Aware": true,
                              "Relation Name": "couchdb",
                              "Alias": "couchdb",
                              "Startup Cost": 0.00,
                              "Total Cost": 353133.25,
                              "Plan Rows": 1160916,
                              "Plan Width": 809,
                              "Actual Startup Time": 0.000,
                              "Actual Total Time": 0.000,
                              "Actual Rows": 0,
                              "Actual Loops": 0,
                              "Filter": "((doc ->> 'content'::text) <> '<pregnancy version=\"old\"><null/></pregnancy>'::text)",
                              "Rows Removed by Filter": 0,
                              "Shared Hit Blocks": 0,
                              "Shared Read Blocks": 0,
                              "Shared Dirtied Blocks": 0,
                              "Shared Written Blocks": 0,
                              "Local Hit Blocks": 0,
                              "Local Read Blocks": 0,
                              "Local Dirtied Blocks": 0,
                              "Local Written Blocks": 0,
                              "Temp Read Blocks": 0,
                              "Temp Written Blocks": 0,
                              "Workers": [
                              ]
                            },
                            {
                              "Node Type": "Hash",
                              "Parent Relationship": "Inner",
                              "Parallel Aware": true,
                              "Startup Cost": 44650.99,
                              "Total Cost": 44650.99,
                              "Plan Rows": 8307,
                              "Plan Width": 111,
                              "Actual Startup Time": 0.154,
                              "Actual Total Time": 0.155,
                              "Actual Rows": 0,
                              "Actual Loops": 3,
                              "Hash Buckets": 32768,
                              "Original Hash Buckets": 32768,
                              "Hash Batches": 1,
                              "Original Hash Batches": 1,
                              "Peak Memory Usage": 0,
                              "Shared Hit Blocks": 0,
                              "Shared Read Blocks": 1,
                              "Shared Dirtied Blocks": 0,
                              "Shared Written Blocks": 0,
                              "Local Hit Blocks": 0,
                              "Local Read Blocks": 0,
                              "Local Dirtied Blocks": 0,
                              "Local Written Blocks": 0,
                              "Temp Read Blocks": 0,
                              "Temp Written Blocks": 0,
                              "Workers": [
                              ],
                              "Plans": [
                                {
                                  "Node Type": "Hash Join",
                                  "Parent Relationship": "Outer",
                                  "Parallel Aware": false,
                                  "Join Type": "Inner",
                                  "Startup Cost": 11.35,
                                  "Total Cost": 44650.99,
                                  "Plan Rows": 8307,
                                  "Plan Width": 111,
                                  "Actual Startup Time": 0.388,
                                  "Actual Total Time": 0.390,
                                  "Actual Rows": 0,
                                  "Actual Loops": 1,
                                  "Inner Unique": false,
                                  "Hash Cond": "(fm.chw = chp.uuid)",
                                  "Shared Hit Blocks": 0,
                                  "Shared Read Blocks": 1,
                                  "Shared Dirtied Blocks": 0,
                                  "Shared Written Blocks": 0,
                                  "Local Hit Blocks": 0,
                                  "Local Read Blocks": 0,
                                  "Local Dirtied Blocks": 0,
                                  "Local Written Blocks": 0,
                                  "Temp Read Blocks": 0,
                                  "Temp Written Blocks": 0,
                                  "Workers": [
                                  ],
                                  "Plans": [
                                    {
                                      "Node Type": "Seq Scan",
                                      "Parent Relationship": "Outer",
                                      "Parallel Aware": true,
                                      "Relation Name": "form_metadata",
                                      "Alias": "fm",
                                      "Startup Cost": 0.00,
                                      "Total Cost": 42828.69,
                                      "Plan Rows": 460769,
                                      "Plan Width": 79,
                                      "Actual Startup Time": 0.370,
                                      "Actual Total Time": 0.371,
                                      "Actual Rows": 1,
                                      "Actual Loops": 1,
                                      "Shared Hit Blocks": 0,
                                      "Shared Read Blocks": 1,
                                      "Shared Dirtied Blocks": 0,
                                      "Shared Written Blocks": 0,
                                      "Local Hit Blocks": 0,
                                      "Local Read Blocks": 0,
                                      "Local Dirtied Blocks": 0,
                                      "Local Written Blocks": 0,
                                      "Temp Read Blocks": 0,
                                      "Temp Written Blocks": 0,
                                      "Workers": [
                                      ]
                                    },
                                    {
                                      "Node Type": "Hash",
                                      "Parent Relationship": "Inner",
                                      "Parallel Aware": false,
                                      "Startup Cost": 10.60,
                                      "Total Cost": 10.60,
                                      "Plan Rows": 60,
                                      "Plan Width": 64,
                                      "Actual Startup Time": 0.005,
                                      "Actual Total Time": 0.006,
                                      "Actual Rows": 0,
                                      "Actual Loops": 1,
                                      "Hash Buckets": 1024,
                                      "Original Hash Buckets": 1024,
                                      "Hash Batches": 1,
                                      "Original Hash Batches": 1,
                                      "Peak Memory Usage": 8,
                                      "Shared Hit Blocks": 0,
                                      "Shared Read Blocks": 0,
                                      "Shared Dirtied Blocks": 0,
                                      "Shared Written Blocks": 0,
                                      "Local Hit Blocks": 0,
                                      "Local Read Blocks": 0,
                                      "Local Dirtied Blocks": 0,
                                      "Local Written Blocks": 0,
                                      "Temp Read Blocks": 0,
                                      "Temp Written Blocks": 0,
                                      "Workers": [
                                      ],
                                      "Plans": [
                                        {
                                          "Node Type": "Seq Scan",
                                          "Parent Relationship": "Outer",
                                          "Parallel Aware": false,
                                          "Relation Name": "contactview_chp",
                                          "Alias": "chp",
                                          "Startup Cost": 0.00,
                                          "Total Cost": 10.60,
                                          "Plan Rows": 60,
                                          "Plan Width": 64,
                                          "Actual Startup Time": 0.005,
                                          "Actual Total Time": 0.005,
                                          "Actual Rows": 0,
                                          "Actual Loops": 1,
                                          "Shared Hit Blocks": 0,
                                          "Shared Read Blocks": 0,
                                          "Shared Dirtied Blocks": 0,
                                          "Shared Written Blocks": 0,
                                          "Local Hit Blocks": 0,
                                          "Local Read Blocks": 0,
                                          "Local Dirtied Blocks": 0,
                                          "Local Written Blocks": 0,
                                          "Temp Read Blocks": 0,
                                          "Temp Written Blocks": 0,
                                          "Workers": [
                                          ]
                                        }
                                      ]
                                    }
                                  ]
                                }
                              ]
                            }
                          ]
                        }
                      ]
                    }
                  ]
                }
              ]
            }
          ]
        }
      ]
    },
    "Planning": {
      "Shared Hit Blocks": 503,
      "Shared Read Blocks": 70,
      "Shared Dirtied Blocks": 0,
      "Shared Written Blocks": 0,
      "Local Hit Blocks": 0,
      "Local Read Blocks": 0,
      "Local Dirtied Blocks": 0,
      "Local Written Blocks": 0,
      "Temp Read Blocks": 0,
      "Temp Written Blocks": 0
    },
    "Planning Time": 13.921,
    "Triggers": [
    ],
    "JIT": {
      "Functions": 100,
      "Options": {
        "Inlining": true,
        "Optimization": true,
        "Expressions": true,
        "Deforming": true
      },
      "Timing": {
        "Generation": 7.737,
        "Inlining": 210.184,
        "Optimization": 400.510,
        "Emission": 254.803,
        "Total": 873.234
      }
    },
    "Execution Time": 21512.684
  }
]
