[
  {
    "Plan": {
      "Node Type": "Limit",
      "Parallel Aware": false,
      "Startup Cost": 1000.00,
      "Total Cost": 57651.21,
      "Plan Rows": 10,
      "Plan Width": 172,
      "Actual Startup Time": 1.750,
      "Actual Total Time": 8.271,
      "Actual Rows": 10,
      "Actual Loops": 1,
      "Shared Hit Blocks": 2313,
      "Shared Read Blocks": 188,
      "Shared Dirtied Blocks": 0,
      "Shared Written Blocks": 0,
      "Local Hit Blocks": 0,
      "Local Read Blocks": 0,
      "Local Dirtied Blocks": 0,
      "Local Written Blocks": 0,
      "Temp Read Blocks": 0,
      "Temp Written Blocks": 0,
      "Plans": [
        {
          "Node Type": "Gather",
          "Parent Relationship": "Outer",
          "Parallel Aware": false,
          "Startup Cost": 1000.00,
          "Total Cost": 386227.57,
          "Plan Rows": 68,
          "Plan Width": 172,
          "Actual Startup Time": 1.749,
          "Actual Total Time": 8.268,
          "Actual Rows": 10,
          "Actual Loops": 1,
          "Workers Planned": 2,
          "Workers Launched": 2,
          "Single Copy": false,
          "Shared Hit Blocks": 2313,
          "Shared Read Blocks": 188,
          "Shared Dirtied Blocks": 0,
          "Shared Written Blocks": 0,
          "Local Hit Blocks": 0,
          "Local Read Blocks": 0,
          "Local Dirtied Blocks": 0,
          "Local Written Blocks": 0,
          "Temp Read Blocks": 0,
          "Temp Written Blocks": 0,
          "Plans": [
            {
              "Node Type": "Seq Scan",
              "Parent Relationship": "Outer",
              "Parallel Aware": true,
              "Relation Name": "couchdb",
              "Alias": "couchdb",
              "Startup Cost": 0.00,
              "Total Cost": 385220.77,
              "Plan Rows": 28,
              "Plan Width": 172,
              "Actual Startup Time": 0.996,
              "Actual Total Time": 4.220,
              "Actual Rows": 4,
              "Actual Loops": 3,
              "Filter": "(((doc #>> '{fields,patient_id}'::text[]) IS NOT NULL) AND ((doc #>> '{fields,baby_danger_signs}'::text[]) <> ''::text) AND ((doc #>> '{fields,follow_up_count}'::text[]) <> 'NaN'::text) AND ((doc #>> '{fields,pregnancy_outcome}'::text[]) <> 'miscarriage'::text) AND ((doc #>> '{fields,patient_id}'::text[]) <> ''::text) AND ((doc ->> 'type'::text) = 'data_record'::text) AND ((doc ->> 'form'::text) = 'postnatal_care'::text))",
              "Rows Removed by Filter": 240,
              "Shared Hit Blocks": 2313,
              "Shared Read Blocks": 188,
              "Shared Dirtied Blocks": 0,
              "Shared Written Blocks": 0,
              "Local Hit Blocks": 0,
              "Local Read Blocks": 0,
              "Local Dirtied Blocks": 0,
              "Local Written Blocks": 0,
              "Temp Read Blocks": 0,
              "Temp Written Blocks": 0,
              "Workers": [
              ]
            }
          ]
        }
      ]
    },
    "Planning": {
      "Shared Hit Blocks": 116,
      "Shared Read Blocks": 38,
      "Shared Dirtied Blocks": 0,
      "Shared Written Blocks": 0,
      "Local Hit Blocks": 0,
      "Local Read Blocks": 0,
      "Local Dirtied Blocks": 0,
      "Local Written Blocks": 0,
      "Temp Read Blocks": 0,
      "Temp Written Blocks": 0
    },
    "Planning Time": 3.240,
    "Triggers": [
    ],
    "Execution Time": 8.327
  }
]
