[
  {
    "Plan": {
      "Node Type": "Limit",
      "Parallel Aware": false,
      "Startup Cost": 0.00,
      "Total Cost": 9.54,
      "Plan Rows": 10,
      "Plan Width": 160,
      "Actual Startup Time": 11041.927,
      "Actual Total Time": 11041.928,
      "Actual Rows": 0,
      "Actual Loops": 1,
      "Shared Hit Blocks": 963779,
      "Shared Read Blocks": 221695,
      "Shared Dirtied Blocks": 0,
      "Shared Written Blocks": 0,
      "Local Hit Blocks": 0,
      "Local Read Blocks": 0,
      "Local Dirtied Blocks": 0,
      "Local Written Blocks": 0,
      "Temp Read Blocks": 0,
      "Temp Written Blocks": 0,
      "Plans": [
        {
          "Node Type": "Nested Loop",
          "Parent Relationship": "Outer",
          "Parallel Aware": false,
          "Join Type": "Inner",
          "Startup Cost": 0.00,
          "Total Cost": 270665.11,
          "Plan Rows": 283664,
          "Plan Width": 160,
          "Actual Startup Time": 11041.925,
          "Actual Total Time": 11041.926,
          "Actual Rows": 0,
          "Actual Loops": 1,
          "Inner Unique": false,
          "Shared Hit Blocks": 963779,
          "Shared Read Blocks": 221695,
          "Shared Dirtied Blocks": 0,
          "Shared Written Blocks": 0,
          "Local Hit Blocks": 0,
          "Local Read Blocks": 0,
          "Local Dirtied Blocks": 0,
          "Local Written Blocks": 0,
          "Temp Read Blocks": 0,
          "Temp Written Blocks": 0,
          "Plans": [
            {
              "Node Type": "Seq Scan",
              "Parent Relationship": "Outer",
              "Parallel Aware": false,
              "Relation Name": "raw_contacts",
              "Alias": "raw_contacts",
              "Startup Cost": 0.00,
              "Total Cost": 240824.44,
              "Plan Rows": 945545,
              "Plan Width": 1574,
              "Actual Startup Time": 0.176,
              "Actual Total Time": 8460.448,
              "Actual Rows": 955456,
              "Actual Loops": 1,
              "Filter": "(((doc ->> 'name'::text) <> 'HQ'::text) AND ((doc ->> 'name'::text) <> 'HQ OVC'::text))",
              "Rows Removed by Filter": 0,
              "Shared Hit Blocks": 5568,
              "Shared Read Blocks": 221692,
              "Shared Dirtied Blocks": 0,
              "Shared Written Blocks": 0,
              "Local Hit Blocks": 0,
              "Local Read Blocks": 0,
              "Local Dirtied Blocks": 0,
              "Local Written Blocks": 0,
              "Temp Read Blocks": 0,
              "Temp Written Blocks": 0
            },
            {
              "Node Type": "Index Scan",
              "Parent Relationship": "Inner",
              "Parallel Aware": false,
              "Scan Direction": "NoMovement",
              "Index Name": "e3bedf91a1e426deef9785bab63fc3c6",
              "Relation Name": "contactview_chp",
              "Alias": "chw",
              "Startup Cost": 0.00,
              "Total Cost": 0.02,
              "Plan Rows": 1,
              "Plan Width": 128,
              "Actual Startup Time": 0.000,
              "Actual Total Time": 0.000,
              "Actual Rows": 0,
              "Actual Loops": 955456,
              "Index Cond": "(branch_uuid = (raw_contacts.doc ->> '_id'::text))",
              "Rows Removed by Index Recheck": 0,
              "Shared Hit Blocks": 955454,
              "Shared Read Blocks": 3,
              "Shared Dirtied Blocks": 0,
              "Shared Written Blocks": 0,
              "Local Hit Blocks": 0,
              "Local Read Blocks": 0,
              "Local Dirtied Blocks": 0,
              "Local Written Blocks": 0,
              "Temp Read Blocks": 0,
              "Temp Written Blocks": 0
            }
          ]
        }
      ]
    },
    "Planning": {
      "Shared Hit Blocks": 306,
      "Shared Read Blocks": 25,
      "Shared Dirtied Blocks": 0,
      "Shared Written Blocks": 0,
      "Local Hit Blocks": 0,
      "Local Read Blocks": 0,
      "Local Dirtied Blocks": 0,
      "Local Written Blocks": 0,
      "Temp Read Blocks": 0,
      "Temp Written Blocks": 0
    },
    "Planning Time": 2.261,
    "Triggers": [
    ],
    "Execution Time": 11041.987
  }
]
