[
  {
    "Plan": {
      "Node Type": "Limit",
      "Parallel Aware": false,
      "Startup Cost": 3163004452.80,
      "Total Cost": 3258201919.05,
      "Plan Rows": 10,
      "Plan Width": 52,
      "Actual Startup Time": 19468.278,
      "Actual Total Time": 131479.849,
      "Actual Rows": 10,
      "Actual Loops": 1,
      "Shared Hit Blocks": 69479,
      "Shared Read Blocks": 4650268,
      "Shared Dirtied Blocks": 0,
      "Shared Written Blocks": 0,
      "Local Hit Blocks": 0,
      "Local Read Blocks": 0,
      "Local Dirtied Blocks": 0,
      "Local Written Blocks": 0,
      "Temp Read Blocks": 0,
      "Temp Written Blocks": 0,
      "Plans": [
        {
          "Node Type": "Subquery Scan",
          "Parent Relationship": "Outer",
          "Parallel Aware": false,
          "Alias": "impactview_active",
          "Startup Cost": 3163004452.80,
          "Total Cost": 4504099208849.73,
          "Plan Rows": 472800,
          "Plan Width": 52,
          "Actual Startup Time": 18595.091,
          "Actual Total Time": 130606.654,
          "Actual Rows": 10,
          "Actual Loops": 1,
          "Shared Hit Blocks": 69479,
          "Shared Read Blocks": 4650268,
          "Shared Dirtied Blocks": 0,
          "Shared Written Blocks": 0,
          "Local Hit Blocks": 0,
          "Local Read Blocks": 0,
          "Local Dirtied Blocks": 0,
          "Local Written Blocks": 0,
          "Temp Read Blocks": 0,
          "Temp Written Blocks": 0,
          "Plans": [
            {
              "Node Type": "Aggregate",
              "Strategy": "Sorted",
              "Partial Mode": "Simple",
              "Parent Relationship": "Subquery",
              "Parallel Aware": false,
              "Startup Cost": 3163004452.80,
              "Total Cost": 4504099204121.73,
              "Plan Rows": 472800,
              "Plan Width": 84,
              "Actual Startup Time": 18595.087,
              "Actual Total Time": 130606.645,
              "Actual Rows": 10,
              "Actual Loops": 1,
              "Group Key": ["month_facility.month", "month_facility.epoch", "month_facility.facility_name", "month_facility.facility_join_field"],
              "Shared Hit Blocks": 69479,
              "Shared Read Blocks": 4650268,
              "Shared Dirtied Blocks": 0,
              "Shared Written Blocks": 0,
              "Local Hit Blocks": 0,
              "Local Read Blocks": 0,
              "Local Dirtied Blocks": 0,
              "Local Written Blocks": 0,
              "Temp Read Blocks": 0,
              "Temp Written Blocks": 0,
              "Plans": [
                {
                  "Node Type": "Sort",
                  "Parent Relationship": "Outer",
                  "Parallel Aware": false,
                  "Startup Cost": 3163004452.80,
                  "Total Cost": 3179768995.20,
                  "Plan Rows": 6705816960,
                  "Plan Width": 108,
                  "Actual Startup Time": 6339.077,
                  "Actual Total Time": 6339.167,
                  "Actual Rows": 11,
                  "Actual Loops": 1,
                  "Sort Key": ["month_facility.month", "month_facility.epoch", "month_facility.facility_name", "month_facility.facility_join_field"],
                  "Sort Method": "quicksort",
                  "Sort Space Used": 233,
                  "Sort Space Type": "Memory",
                  "Shared Hit Blocks": 8585,
                  "Shared Read Blocks": 221562,
                  "Shared Dirtied Blocks": 0,
                  "Shared Written Blocks": 0,
                  "Local Hit Blocks": 0,
                  "Local Read Blocks": 0,
                  "Local Dirtied Blocks": 0,
                  "Local Written Blocks": 0,
                  "Temp Read Blocks": 0,
                  "Temp Written Blocks": 0,
                  "Plans": [
                    {
                      "Node Type": "Merge Join",
                      "Parent Relationship": "Outer",
                      "Parallel Aware": false,
                      "Join Type": "Right",
                      "Startup Cost": 2933440.59,
                      "Total Cost": 120299184.87,
                      "Plan Rows": 6705816960,
                      "Plan Width": 108,
                      "Actual Startup Time": 6337.440,
                      "Actual Total Time": 6337.817,
                      "Actual Rows": 1313,
                      "Actual Loops": 1,
                      "Inner Unique": false,
                      "Merge Cond": "(((raw_contacts.doc ->> '_id'::text)) = month_facility.facility_join_field)",
                      "Shared Hit Blocks": 8579,
                      "Shared Read Blocks": 221562,
                      "Shared Dirtied Blocks": 0,
                      "Shared Written Blocks": 0,
                      "Local Hit Blocks": 0,
                      "Local Read Blocks": 0,
                      "Local Dirtied Blocks": 0,
                      "Local Written Blocks": 0,
                      "Temp Read Blocks": 0,
                      "Temp Written Blocks": 0,
                      "Plans": [
                        {
                          "Node Type": "Sort",
                          "Parent Relationship": "Outer",
                          "Parallel Aware": false,
                          "Startup Cost": 669675.35,
                          "Total Cost": 670384.51,
                          "Plan Rows": 283664,
                          "Plan Width": 1606,
                          "Actual Startup Time": 0.080,
                          "Actual Total Time": 0.083,
                          "Actual Rows": 0,
                          "Actual Loops": 1,
                          "Sort Key": ["((raw_contacts.doc ->> '_id'::text))"],
                          "Sort Method": "quicksort",
                          "Sort Space Used": 25,
                          "Sort Space Type": "Memory",
                          "Shared Hit Blocks": 4,
                          "Shared Read Blocks": 0,
                          "Shared Dirtied Blocks": 0,
                          "Shared Written Blocks": 0,
                          "Local Hit Blocks": 0,
                          "Local Read Blocks": 0,
                          "Local Dirtied Blocks": 0,
                          "Local Written Blocks": 0,
                          "Temp Read Blocks": 0,
                          "Temp Written Blocks": 0,
                          "Plans": [
                            {
                              "Node Type": "Hash Join",
                              "Parent Relationship": "Outer",
                              "Parallel Aware": false,
                              "Join Type": "Inner",
                              "Startup Cost": 11.35,
                              "Total Cost": 248400.15,
                              "Plan Rows": 283664,
                              "Plan Width": 1606,
                              "Actual Startup Time": 0.078,
                              "Actual Total Time": 0.080,
                              "Actual Rows": 0,
                              "Actual Loops": 1,
                              "Inner Unique": false,
                              "Hash Cond": "((raw_contacts.doc ->> '_id'::text) = chw.branch_uuid)",
                              "Shared Hit Blocks": 4,
                              "Shared Read Blocks": 0,
                              "Shared Dirtied Blocks": 0,
                              "Shared Written Blocks": 0,
                              "Local Hit Blocks": 0,
                              "Local Read Blocks": 0,
                              "Local Dirtied Blocks": 0,
                              "Local Written Blocks": 0,
                              "Temp Read Blocks": 0,
                              "Temp Written Blocks": 0,
                              "Plans": [
                                {
                                  "Node Type": "Seq Scan",
                                  "Parent Relationship": "Outer",
                                  "Parallel Aware": false,
                                  "Relation Name": "raw_contacts",
                                  "Alias": "raw_contacts",
                                  "Startup Cost": 0.00,
                                  "Total Cost": 240824.44,
                                  "Plan Rows": 945545,
                                  "Plan Width": 1574,
                                  "Actual Startup Time": 0.047,
                                  "Actual Total Time": 0.047,
                                  "Actual Rows": 1,
                                  "Actual Loops": 1,
                                  "Filter": "(((doc ->> 'name'::text) <> 'HQ'::text) AND ((doc ->> 'name'::text) <> 'HQ OVC'::text))",
                                  "Rows Removed by Filter": 0,
                                  "Shared Hit Blocks": 1,
                                  "Shared Read Blocks": 0,
                                  "Shared Dirtied Blocks": 0,
                                  "Shared Written Blocks": 0,
                                  "Local Hit Blocks": 0,
                                  "Local Read Blocks": 0,
                                  "Local Dirtied Blocks": 0,
                                  "Local Written Blocks": 0,
                                  "Temp Read Blocks": 0,
                                  "Temp Written Blocks": 0
                                },
                                {
                                  "Node Type": "Hash",
                                  "Parent Relationship": "Inner",
                                  "Parallel Aware": false,
                                  "Startup Cost": 10.60,
                                  "Total Cost": 10.60,
                                  "Plan Rows": 60,
                                  "Plan Width": 64,
                                  "Actual Startup Time": 0.022,
                                  "Actual Total Time": 0.023,
                                  "Actual Rows": 0,
                                  "Actual Loops": 1,
                                  "Hash Buckets": 1024,
                                  "Original Hash Buckets": 1024,
                                  "Hash Batches": 1,
                                  "Original Hash Batches": 1,
                                  "Peak Memory Usage": 8,
                                  "Shared Hit Blocks": 0,
                                  "Shared Read Blocks": 0,
                                  "Shared Dirtied Blocks": 0,
                                  "Shared Written Blocks": 0,
                                  "Local Hit Blocks": 0,
                                  "Local Read Blocks": 0,
                                  "Local Dirtied Blocks": 0,
                                  "Local Written Blocks": 0,
                                  "Temp Read Blocks": 0,
                                  "Temp Written Blocks": 0,
                                  "Plans": [
                                    {
                                      "Node Type": "Seq Scan",
                                      "Parent Relationship": "Outer",
                                      "Parallel Aware": false,
                                      "Relation Name": "contactview_chp",
                                      "Alias": "chw",
                                      "Startup Cost": 0.00,
                                      "Total Cost": 10.60,
                                      "Plan Rows": 60,
                                      "Plan Width": 64,
                                      "Actual Startup Time": 0.022,
                                      "Actual Total Time": 0.022,
                                      "Actual Rows": 0,
                                      "Actual Loops": 1,
                                      "Shared Hit Blocks": 0,
                                      "Shared Read Blocks": 0,
                                      "Shared Dirtied Blocks": 0,
                                      "Shared Written Blocks": 0,
                                      "Local Hit Blocks": 0,
                                      "Local Read Blocks": 0,
                                      "Local Dirtied Blocks": 0,
                                      "Local Written Blocks": 0,
                                      "Temp Read Blocks": 0,
                                      "Temp Written Blocks": 0
                                    }
                                  ]
                                }
                              ]
                            }
                          ]
                        },
                        {
                          "Node Type": "Materialize",
                          "Parent Relationship": "Inner",
                          "Parallel Aware": false,
                          "Startup Cost": 2263765.24,
                          "Total Cost": 2287405.24,
                          "Plan Rows": 4728000,
                          "Plan Width": 76,
                          "Actual Startup Time": 6337.348,
                          "Actual Total Time": 6337.593,
                          "Actual Rows": 1313,
                          "Actual Loops": 1,
                          "Shared Hit Blocks": 8575,
                          "Shared Read Blocks": 221562,
                          "Shared Dirtied Blocks": 0,
                          "Shared Written Blocks": 0,
                          "Local Hit Blocks": 0,
                          "Local Read Blocks": 0,
                          "Local Dirtied Blocks": 0,
                          "Local Written Blocks": 0,
                          "Temp Read Blocks": 0,
                          "Temp Written Blocks": 0,
                          "Plans": [
                            {
                              "Node Type": "Sort",
                              "Parent Relationship": "Outer",
                              "Parallel Aware": false,
                              "Startup Cost": 2263765.24,
                              "Total Cost": 2275585.24,
                              "Plan Rows": 4728000,
                              "Plan Width": 76,
                              "Actual Startup Time": 6337.345,
                              "Actual Total Time": 6337.475,
                              "Actual Rows": 1313,
                              "Actual Loops": 1,
                              "Sort Key": ["month_facility.facility_join_field"],
                              "Sort Method": "quicksort",
                              "Sort Space Used": 233,
                              "Sort Space Type": "Memory",
                              "Shared Hit Blocks": 8575,
                              "Shared Read Blocks": 221562,
                              "Shared Dirtied Blocks": 0,
                              "Shared Written Blocks": 0,
                              "Local Hit Blocks": 0,
                              "Local Read Blocks": 0,
                              "Local Dirtied Blocks": 0,
                              "Local Written Blocks": 0,
                              "Temp Read Blocks": 0,
                              "Temp Written Blocks": 0,
                              "Plans": [
                                {
                                  "Node Type": "Subquery Scan",
                                  "Parent Relationship": "Outer",
                                  "Parallel Aware": false,
                                  "Alias": "month_facility",
                                  "Startup Cost": 1260332.28,
                                  "Total Cost": 1319432.28,
                                  "Plan Rows": 4728000,
                                  "Plan Width": 76,
                                  "Actual Startup Time": 6336.151,
                                  "Actual Total Time": 6336.436,
                                  "Actual Rows": 1313,
                                  "Actual Loops": 1,
                                  "Shared Hit Blocks": 8575,
                                  "Shared Read Blocks": 221562,
                                  "Shared Dirtied Blocks": 0,
                                  "Shared Written Blocks": 0,
                                  "Local Hit Blocks": 0,
                                  "Local Read Blocks": 0,
                                  "Local Dirtied Blocks": 0,
                                  "Local Written Blocks": 0,
                                  "Temp Read Blocks": 0,
                                  "Temp Written Blocks": 0,
                                  "Plans": [
                                    {
                                      "Node Type": "Sort",
                                      "Parent Relationship": "Subquery",
                                      "Parallel Aware": false,
                                      "Startup Cost": 1260332.28,
                                      "Total Cost": 1272152.28,
                                      "Plan Rows": 4728000,
                                      "Plan Width": 76,
                                      "Actual Startup Time": 6336.015,
                                      "Actual Total Time": 6336.163,
                                      "Actual Rows": 1313,
                                      "Actual Loops": 1,
                                      "Sort Key": ["(date_part('epoch'::text, (((generate_series(date_trunc('month'::text, (now() - '1 year'::interval)), now(), '1 mon'::interval)))::date)::timestamp without time zone))", "((raw_contacts_1.doc ->> 'name'::text))"],
                                      "Sort Method": "quicksort",
                                      "Sort Space Used": 233,
                                      "Sort Space Type": "Memory",
                                      "Shared Hit Blocks": 8575,
                                      "Shared Read Blocks": 221562,
                                      "Shared Dirtied Blocks": 0,
                                      "Shared Written Blocks": 0,
                                      "Local Hit Blocks": 0,
                                      "Local Read Blocks": 0,
                                      "Local Dirtied Blocks": 0,
                                      "Local Written Blocks": 0,
                                      "Temp Read Blocks": 0,
                                      "Temp Written Blocks": 0,
                                      "Plans": [
                                        {
                                          "Node Type": "Nested Loop",
                                          "Parent Relationship": "Outer",
                                          "Parallel Aware": false,
                                          "Join Type": "Inner",
                                          "Startup Cost": 1099.86,
                                          "Total Cost": 315999.32,
                                          "Plan Rows": 4728000,
                                          "Plan Width": 76,
                                          "Actual Startup Time": 3882.052,
                                          "Actual Total Time": 6334.559,
                                          "Actual Rows": 1313,
                                          "Actual Loops": 1,
                                          "Inner Unique": false,
                                          "Shared Hit Blocks": 8575,
                                          "Shared Read Blocks": 221562,
                                          "Shared Dirtied Blocks": 0,
                                          "Shared Written Blocks": 0,
                                          "Local Hit Blocks": 0,
                                          "Local Read Blocks": 0,
                                          "Local Dirtied Blocks": 0,
                                          "Local Written Blocks": 0,
                                          "Temp Read Blocks": 0,
                                          "Temp Written Blocks": 0,
                                          "Plans": [
                                            {
                                              "Node Type": "Gather",
                                              "Parent Relationship": "Outer",
                                              "Parallel Aware": false,
                                              "Startup Cost": 1000.00,
                                              "Total Cost": 233144.47,
                                              "Plan Rows": 4728,
                                              "Plan Width": 1574,
                                              "Actual Startup Time": 3881.669,
                                              "Actual Total Time": 6333.724,
                                              "Actual Rows": 101,
                                              "Actual Loops": 1,
                                              "Workers Planned": 2,
                                              "Workers Launched": 2,
                                              "Single Copy": false,
                                              "Shared Hit Blocks": 8575,
                                              "Shared Read Blocks": 221562,
                                              "Shared Dirtied Blocks": 0,
                                              "Shared Written Blocks": 0,
                                              "Local Hit Blocks": 0,
                                              "Local Read Blocks": 0,
                                              "Local Dirtied Blocks": 0,
                                              "Local Written Blocks": 0,
                                              "Temp Read Blocks": 0,
                                              "Temp Written Blocks": 0,
                                              "Plans": [
                                                {
                                                  "Node Type": "Seq Scan",
                                                  "Parent Relationship": "Outer",
                                                  "Parallel Aware": true,
                                                  "Relation Name": "raw_contacts",
                                                  "Alias": "raw_contacts_1",
                                                  "Startup Cost": 0.00,
                                                  "Total Cost": 231671.67,
                                                  "Plan Rows": 1970,
                                                  "Plan Width": 1574,
                                                  "Actual Startup Time": 3868.134,
                                                  "Actual Total Time": 6320.408,
                                                  "Actual Rows": 34,
                                                  "Actual Loops": 3,
                                                  "Filter": "(((doc ->> 'name'::text) <> 'HQ'::text) AND ((doc ->> 'name'::text) <> 'HQ OVC'::text) AND ((doc ->> 'type'::text) = 'district_hospital'::text))",
                                                  "Rows Removed by Filter": 318452,
                                                  "Shared Hit Blocks": 8575,
                                                  "Shared Read Blocks": 221562,
                                                  "Shared Dirtied Blocks": 0,
                                                  "Shared Written Blocks": 0,
                                                  "Local Hit Blocks": 0,
                                                  "Local Read Blocks": 0,
                                                  "Local Dirtied Blocks": 0,
                                                  "Local Written Blocks": 0,
                                                  "Temp Read Blocks": 0,
                                                  "Temp Written Blocks": 0,
                                                  "Workers": [
                                                  ]
                                                }
                                              ]
                                            },
                                            {
                                              "Node Type": "Materialize",
                                              "Parent Relationship": "Inner",
                                              "Parallel Aware": false,
                                              "Startup Cost": 99.86,
                                              "Total Cost": 117.36,
                                              "Plan Rows": 1000,
                                              "Plan Width": 12,
                                              "Actual Startup Time": 0.004,
                                              "Actual Total Time": 0.004,
                                              "Actual Rows": 13,
                                              "Actual Loops": 101,
                                              "Shared Hit Blocks": 0,
                                              "Shared Read Blocks": 0,
                                              "Shared Dirtied Blocks": 0,
                                              "Shared Written Blocks": 0,
                                              "Local Hit Blocks": 0,
                                              "Local Read Blocks": 0,
                                              "Local Dirtied Blocks": 0,
                                              "Local Written Blocks": 0,
                                              "Temp Read Blocks": 0,
                                              "Temp Written Blocks": 0,
                                              "Plans": [
                                                {
                                                  "Node Type": "Sort",
                                                  "Parent Relationship": "Outer",
                                                  "Parallel Aware": false,
                                                  "Startup Cost": 99.86,
                                                  "Total Cost": 102.36,
                                                  "Plan Rows": 1000,
                                                  "Plan Width": 12,
                                                  "Actual Startup Time": 0.356,
                                                  "Actual Total Time": 0.357,
                                                  "Actual Rows": 13,
                                                  "Actual Loops": 1,
                                                  "Sort Key": ["(date_part('epoch'::text, (((generate_series(date_trunc('month'::text, (now() - '1 year'::interval)), now(), '1 mon'::interval)))::date)::timestamp without time zone))"],
                                                  "Sort Method": "quicksort",
                                                  "Sort Space Used": 25,
                                                  "Sort Space Type": "Memory",
                                                  "Shared Hit Blocks": 0,
                                                  "Shared Read Blocks": 0,
                                                  "Shared Dirtied Blocks": 0,
                                                  "Shared Written Blocks": 0,
                                                  "Local Hit Blocks": 0,
                                                  "Local Read Blocks": 0,
                                                  "Local Dirtied Blocks": 0,
                                                  "Local Written Blocks": 0,
                                                  "Temp Read Blocks": 0,
                                                  "Temp Written Blocks": 0,
                                                  "Plans": [
                                                    {
                                                      "Node Type": "Result",
                                                      "Parent Relationship": "Outer",
                                                      "Parallel Aware": false,
                                                      "Startup Cost": 0.00,
                                                      "Total Cost": 50.03,
                                                      "Plan Rows": 1000,
                                                      "Plan Width": 12,
                                                      "Actual Startup Time": 0.323,
                                                      "Actual Total Time": 0.342,
                                                      "Actual Rows": 13,
                                                      "Actual Loops": 1,
                                                      "Shared Hit Blocks": 0,
                                                      "Shared Read Blocks": 0,
                                                      "Shared Dirtied Blocks": 0,
                                                      "Shared Written Blocks": 0,
                                                      "Local Hit Blocks": 0,
                                                      "Local Read Blocks": 0,
                                                      "Local Dirtied Blocks": 0,
                                                      "Local Written Blocks": 0,
                                                      "Temp Read Blocks": 0,
                                                      "Temp Written Blocks": 0,
                                                      "Plans": [
                                                        {
                                                          "Node Type": "ProjectSet",
                                                          "Parent Relationship": "Outer",
                                                          "Parallel Aware": false,
                                                          "Startup Cost": 0.00,
                                                          "Total Cost": 5.03,
                                                          "Plan Rows": 1000,
                                                          "Plan Width": 8,
                                                          "Actual Startup Time": 0.050,
                                                          "Actual Total Time": 0.060,
                                                          "Actual Rows": 13,
                                                          "Actual Loops": 1,
                                                          "Shared Hit Blocks": 0,
                                                          "Shared Read Blocks": 0,
                                                          "Shared Dirtied Blocks": 0,
                                                          "Shared Written Blocks": 0,
                                                          "Local Hit Blocks": 0,
                                                          "Local Read Blocks": 0,
                                                          "Local Dirtied Blocks": 0,
                                                          "Local Written Blocks": 0,
                                                          "Temp Read Blocks": 0,
                                                          "Temp Written Blocks": 0,
                                                          "Plans": [
                                                            {
                                                              "Node Type": "Result",
                                                              "Parent Relationship": "Outer",
                                                              "Parallel Aware": false,
                                                              "Startup Cost": 0.00,
                                                              "Total Cost": 0.01,
                                                              "Plan Rows": 1,
                                                              "Plan Width": 0,
                                                              "Actual Startup Time": 0.005,
                                                              "Actual Total Time": 0.005,
                                                              "Actual Rows": 1,
                                                              "Actual Loops": 1,
                                                              "Shared Hit Blocks": 0,
                                                              "Shared Read Blocks": 0,
                                                              "Shared Dirtied Blocks": 0,
                                                              "Shared Written Blocks": 0,
                                                              "Local Hit Blocks": 0,
                                                              "Local Read Blocks": 0,
                                                              "Local Dirtied Blocks": 0,
                                                              "Local Written Blocks": 0,
                                                              "Temp Read Blocks": 0,
                                                              "Temp Written Blocks": 0
                                                            }
                                                          ]
                                                        }
                                                      ]
                                                    }
                                                  ]
                                                }
                                              ]
                                            }
                                          ]
                                        }
                                      ]
                                    }
                                  ]
                                }
                              ]
                            }
                          ]
                        }
                      ]
                    }
                  ]
                },
                {
                  "Node Type": "Bitmap Heap Scan",
                  "Parent Relationship": "SubPlan",
                  "Subplan Name": "SubPlan 1",
                  "Parallel Aware": false,
                  "Relation Name": "form_metadata",
                  "Alias": "meta",
                  "Startup Cost": 6.92,
                  "Total Cost": 1245.15,
                  "Plan Rows": 2,
                  "Plan Width": 0,
                  "Actual Startup Time": 0.003,
                  "Actual Total Time": 0.003,
                  "Actual Rows": 0,
                  "Actual Loops": 10,
                  "Recheck Cond": "(chw = chw.uuid)",
                  "Rows Removed by Index Recheck": 0,
                  "Filter": "((date_trunc('month'::text, reported))::date = month_facility.month)",
                  "Rows Removed by Filter": 0,
                  "Exact Heap Blocks": 0,
                  "Lossy Heap Blocks": 0,
                  "Shared Hit Blocks": 0,
                  "Shared Read Blocks": 0,
                  "Shared Dirtied Blocks": 0,
                  "Shared Written Blocks": 0,
                  "Local Hit Blocks": 0,
                  "Local Read Blocks": 0,
                  "Local Dirtied Blocks": 0,
                  "Local Written Blocks": 0,
                  "Temp Read Blocks": 0,
                  "Temp Written Blocks": 0,
                  "Plans": [
                    {
                      "Node Type": "Bitmap Index Scan",
                      "Parent Relationship": "Outer",
                      "Parallel Aware": false,
                      "Index Name": "066862e51a6d0d99653c19027f718613",
                      "Startup Cost": 0.00,
                      "Total Cost": 6.92,
                      "Plan Rows": 332,
                      "Plan Width": 0,
                      "Actual Startup Time": 0.001,
                      "Actual Total Time": 0.001,
                      "Actual Rows": 0,
                      "Actual Loops": 10,
                      "Index Cond": "(chw = chw.uuid)",
                      "Shared Hit Blocks": 0,
                      "Shared Read Blocks": 0,
                      "Shared Dirtied Blocks": 0,
                      "Shared Written Blocks": 0,
                      "Local Hit Blocks": 0,
                      "Local Read Blocks": 0,
                      "Local Dirtied Blocks": 0,
                      "Local Written Blocks": 0,
                      "Temp Read Blocks": 0,
                      "Temp Written Blocks": 0
                    }
                  ]
                },
                {
                  "Node Type": "Nested Loop",
                  "Parent Relationship": "SubPlan",
                  "Subplan Name": "SubPlan 2",
                  "Parallel Aware": false,
                  "Join Type": "Inner",
                  "Startup Cost": 0.00,
                  "Total Cost": 122890445.56,
                  "Plan Rows": 2721822,
                  "Plan Width": 0,
                  "Actual Startup Time": 12426.727,
                  "Actual Total Time": 12426.727,
                  "Actual Rows": 0,
                  "Actual Loops": 10,
                  "Inner Unique": false,
                  "Join Filter": "((raw_contacts_3.doc #>> '{parent,_id}'::text[]) = (raw_contacts_4.doc ->> '_id'::text))",
                  "Rows Removed by Join Filter": 0,
                  "Shared Hit Blocks": 60894,
                  "Shared Read Blocks": 4428706,
                  "Shared Dirtied Blocks": 0,
                  "Shared Written Blocks": 0,
                  "Local Hit Blocks": 0,
                  "Local Read Blocks": 0,
                  "Local Dirtied Blocks": 0,
                  "Local Written Blocks": 0,
                  "Temp Read Blocks": 0,
                  "Temp Written Blocks": 0,
                  "Plans": [
                    {
                      "Node Type": "Nested Loop",
                      "Parent Relationship": "Outer",
                      "Parallel Aware": false,
                      "Join Type": "Inner",
                      "Startup Cost": 0.00,
                      "Total Cost": 5402299.04,
                      "Plan Rows": 114003,
                      "Plan Width": 1574,
                      "Actual Startup Time": 12426.726,
                      "Actual Total Time": 12426.726,
                      "Actual Rows": 0,
                      "Actual Loops": 10,
                      "Inner Unique": false,
                      "Join Filter": "((raw_contacts_2.doc #>> '{parent,_id}'::text[]) = (raw_contacts_3.doc ->> '_id'::text))",
                      "Rows Removed by Join Filter": 0,
                      "Shared Hit Blocks": 60894,
                      "Shared Read Blocks": 4428706,
                      "Shared Dirtied Blocks": 0,
                      "Shared Written Blocks": 0,
                      "Local Hit Blocks": 0,
                      "Local Read Blocks": 0,
                      "Local Dirtied Blocks": 0,
                      "Local Written Blocks": 0,
                      "Temp Read Blocks": 0,
                      "Temp Written Blocks": 0,
                      "Plans": [
                        {
                          "Node Type": "Seq Scan",
                          "Parent Relationship": "Outer",
                          "Parallel Aware": false,
                          "Relation Name": "raw_contacts",
                          "Alias": "raw_contacts_3",
                          "Startup Cost": 0.00,
                          "Total Cost": 236049.08,
                          "Plan Rows": 4775,
                          "Plan Width": 1574,
                          "Actual Startup Time": 0.450,
                          "Actual Total Time": 6038.201,
                          "Actual Rows": 191426,
                          "Actual Loops": 10,
                          "Filter": "((doc ->> 'type'::text) = 'clinic'::text)",
                          "Rows Removed by Filter": 764030,
                          "Shared Hit Blocks": 30460,
                          "Shared Read Blocks": 2214340,
                          "Shared Dirtied Blocks": 0,
                          "Shared Written Blocks": 0,
                          "Local Hit Blocks": 0,
                          "Local Read Blocks": 0,
                          "Local Dirtied Blocks": 0,
                          "Local Written Blocks": 0,
                          "Temp Read Blocks": 0,
                          "Temp Written Blocks": 0
                        },
                        {
                          "Node Type": "Materialize",
                          "Parent Relationship": "Inner",
                          "Parallel Aware": false,
                          "Startup Cost": 0.00,
                          "Total Cost": 256107.39,
                          "Plan Rows": 4775,
                          "Plan Width": 1574,
                          "Actual Startup Time": 0.033,
                          "Actual Total Time": 0.033,
                          "Actual Rows": 0,
                          "Actual Loops": 1914260,
                          "Shared Hit Blocks": 30434,
                          "Shared Read Blocks": 2214366,
                          "Shared Dirtied Blocks": 0,
                          "Shared Written Blocks": 0,
                          "Local Hit Blocks": 0,
                          "Local Read Blocks": 0,
                          "Local Dirtied Blocks": 0,
                          "Local Written Blocks": 0,
                          "Temp Read Blocks": 0,
                          "Temp Written Blocks": 0,
                          "Plans": [
                            {
                              "Node Type": "Seq Scan",
                              "Parent Relationship": "Outer",
                              "Parallel Aware": false,
                              "Relation Name": "raw_contacts",
                              "Alias": "raw_contacts_2",
                              "Startup Cost": 0.00,
                              "Total Cost": 255150.52,
                              "Plan Rows": 4775,
                              "Plan Width": 1574,
                              "Actual Startup Time": 6364.623,
                              "Actual Total Time": 6364.623,
                              "Actual Rows": 0,
                              "Actual Loops": 10,
                              "Filter": "((date_trunc('month'::text, ('1970-01-01 00:00:00+00'::timestamp with time zone + (((((doc ->> 'reported_date'::text))::numeric / '1000'::numeric))::double precision * '00:00:01'::interval))))::date = month_facility.month)",
                              "Rows Removed by Filter": 955456,
                              "Shared Hit Blocks": 30434,
                              "Shared Read Blocks": 2214366,
                              "Shared Dirtied Blocks": 0,
                              "Shared Written Blocks": 0,
                              "Local Hit Blocks": 0,
                              "Local Read Blocks": 0,
                              "Local Dirtied Blocks": 0,
                              "Local Written Blocks": 0,
                              "Temp Read Blocks": 0,
                              "Temp Written Blocks": 0
                            }
                          ]
                        }
                      ]
                    },
                    {
                      "Node Type": "Materialize",
                      "Parent Relationship": "Inner",
                      "Parallel Aware": false,
                      "Startup Cost": 0.00,
                      "Total Cost": 237005.95,
                      "Plan Rows": 4775,
                      "Plan Width": 1574,
                      "Actual Startup Time": 0.000,
                      "Actual Total Time": 0.000,
                      "Actual Rows": 0,
                      "Actual Loops": 0,
                      "Shared Hit Blocks": 0,
                      "Shared Read Blocks": 0,
                      "Shared Dirtied Blocks": 0,
                      "Shared Written Blocks": 0,
                      "Local Hit Blocks": 0,
                      "Local Read Blocks": 0,
                      "Local Dirtied Blocks": 0,
                      "Local Written Blocks": 0,
                      "Temp Read Blocks": 0,
                      "Temp Written Blocks": 0,
                      "Plans": [
                        {
                          "Node Type": "Seq Scan",
                          "Parent Relationship": "Outer",
                          "Parallel Aware": false,
                          "Relation Name": "raw_contacts",
                          "Alias": "raw_contacts_4",
                          "Startup Cost": 0.00,
                          "Total Cost": 236049.08,
                          "Plan Rows": 4775,
                          "Plan Width": 1574,
                          "Actual Startup Time": 0.000,
                          "Actual Total Time": 0.000,
                          "Actual Rows": 0,
                          "Actual Loops": 0,
                          "Filter": "((doc #>> '{contact,_id}'::text[]) = chw.uuid)",
                          "Rows Removed by Filter": 0,
                          "Shared Hit Blocks": 0,
                          "Shared Read Blocks": 0,
                          "Shared Dirtied Blocks": 0,
                          "Shared Written Blocks": 0,
                          "Local Hit Blocks": 0,
                          "Local Read Blocks": 0,
                          "Local Dirtied Blocks": 0,
                          "Local Written Blocks": 0,
                          "Temp Read Blocks": 0,
                          "Temp Written Blocks": 0
                        }
                      ]
                    }
                  ]
                }
              ]
            }
          ]
        }
      ]
    },
    "Planning": {
      "Shared Hit Blocks": 566,
      "Shared Read Blocks": 0,
      "Shared Dirtied Blocks": 0,
      "Shared Written Blocks": 0,
      "Local Hit Blocks": 0,
      "Local Read Blocks": 0,
      "Local Dirtied Blocks": 0,
      "Local Written Blocks": 0,
      "Temp Read Blocks": 0,
      "Temp Written Blocks": 0
    },
    "Planning Time": 2.147,
    "Triggers": [
    ],
    "JIT": {
      "Functions": 80,
      "Options": {
        "Inlining": true,
        "Optimization": true,
        "Expressions": true,
        "Deforming": true
      },
      "Timing": {
        "Generation": 3.912,
        "Inlining": 167.211,
        "Optimization": 571.503,
        "Emission": 380.702,
        "Total": 1123.328
      }
    },
    "Execution Time": 131499.539
  }
]
