[
  {
    "Plan": {
      "Node Type": "Limit",
      "Parallel Aware": false,
      "Startup Cost": 395969.67,
      "Total Cost": 781188.81,
      "Plan Rows": 1,
      "Plan Width": 216,
      "Actual Startup Time": 24818.318,
      "Actual Total Time": 26070.645,
      "Actual Rows": 10,
      "Actual Loops": 1,
      "Shared Hit Blocks": 13415759,
      "Shared Read Blocks": 734941,
      "Shared Dirtied Blocks": 0,
      "Shared Written Blocks": 0,
      "Local Hit Blocks": 0,
      "Local Read Blocks": 0,
      "Local Dirtied Blocks": 0,
      "Local Written Blocks": 0,
      "Temp Read Blocks": 0,
      "Temp Written Blocks": 0,
      "Plans": [
        {
          "Node Type": "Nested Loop",
          "Parent Relationship": "Outer",
          "Parallel Aware": false,
          "Join Type": "Left",
          "Startup Cost": 395969.67,
          "Total Cost": 781188.80,
          "Plan Rows": 1,
          "Plan Width": 216,
          "Actual Startup Time": 24522.012,
          "Actual Total Time": 25774.333,
          "Actual Rows": 10,
          "Actual Loops": 1,
          "Inner Unique": false,
          "Join Filter": "(deliv.patient_id = (couchdb.doc #>> '{fields,patient_id}'::text[]))",
          "Rows Removed by Join Filter": 166700,
          "Shared Hit Blocks": 13415759,
          "Shared Read Blocks": 734941,
          "Shared Dirtied Blocks": 0,
          "Shared Written Blocks": 0,
          "Local Hit Blocks": 0,
          "Local Read Blocks": 0,
          "Local Dirtied Blocks": 0,
          "Local Written Blocks": 0,
          "Temp Read Blocks": 0,
          "Temp Written Blocks": 0,
          "Plans": [
            {
              "Node Type": "Gather",
              "Parent Relationship": "Outer",
              "Parallel Aware": false,
              "Startup Cost": 1000.00,
              "Total Cost": 386218.97,
              "Plan Rows": 1,
              "Plan Width": 809,
              "Actual Startup Time": 0.655,
              "Actual Total Time": 8.570,
              "Actual Rows": 10,
              "Actual Loops": 1,
              "Workers Planned": 2,
              "Workers Launched": 2,
              "Single Copy": false,
              "Shared Hit Blocks": 254436,
              "Shared Read Blocks": 9716,
              "Shared Dirtied Blocks": 0,
              "Shared Written Blocks": 0,
              "Local Hit Blocks": 0,
              "Local Read Blocks": 0,
              "Local Dirtied Blocks": 0,
              "Local Written Blocks": 0,
              "Temp Read Blocks": 0,
              "Temp Written Blocks": 0,
              "Plans": [
                {
                  "Node Type": "Seq Scan",
                  "Parent Relationship": "Outer",
                  "Parallel Aware": true,
                  "Relation Name": "couchdb",
                  "Alias": "couchdb",
                  "Startup Cost": 0.00,
                  "Total Cost": 385218.88,
                  "Plan Rows": 1,
                  "Plan Width": 809,
                  "Actual Startup Time": 76.659,
                  "Actual Total Time": 486.875,
                  "Actual Rows": 780,
                  "Actual Loops": 3,
                  "Filter": "(((doc #>> '{fields,patient_id}'::text[]) IS NOT NULL) AND ((doc #>> '{fields,follow_up_count}'::text[]) <> 'NaN'::text) AND ((doc #>> '{fields,pregnancy_outcome}'::text[]) <> 'miscarriage'::text) AND ((doc #>> '{fields,patient_id}'::text[]) <> ''::text) AND ((doc ->> 'type'::text) = 'data_record'::text) AND ((doc ->> 'form'::text) = 'postnatal_care'::text) AND ((doc #>> '{fields,follow_up_method}'::text[]) = 'in_person'::text))",
                  "Rows Removed by Filter": 26924,
                  "Shared Hit Blocks": 254436,
                  "Shared Read Blocks": 9716,
                  "Shared Dirtied Blocks": 0,
                  "Shared Written Blocks": 0,
                  "Local Hit Blocks": 0,
                  "Local Read Blocks": 0,
                  "Local Dirtied Blocks": 0,
                  "Local Written Blocks": 0,
                  "Temp Read Blocks": 0,
                  "Temp Written Blocks": 0,
                  "Workers": [
                  ]
                }
              ]
            },
            {
              "Node Type": "Subquery Scan",
              "Parent Relationship": "Inner",
              "Parallel Aware": false,
              "Alias": "deliv",
              "Startup Cost": 394969.67,
              "Total Cost": 394969.71,
              "Plan Rows": 1,
              "Plan Width": 151,
              "Actual Startup Time": 2439.724,
              "Actual Total Time": 2449.202,
              "Actual Rows": 16671,
              "Actual Loops": 10,
              "Shared Hit Blocks": 12460689,
              "Shared Read Blocks": 725215,
              "Shared Dirtied Blocks": 0,
              "Shared Written Blocks": 0,
              "Local Hit Blocks": 0,
              "Local Read Blocks": 0,
              "Local Dirtied Blocks": 0,
              "Local Written Blocks": 0,
              "Temp Read Blocks": 0,
              "Temp Written Blocks": 0,
              "Plans": [
                {
                  "Node Type": "Unique",
                  "Parent Relationship": "Subquery",
                  "Parallel Aware": false,
                  "Startup Cost": 394969.67,
                  "Total Cost": 394969.67,
                  "Plan Rows": 1,
                  "Plan Width": 282,
                  "Actual Startup Time": 2439.719,
                  "Actual Total Time": 2443.887,
                  "Actual Rows": 16671,
                  "Actual Loops": 10,
                  "Shared Hit Blocks": 12460689,
                  "Shared Read Blocks": 725215,
                  "Shared Dirtied Blocks": 0,
                  "Shared Written Blocks": 0,
                  "Local Hit Blocks": 0,
                  "Local Read Blocks": 0,
                  "Local Dirtied Blocks": 0,
                  "Local Written Blocks": 0,
                  "Temp Read Blocks": 0,
                  "Temp Written Blocks": 0,
                  "Plans": [
                    {
                      "Node Type": "Sort",
                      "Parent Relationship": "Outer",
                      "Parallel Aware": false,
                      "Startup Cost": 394969.67,
                      "Total Cost": 394969.67,
                      "Plan Rows": 1,
                      "Plan Width": 282,
                      "Actual Startup Time": 2439.718,
                      "Actual Total Time": 2441.522,
                      "Actual Rows": 19021,
                      "Actual Loops": 10,
                      "Sort Key": ["((couchdb_1.doc #>> '{fields,patient_id}'::text[]))", "(to_timestamp((((NULLIF((couchdb_1.doc ->> 'reported_date'::text), ''::text))::bigint / 1000))::double precision))"],
                      "Sort Method": "quicksort",
                      "Sort Space Used": 3264,
                      "Sort Space Type": "Memory",
                      "Shared Hit Blocks": 12460689,
                      "Shared Read Blocks": 725215,
                      "Shared Dirtied Blocks": 0,
                      "Shared Written Blocks": 0,
                      "Local Hit Blocks": 0,
                      "Local Read Blocks": 0,
                      "Local Dirtied Blocks": 0,
                      "Local Written Blocks": 0,
                      "Temp Read Blocks": 0,
                      "Temp Written Blocks": 0,
                      "Plans": [
                        {
                          "Node Type": "Gather",
                          "Parent Relationship": "Outer",
                          "Parallel Aware": false,
                          "Startup Cost": 1000.00,
                          "Total Cost": 394969.66,
                          "Plan Rows": 1,
                          "Plan Width": 282,
                          "Actual Startup Time": 0.798,
                          "Actual Total Time": 24353.868,
                          "Actual Rows": 19044,
                          "Actual Loops": 1,
                          "Workers Planned": 2,
                          "Workers Launched": 2,
                          "Single Copy": false,
                          "Shared Hit Blocks": 12460683,
                          "Shared Read Blocks": 725215,
                          "Shared Dirtied Blocks": 0,
                          "Shared Written Blocks": 0,
                          "Local Hit Blocks": 0,
                          "Local Read Blocks": 0,
                          "Local Dirtied Blocks": 0,
                          "Local Written Blocks": 0,
                          "Temp Read Blocks": 0,
                          "Temp Written Blocks": 0,
                          "Plans": [
                            {
                              "Node Type": "Seq Scan",
                              "Parent Relationship": "Outer",
                              "Parallel Aware": true,
                              "Relation Name": "couchdb",
                              "Alias": "couchdb_1",
                              "Startup Cost": 0.00,
                              "Total Cost": 393969.56,
                              "Plan Rows": 1,
                              "Plan Width": 282,
                              "Actual Startup Time": 105.994,
                              "Actual Total Time": 24340.439,
                              "Actual Rows": 6348,
                              "Actual Loops": 3,
                              "Filter": "(((doc #>> '{fields,patient_id}'::text[]) IS NOT NULL) AND ((doc #>> '{fields,patient_id}'::text[]) <> ''::text) AND ((doc ->> 'type'::text) = 'data_record'::text) AND ((doc ->> 'form'::text) = 'postnatal_care'::text) AND ((doc #>> '{fields,follow_up_count}'::text[]) = '1'::text) AND (((doc #>> '{fields,pregnancy_outcome}'::text[]) = 'healthy'::text) OR ((doc #>> '{fields,pregnancy_outcome}'::text[]) = 'still_birth'::text) OR ((doc #>> '{fields,pregnancy_outcome}'::text[]) = ''::text) OR ((doc #>> '{fields,pregnancy_outcome}'::text[]) IS NULL)))",
                              "Rows Removed by Filter": 929061,
                              "Shared Hit Blocks": 12460683,
                              "Shared Read Blocks": 725215,
                              "Shared Dirtied Blocks": 0,
                              "Shared Written Blocks": 0,
                              "Local Hit Blocks": 0,
                              "Local Read Blocks": 0,
                              "Local Dirtied Blocks": 0,
                              "Local Written Blocks": 0,
                              "Temp Read Blocks": 0,
                              "Temp Written Blocks": 0,
                              "Workers": [
                              ]
                            }
                          ]
                        }
                      ]
                    }
                  ]
                }
              ]
            }
          ]
        }
      ]
    },
    "Planning": {
      "Shared Hit Blocks": 197,
      "Shared Read Blocks": 5,
      "Shared Dirtied Blocks": 0,
      "Shared Written Blocks": 0,
      "Local Hit Blocks": 0,
      "Local Read Blocks": 0,
      "Local Dirtied Blocks": 0,
      "Local Written Blocks": 0,
      "Temp Read Blocks": 0,
      "Temp Written Blocks": 0
    },
    "Planning Time": 1.351,
    "Triggers": [
    ],
    "JIT": {
      "Functions": 31,
      "Options": {
        "Inlining": true,
        "Optimization": true,
        "Expressions": true,
        "Deforming": true
      },
      "Timing": {
        "Generation": 4.047,
        "Inlining": 221.451,
        "Optimization": 364.362,
        "Emission": 253.186,
        "Total": 843.046
      }
    },
    "Execution Time": 26085.057
  }
]
