[
  {
    "Plan": {
      "Node Type": "Limit",
      "Parallel Aware": false,
      "Startup Cost": 1000.00,
      "Total Cost": 1002.30,
      "Plan Rows": 10,
      "Plan Width": 200,
      "Actual Startup Time": 27343.683,
      "Actual Total Time": 52980.252,
      "Actual Rows": 10,
      "Actual Loops": 1,
      "Shared Hit Blocks": 13924966,
      "Shared Read Blocks": 1421756,
      "Shared Dirtied Blocks": 0,
      "Shared Written Blocks": 0,
      "Local Hit Blocks": 0,
      "Local Read Blocks": 0,
      "Local Dirtied Blocks": 0,
      "Local Written Blocks": 0,
      "Temp Read Blocks": 2433,
      "Temp Written Blocks": 208336,
      "Plans": [
        {
          "Node Type": "Gather",
          "Parent Relationship": "Outer",
          "Parallel Aware": false,
          "Startup Cost": 1000.00,
          "Total Cost": 3315163.46,
          "Plan Rows": 15042601,
          "Plan Width": 200,
          "Actual Startup Time": 27343.682,
          "Actual Total Time": 52980.248,
          "Actual Rows": 10,
          "Actual Loops": 1,
          "Workers Planned": 2,
          "Workers Launched": 2,
          "Single Copy": false,
          "Shared Hit Blocks": 13924966,
          "Shared Read Blocks": 1421756,
          "Shared Dirtied Blocks": 0,
          "Shared Written Blocks": 0,
          "Local Hit Blocks": 0,
          "Local Read Blocks": 0,
          "Local Dirtied Blocks": 0,
          "Local Written Blocks": 0,
          "Temp Read Blocks": 2433,
          "Temp Written Blocks": 208336,
          "Plans": [
            {
              "Node Type": "Append",
              "Parent Relationship": "Outer",
              "Parallel Aware": true,
              "Startup Cost": 0.00,
              "Total Cost": 1809903.36,
              "Plan Rows": 15042601,
              "Plan Width": 200,
              "Actual Startup Time": 26747.609,
              "Actual Total Time": 26754.730,
              "Actual Rows": 4,
              "Actual Loops": 3,
              "Shared Hit Blocks": 13924966,
              "Shared Read Blocks": 1421756,
              "Shared Dirtied Blocks": 0,
              "Shared Written Blocks": 0,
              "Local Hit Blocks": 0,
              "Local Read Blocks": 0,
              "Local Dirtied Blocks": 0,
              "Local Written Blocks": 0,
              "Temp Read Blocks": 2433,
              "Temp Written Blocks": 208336,
              "Workers": [
              ],
              "Subplans Removed": 0,
              "Plans": [
                {
                  "Node Type": "Subquery Scan",
                  "Parent Relationship": "Member",
                  "Parallel Aware": false,
                  "Alias": "*SELECT* 1",
                  "Startup Cost": 365255.20,
                  "Total Cost": 1286757.64,
                  "Plan Rows": 15042384,
                  "Plan Width": 200,
                  "Actual Startup Time": 52898.666,
                  "Actual Total Time": 52898.687,
                  "Actual Rows": 1,
                  "Actual Loops": 1,
                  "Shared Hit Blocks": 7602466,
                  "Shared Read Blocks": 956875,
                  "Shared Dirtied Blocks": 0,
                  "Shared Written Blocks": 0,
                  "Local Hit Blocks": 0,
                  "Local Read Blocks": 0,
                  "Local Dirtied Blocks": 0,
                  "Local Written Blocks": 0,
                  "Temp Read Blocks": 2433,
                  "Temp Written Blocks": 208336,
                  "Workers": [
                  ],
                  "Plans": [
                    {
                      "Node Type": "Subquery Scan",
                      "Parent Relationship": "Subquery",
                      "Parallel Aware": false,
                      "Alias": "ancview_pregnancy",
                      "Startup Cost": 365255.20,
                      "Total Cost": 1136333.80,
                      "Plan Rows": 15042384,
                      "Plan Width": 200,
                      "Actual Startup Time": 52898.665,
                      "Actual Total Time": 52898.687,
                      "Actual Rows": 1,
                      "Actual Loops": 1,
                      "Shared Hit Blocks": 7602466,
                      "Shared Read Blocks": 956875,
                      "Shared Dirtied Blocks": 0,
                      "Shared Written Blocks": 0,
                      "Local Hit Blocks": 0,
                      "Local Read Blocks": 0,
                      "Local Dirtied Blocks": 0,
                      "Local Written Blocks": 0,
                      "Temp Read Blocks": 2433,
                      "Temp Written Blocks": 208336,
                      "Workers": [
                      ],
                      "Plans": [
                        {
                          "Node Type": "Hash Join",
                          "Parent Relationship": "Subquery",
                          "Parallel Aware": true,
                          "Join Type": "Inner",
                          "Startup Cost": 365255.20,
                          "Total Cost": 985909.96,
                          "Plan Rows": 6267660,
                          "Plan Width": 209,
                          "Actual Startup Time": 52898.665,
                          "Actual Total Time": 52898.686,
                          "Actual Rows": 1,
                          "Actual Loops": 1,
                          "Inner Unique": false,
                          "Hash Cond": "((raw_contacts.doc ->> '_id'::text) = (couchdb.doc #>> '{contact,_id}'::text[]))",
                          "Shared Hit Blocks": 7602466,
                          "Shared Read Blocks": 956875,
                          "Shared Dirtied Blocks": 0,
                          "Shared Written Blocks": 0,
                          "Local Hit Blocks": 0,
                          "Local Read Blocks": 0,
                          "Local Dirtied Blocks": 0,
                          "Local Written Blocks": 0,
                          "Temp Read Blocks": 2433,
                          "Temp Written Blocks": 208336,
                          "Workers": [
                          ],
                          "Plans": [
                            {
                              "Node Type": "Seq Scan",
                              "Parent Relationship": "Outer",
                              "Parallel Aware": true,
                              "Relation Name": "raw_contacts",
                              "Alias": "raw_contacts",
                              "Startup Cost": 0.00,
                              "Total Cost": 225702.47,
                              "Plan Rows": 397947,
                              "Plan Width": 1574,
                              "Actual Startup Time": 0.025,
                              "Actual Total Time": 10206.135,
                              "Actual Rows": 955456,
                              "Actual Loops": 1,
                              "Shared Hit Blocks": 0,
                              "Shared Read Blocks": 221723,
                              "Shared Dirtied Blocks": 0,
                              "Shared Written Blocks": 0,
                              "Local Hit Blocks": 0,
                              "Local Read Blocks": 0,
                              "Local Dirtied Blocks": 0,
                              "Local Written Blocks": 0,
                              "Temp Read Blocks": 0,
                              "Temp Written Blocks": 0,
                              "Workers": [
                              ]
                            },
                            {
                              "Node Type": "Hash",
                              "Parent Relationship": "Inner",
                              "Parallel Aware": true,
                              "Startup Cost": 365238.80,
                              "Total Cost": 365238.80,
                              "Plan Rows": 1312,
                              "Plan Width": 809,
                              "Actual Startup Time": 36281.128,
                              "Actual Total Time": 36281.129,
                              "Actual Rows": 921377,
                              "Actual Loops": 1,
                              "Hash Buckets": 65536,
                              "Original Hash Buckets": 4096,
                              "Hash Batches": 16,
                              "Original Hash Batches": 1,
                              "Peak Memory Usage": 0,
                              "Shared Hit Blocks": 7599806,
                              "Shared Read Blocks": 734906,
                              "Shared Dirtied Blocks": 0,
                              "Shared Written Blocks": 0,
                              "Local Hit Blocks": 0,
                              "Local Read Blocks": 0,
                              "Local Dirtied Blocks": 0,
                              "Local Written Blocks": 0,
                              "Temp Read Blocks": 2275,
                              "Temp Written Blocks": 6344,
                              "Workers": [
                              ],
                              "Plans": [
                                {
                                  "Node Type": "Nested Loop",
                                  "Parent Relationship": "Outer",
                                  "Parallel Aware": false,
                                  "Join Type": "Inner",
                                  "Startup Cost": 0.00,
                                  "Total Cost": 365238.80,
                                  "Plan Rows": 1312,
                                  "Plan Width": 809,
                                  "Actual Startup Time": 2.078,
                                  "Actual Total Time": 28875.006,
                                  "Actual Rows": 921377,
                                  "Actual Loops": 1,
                                  "Inner Unique": false,
                                  "Shared Hit Blocks": 3770597,
                                  "Shared Read Blocks": 734906,
                                  "Shared Dirtied Blocks": 0,
                                  "Shared Written Blocks": 0,
                                  "Local Hit Blocks": 0,
                                  "Local Read Blocks": 0,
                                  "Local Dirtied Blocks": 0,
                                  "Local Written Blocks": 0,
                                  "Temp Read Blocks": 0,
                                  "Temp Written Blocks": 0,
                                  "Workers": [
                                  ],
                                  "Plans": [
                                    {
                                      "Node Type": "Seq Scan",
                                      "Parent Relationship": "Outer",
                                      "Parallel Aware": true,
                                      "Relation Name": "couchdb",
                                      "Alias": "couchdb",
                                      "Startup Cost": 0.00,
                                      "Total Cost": 364800.75,
                                      "Plan Rows": 29,
                                      "Plan Width": 809,
                                      "Actual Startup Time": 1.671,
                                      "Actual Total Time": 28207.672,
                                      "Actual Rows": 11663,
                                      "Actual Loops": 1,
                                      "Filter": "(((doc #>> '{fields,danger_signs}'::text[]) <> ''::text) AND ((doc ->> 'type'::text) = 'data_record'::text) AND ((doc ->> 'form'::text) = 'pregnancy'::text))",
                                      "Rows Removed by Filter": 2794565,
                                      "Shared Hit Blocks": 3665639,
                                      "Shared Read Blocks": 734897,
                                      "Shared Dirtied Blocks": 0,
                                      "Shared Written Blocks": 0,
                                      "Local Hit Blocks": 0,
                                      "Local Read Blocks": 0,
                                      "Local Dirtied Blocks": 0,
                                      "Local Written Blocks": 0,
                                      "Temp Read Blocks": 0,
                                      "Temp Written Blocks": 0,
                                      "Workers": [
                                      ]
                                    },
                                    {
                                      "Node Type": "Seq Scan",
                                      "Parent Relationship": "Inner",
                                      "Parallel Aware": false,
                                      "Relation Name": "configuration",
                                      "Alias": "configuration",
                                      "Startup Cost": 0.00,
                                      "Total Cost": 14.65,
                                      "Plan Rows": 45,
                                      "Plan Width": 0,
                                      "Actual Startup Time": 0.001,
                                      "Actual Total Time": 0.051,
                                      "Actual Rows": 79,
                                      "Actual Loops": 11663,
                                      "Filter": "((value ? 'lmp_calcs'::text) AND (key = 'anc'::text))",
                                      "Rows Removed by Filter": 316,
                                      "Shared Hit Blocks": 104958,
                                      "Shared Read Blocks": 9,
                                      "Shared Dirtied Blocks": 0,
                                      "Shared Written Blocks": 0,
                                      "Local Hit Blocks": 0,
                                      "Local Read Blocks": 0,
                                      "Local Dirtied Blocks": 0,
                                      "Local Written Blocks": 0,
                                      "Temp Read Blocks": 0,
                                      "Temp Written Blocks": 0,
                                      "Workers": [
                                      ]
                                    }
                                  ]
                                }
                              ]
                            }
                          ]
                        }
                      ]
                    }
                  ]
                },
                {
                  "Node Type": "Subquery Scan",
                  "Parent Relationship": "Member",
                  "Parallel Aware": false,
                  "Alias": "*SELECT* 2",
                  "Startup Cost": 0.00,
                  "Total Cost": 447932.72,
                  "Plan Rows": 217,
                  "Plan Width": 200,
                  "Actual Startup Time": 13672.080,
                  "Actual Total Time": 13682.747,
                  "Actual Rows": 6,
                  "Actual Loops": 2,
                  "Shared Hit Blocks": 6322500,
                  "Shared Read Blocks": 464881,
                  "Shared Dirtied Blocks": 0,
                  "Shared Written Blocks": 0,
                  "Local Hit Blocks": 0,
                  "Local Read Blocks": 0,
                  "Local Dirtied Blocks": 0,
                  "Local Written Blocks": 0,
                  "Temp Read Blocks": 0,
                  "Temp Written Blocks": 0,
                  "Workers": [
                  ],
                  "Plans": [
                    {
                      "Node Type": "Append",
                      "Parent Relationship": "Subquery",
                      "Parallel Aware": true,
                      "Startup Cost": 0.00,
                      "Total Cost": 447930.55,
                      "Plan Rows": 217,
                      "Plan Width": 200,
                      "Actual Startup Time": 13672.079,
                      "Actual Total Time": 13682.744,
                      "Actual Rows": 6,
                      "Actual Loops": 2,
                      "Shared Hit Blocks": 6322500,
                      "Shared Read Blocks": 464881,
                      "Shared Dirtied Blocks": 0,
                      "Shared Written Blocks": 0,
                      "Local Hit Blocks": 0,
                      "Local Read Blocks": 0,
                      "Local Dirtied Blocks": 0,
                      "Local Written Blocks": 0,
                      "Temp Read Blocks": 0,
                      "Temp Written Blocks": 0,
                      "Workers": [
                      ],
                      "Subplans Removed": 0,
                      "Plans": [
                        {
                          "Node Type": "Subquery Scan",
                          "Parent Relationship": "Member",
                          "Parallel Aware": false,
                          "Alias": "*SELECT* 1_1",
                          "Startup Cost": 0.00,
                          "Total Cost": 383765.35,
                          "Plan Rows": 208,
                          "Plan Width": 200,
                          "Actual Startup Time": 2.305,
                          "Actual Total Time": 12.969,
                          "Actual Rows": 6,
                          "Actual Loops": 2,
                          "Shared Hit Blocks": 4263,
                          "Shared Read Blocks": 160,
                          "Shared Dirtied Blocks": 0,
                          "Shared Written Blocks": 0,
                          "Local Hit Blocks": 0,
                          "Local Read Blocks": 0,
                          "Local Dirtied Blocks": 0,
                          "Local Written Blocks": 0,
                          "Temp Read Blocks": 0,
                          "Temp Written Blocks": 0,
                          "Workers": [
                          ],
                          "Plans": [
                            {
                              "Node Type": "Seq Scan",
                              "Parent Relationship": "Subquery",
                              "Parallel Aware": true,
                              "Relation Name": "couchdb",
                              "Alias": "couchdb_1",
                              "Startup Cost": 0.00,
                              "Total Cost": 383763.27,
                              "Plan Rows": 87,
                              "Plan Width": 241,
                              "Actual Startup Time": 2.304,
                              "Actual Total Time": 12.966,
                              "Actual Rows": 6,
                              "Actual Loops": 2,
                              "Filter": "(((doc #>> '{fields,danger_signs}'::text[]) IS NOT NULL) AND ((doc #>> '{fields,danger_signs}'::text[]) <> ''::text) AND ((doc ->> 'form'::text) = ANY ('{pregnancy_visit,postnatal_care,immunization_follow_up}'::text[])) AND (CASE WHEN ((doc ->> 'form'::text) = 'pregnancy_visit'::text) THEN 'anc'::text WHEN ((doc ->> 'form'::text) = 'postnatal_care'::text) THEN 'pnc'::text WHEN ((doc ->> 'form'::text) = 'immunization_follow_up'::text) THEN 'imm'::text ELSE NULL::text END = 'anc'::text))",
                              "Rows Removed by Filter": 1118,
                              "Shared Hit Blocks": 4263,
                              "Shared Read Blocks": 160,
                              "Shared Dirtied Blocks": 0,
                              "Shared Written Blocks": 0,
                              "Local Hit Blocks": 0,
                              "Local Read Blocks": 0,
                              "Local Dirtied Blocks": 0,
                              "Local Written Blocks": 0,
                              "Temp Read Blocks": 0,
                              "Temp Written Blocks": 0,
                              "Workers": [
                              ]
                            }
                          ]
                        },
                        {
                          "Node Type": "Subquery Scan",
                          "Parent Relationship": "Member",
                          "Parallel Aware": false,
                          "Alias": "*SELECT* 2_1",
                          "Startup Cost": 0.00,
                          "Total Cost": 64164.12,
                          "Plan Rows": 9,
                          "Plan Width": 200,
                          "Actual Startup Time": 27339.545,
                          "Actual Total Time": 27339.545,
                          "Actual Rows": 0,
                          "Actual Loops": 1,
                          "Shared Hit Blocks": 6318237,
                          "Shared Read Blocks": 464721,
                          "Shared Dirtied Blocks": 0,
                          "Shared Written Blocks": 0,
                          "Local Hit Blocks": 0,
                          "Local Read Blocks": 0,
                          "Local Dirtied Blocks": 0,
                          "Local Written Blocks": 0,
                          "Temp Read Blocks": 0,
                          "Temp Written Blocks": 0,
                          "Workers": [
                          ],
                          "Plans": [
                            {
                              "Node Type": "Seq Scan",
                              "Parent Relationship": "Subquery",
                              "Parallel Aware": true,
                              "Relation Name": "data_record",
                              "Alias": "data_record",
                              "Startup Cost": 0.00,
                              "Total Cost": 64164.03,
                              "Plan Rows": 4,
                              "Plan Width": 241,
                              "Actual Startup Time": 27339.544,
                              "Actual Total Time": 27339.544,
                              "Actual Rows": 0,
                              "Actual Loops": 1,
                              "Filter": "(((doc #>> '{fields,danger_signs}'::text[]) IS NOT NULL) AND ((doc #>> '{fields,patient_age_in_years}'::text[]) <> ''::text) AND ((doc #>> '{fields,danger_signs}'::text[]) <> ''::text) AND ((doc ->> 'form'::text) = 'assessment'::text) AND (CASE WHEN ((doc ->> 'form'::text) = 'assessment'::text) THEN 'iccm'::text ELSE NULL::text END = 'anc'::text) AND ((NULLIF((doc #>> '{fields,patient_age_in_years}'::text[]), ''::text))::integer <= 5))",
                              "Rows Removed by Filter": 1105773,
                              "Shared Hit Blocks": 6318237,
                              "Shared Read Blocks": 464721,
                              "Shared Dirtied Blocks": 0,
                              "Shared Written Blocks": 0,
                              "Local Hit Blocks": 0,
                              "Local Read Blocks": 0,
                              "Local Dirtied Blocks": 0,
                              "Local Written Blocks": 0,
                              "Temp Read Blocks": 0,
                              "Temp Written Blocks": 0,
                              "Workers": [
                              ]
                            }
                          ]
                        }
                      ]
                    }
                  ]
                }
              ]
            }
          ]
        }
      ]
    },
    "Planning": {
      "Shared Hit Blocks": 350,
      "Shared Read Blocks": 65,
      "Shared Dirtied Blocks": 0,
      "Shared Written Blocks": 0,
      "Local Hit Blocks": 0,
      "Local Read Blocks": 0,
      "Local Dirtied Blocks": 0,
      "Local Written Blocks": 0,
      "Temp Read Blocks": 0,
      "Temp Written Blocks": 0
    },
    "Planning Time": 6.157,
    "Triggers": [
    ],
    "Execution Time": 52980.406
  }
]
