[
  {
    "Plan": {
      "Node Type": "Limit",
      "Parallel Aware": false,
      "Startup Cost": 60522.33,
      "Total Cost": 460479.21,
      "Plan Rows": 5,
      "Plan Width": 286,
      "Actual Startup Time": 21913.061,
      "Actual Total Time": 210603.378,
      "Actual Rows": 10,
      "Actual Loops": 1,
      "Shared Hit Blocks": 100498928,
      "Shared Read Blocks": 3286641,
      "Shared Dirtied Blocks": 0,
      "Shared Written Blocks": 0,
      "Local Hit Blocks": 0,
      "Local Read Blocks": 0,
      "Local Dirtied Blocks": 0,
      "Local Written Blocks": 0,
      "Temp Read Blocks": 19949,
      "Temp Written Blocks": 20316,
      "Plans": [
        {
          "Node Type": "Nested Loop",
          "Parent Relationship": "Outer",
          "Parallel Aware": false,
          "Join Type": "Inner",
          "Startup Cost": 60522.33,
          "Total Cost": 460479.21,
          "Plan Rows": 5,
          "Plan Width": 286,
          "Actual Startup Time": 21894.801,
          "Actual Total Time": 210585.104,
          "Actual Rows": 10,
          "Actual Loops": 1,
          "Inner Unique": false,
          "Join Filter": "(COALESCE((form.doc #>> '{fields,form_source_id}'::text[]), ''::text) = ((data_record.doc ->> '_id'::text)))",
          "Rows Removed by Join Filter": 1755486,
          "Shared Hit Blocks": 100498928,
          "Shared Read Blocks": 3286641,
          "Shared Dirtied Blocks": 0,
          "Shared Written Blocks": 0,
          "Local Hit Blocks": 0,
          "Local Read Blocks": 0,
          "Local Dirtied Blocks": 0,
          "Local Written Blocks": 0,
          "Temp Read Blocks": 19949,
          "Temp Written Blocks": 20316,
          "Plans": [
            {
              "Node Type": "Gather",
              "Parent Relationship": "Outer",
              "Parallel Aware": false,
              "Startup Cost": 1000.00,
              "Total Cost": 400803.35,
              "Plan Rows": 1,
              "Plan Width": 809,
              "Actual Startup Time": 5.005,
              "Actual Total Time": 14.770,
              "Actual Rows": 10,
              "Actual Loops": 1,
              "Workers Planned": 2,
              "Workers Launched": 2,
              "Single Copy": false,
              "Shared Hit Blocks": 1121494,
              "Shared Read Blocks": 93948,
              "Shared Dirtied Blocks": 0,
              "Shared Written Blocks": 0,
              "Local Hit Blocks": 0,
              "Local Read Blocks": 0,
              "Local Dirtied Blocks": 0,
              "Local Written Blocks": 0,
              "Temp Read Blocks": 0,
              "Temp Written Blocks": 0,
              "Plans": [
                {
                  "Node Type": "Seq Scan",
                  "Parent Relationship": "Outer",
                  "Parallel Aware": true,
                  "Relation Name": "couchdb",
                  "Alias": "form",
                  "Startup Cost": 0.00,
                  "Total Cost": 399803.25,
                  "Plan Rows": 1,
                  "Plan Width": 809,
                  "Actual Startup Time": 11.763,
                  "Actual Total Time": 3159.727,
                  "Actual Rows": 780,
                  "Actual Loops": 3,
                  "Filter": "(((doc ->> 'type'::text) = 'data_record'::text) AND ((doc ->> 'form'::text) = 'assessment_follow_up'::text) AND (CASE WHEN (((doc #>> '{fields,patient_age_in_months}'::text[]) IS NULL) OR ((doc #>> '{fields,patient_age_in_months}'::text[]) = ''::text)) THEN 99 ELSE ((doc #>> '{fields,patient_age_in_months}'::text[]))::integer END >= 2) AND (CASE WHEN (((doc #>> '{fields,patient_age_in_months}'::text[]) IS NULL) OR ((doc #>> '{fields,patient_age_in_months}'::text[]) = ''::text)) THEN 99 ELSE ((doc #>> '{fields,patient_age_in_months}'::text[]))::integer END < 12))",
                  "Rows Removed by Filter": 138035,
                  "Shared Hit Blocks": 1121494,
                  "Shared Read Blocks": 93948,
                  "Shared Dirtied Blocks": 0,
                  "Shared Written Blocks": 0,
                  "Local Hit Blocks": 0,
                  "Local Read Blocks": 0,
                  "Local Dirtied Blocks": 0,
                  "Local Written Blocks": 0,
                  "Temp Read Blocks": 0,
                  "Temp Written Blocks": 0,
                  "Workers": [
                  ]
                }
              ]
            },
            {
              "Node Type": "Gather Merge",
              "Parent Relationship": "Inner",
              "Parallel Aware": false,
              "Startup Cost": 59522.33,
              "Total Cost": 59648.33,
              "Plan Rows": 1080,
              "Plan Width": 164,
              "Actual Startup Time": 19790.239,
              "Actual Total Time": 19884.364,
              "Actual Rows": 175550,
              "Actual Loops": 10,
              "Workers Planned": 2,
              "Workers Launched": 2,
              "Shared Hit Blocks": 36781501,
              "Shared Read Blocks": 1281626,
              "Shared Dirtied Blocks": 0,
              "Shared Written Blocks": 0,
              "Local Hit Blocks": 0,
              "Local Read Blocks": 0,
              "Local Dirtied Blocks": 0,
              "Local Written Blocks": 0,
              "Temp Read Blocks": 11104,
              "Temp Written Blocks": 11435,
              "Plans": [
                {
                  "Node Type": "Sort",
                  "Parent Relationship": "Outer",
                  "Parallel Aware": false,
                  "Startup Cost": 58522.30,
                  "Total Cost": 58523.65,
                  "Plan Rows": 540,
                  "Plan Width": 164,
                  "Actual Startup Time": 19754.100,
                  "Actual Total Time": 19770.992,
                  "Actual Rows": 58562,
                  "Actual Loops": 30,
                  "Sort Key": ["((data_record.doc ->> '_id'::text))"],
                  "Sort Method": "external sort",
                  "Sort Space Used": 4168,
                  "Sort Space Type": "Disk",
                  "Shared Hit Blocks": 91873964,
                  "Shared Read Blocks": 3192650,
                  "Shared Dirtied Blocks": 0,
                  "Shared Written Blocks": 0,
                  "Local Hit Blocks": 0,
                  "Local Read Blocks": 0,
                  "Local Dirtied Blocks": 0,
                  "Local Written Blocks": 0,
                  "Temp Read Blocks": 19949,
                  "Temp Written Blocks": 20316,
                  "Workers": [
                    {
                      "Worker Number": 0,
                      "Sort Method": "external merge",
                      "Sort Space Used": 3952,
                      "Sort Space Type": "Disk"
                    },
                    {
                      "Worker Number": 1,
                      "Sort Method": "external merge",
                      "Sort Space Used": 3912,
                      "Sort Space Type": "Disk"
                    }
                  ],
                  "Plans": [
                    {
                      "Node Type": "Bitmap Heap Scan",
                      "Parent Relationship": "Outer",
                      "Parallel Aware": true,
                      "Relation Name": "data_record",
                      "Alias": "data_record",
                      "Startup Cost": 8364.70,
                      "Total Cost": 58497.79,
                      "Plan Rows": 540,
                      "Plan Width": 164,
                      "Actual Startup Time": 62.172,
                      "Actual Total Time": 19607.521,
                      "Actual Rows": 60705,
                      "Actual Loops": 30,
                      "Recheck Cond": "(form = 'assessment'::text)",
                      "Rows Removed by Index Recheck": 0,
                      "Filter": "((CASE WHEN (((doc #>> '{fields,patient_age_in_months}'::text[]) = ''::text) OR ((doc #>> '{fields,patient_age_in_months}'::text[]) ~ 'NaN'::text)) THEN 99 ELSE ((doc #>> '{fields,patient_age_in_months}'::text[]))::integer END >= 2) AND (CASE WHEN (((doc #>> '{fields,patient_age_in_months}'::text[]) = ''::text) OR ((doc #>> '{fields,patient_age_in_months}'::text[]) ~ 'NaN'::text)) THEN 99 ELSE ((doc #>> '{fields,patient_age_in_months}'::text[]))::integer END < 60) AND (((doc #>> '{fields,group_cough,patient_coughs}'::text[]) = 'yes'::text) OR ((doc #>> '{fields,group_diarrhea,patient_diarrhea}'::text[]) = 'yes'::text) OR ((doc #>> '{fields,group_fever,patient_fever}'::text[]) = 'yes'::text) OR ((doc #>> '{fields,group_danger_signs,danger_signs}'::text[]) <> ''::text)))",
                      "Rows Removed by Filter": 26343,
                      "Exact Heap Blocks": 139420,
                      "Lossy Heap Blocks": 0,
                      "Shared Hit Blocks": 91873831,
                      "Shared Read Blocks": 3192623,
                      "Shared Dirtied Blocks": 0,
                      "Shared Written Blocks": 0,
                      "Local Hit Blocks": 0,
                      "Local Read Blocks": 0,
                      "Local Dirtied Blocks": 0,
                      "Local Written Blocks": 0,
                      "Temp Read Blocks": 0,
                      "Temp Written Blocks": 0,
                      "Workers": [
                      ],
                      "Plans": [
                        {
                          "Node Type": "Bitmap Index Scan",
                          "Parent Relationship": "Outer",
                          "Parallel Aware": false,
                          "Index Name": "fc41cda851af962dd45beccbc94bb88f",
                          "Startup Cost": 0.00,
                          "Total Cost": 8364.38,
                          "Plan Rows": 260317,
                          "Plan Width": 0,
                          "Actual Startup Time": 63.854,
                          "Actual Total Time": 63.854,
                          "Actual Rows": 261144,
                          "Actual Loops": 10,
                          "Index Cond": "(form = 'assessment'::text)",
                          "Shared Hit Blocks": 0,
                          "Shared Read Blocks": 6421,
                          "Shared Dirtied Blocks": 0,
                          "Shared Written Blocks": 0,
                          "Local Hit Blocks": 0,
                          "Local Read Blocks": 0,
                          "Local Dirtied Blocks": 0,
                          "Local Written Blocks": 0,
                          "Temp Read Blocks": 0,
                          "Temp Written Blocks": 0,
                          "Workers": [
                          ]
                        }
                      ]
                    }
                  ]
                }
              ]
            }
          ]
        }
      ]
    },
    "Planning": {
      "Shared Hit Blocks": 237,
      "Shared Read Blocks": 58,
      "Shared Dirtied Blocks": 0,
      "Shared Written Blocks": 0,
      "Local Hit Blocks": 0,
      "Local Read Blocks": 0,
      "Local Dirtied Blocks": 0,
      "Local Written Blocks": 0,
      "Temp Read Blocks": 0,
      "Temp Written Blocks": 0
    },
    "Planning Time": 7.285,
    "Triggers": [
    ],
    "JIT": {
      "Functions": 34,
      "Options": {
        "Inlining": false,
        "Optimization": false,
        "Expressions": true,
        "Deforming": true
      },
      "Timing": {
        "Generation": 9.613,
        "Inlining": 0.000,
        "Optimization": 2.762,
        "Emission": 50.538,
        "Total": 62.913
      }
    },
    "Execution Time": 210626.101
  }
]
