[
  {
    "Plan": {
      "Node Type": "Limit",
      "Parallel Aware": false,
      "Startup Cost": 1000.00,
      "Total Cost": 52282.45,
      "Plan Rows": 10,
      "Plan Width": 441,
      "Actual Startup Time": 2.546,
      "Actual Total Time": 14.632,
      "Actual Rows": 10,
      "Actual Loops": 1,
      "Shared Hit Blocks": 3933,
      "Shared Read Blocks": 269,
      "Shared Dirtied Blocks": 0,
      "Shared Written Blocks": 0,
      "Local Hit Blocks": 0,
      "Local Read Blocks": 0,
      "Local Dirtied Blocks": 0,
      "Local Written Blocks": 0,
      "Temp Read Blocks": 0,
      "Temp Written Blocks": 0,
      "Plans": [
        {
          "Node Type": "Gather",
          "Parent Relationship": "Outer",
          "Parallel Aware": false,
          "Startup Cost": 1000.00,
          "Total Cost": 359977.12,
          "Plan Rows": 70,
          "Plan Width": 441,
          "Actual Startup Time": 2.542,
          "Actual Total Time": 14.620,
          "Actual Rows": 10,
          "Actual Loops": 1,
          "Workers Planned": 2,
          "Workers Launched": 2,
          "Single Copy": false,
          "Shared Hit Blocks": 3933,
          "Shared Read Blocks": 269,
          "Shared Dirtied Blocks": 0,
          "Shared Written Blocks": 0,
          "Local Hit Blocks": 0,
          "Local Read Blocks": 0,
          "Local Dirtied Blocks": 0,
          "Local Written Blocks": 0,
          "Temp Read Blocks": 0,
          "Temp Written Blocks": 0,
          "Plans": [
            {
              "Node Type": "Seq Scan",
              "Parent Relationship": "Outer",
              "Parallel Aware": true,
              "Relation Name": "couchdb",
              "Alias": "couchdb",
              "Startup Cost": 0.00,
              "Total Cost": 358970.12,
              "Plan Rows": 29,
              "Plan Width": 441,
              "Actual Startup Time": 1.182,
              "Actual Total Time": 7.815,
              "Actual Rows": 5,
              "Actual Loops": 3,
              "Filter": "(((doc ->> 'type'::text) = 'data_record'::text) AND ((doc ->> 'form'::text) = 'pregnancy'::text))",
              "Rows Removed by Filter": 387,
              "Shared Hit Blocks": 3933,
              "Shared Read Blocks": 269,
              "Shared Dirtied Blocks": 0,
              "Shared Written Blocks": 0,
              "Local Hit Blocks": 0,
              "Local Read Blocks": 0,
              "Local Dirtied Blocks": 0,
              "Local Written Blocks": 0,
              "Temp Read Blocks": 0,
              "Temp Written Blocks": 0,
              "Workers": [
              ]
            }
          ]
        }
      ]
    },
    "Planning": {
      "Shared Hit Blocks": 156,
      "Shared Read Blocks": 7,
      "Shared Dirtied Blocks": 0,
      "Shared Written Blocks": 0,
      "Local Hit Blocks": 0,
      "Local Read Blocks": 0,
      "Local Dirtied Blocks": 0,
      "Local Written Blocks": 0,
      "Temp Read Blocks": 0,
      "Temp Written Blocks": 0
    },
    "Planning Time": 1.159,
    "Triggers": [
    ],
    "Execution Time": 14.919
  }
]
