[
  {
    "Plan": {
      "Node Type": "Limit",
      "Parallel Aware": false,
      "Startup Cost": 1000.00,
      "Total Cost": 52282.52,
      "Plan Rows": 10,
      "Plan Width": 1328,
      "Actual Startup Time": 2.650,
      "Actual Total Time": 11.117,
      "Actual Rows": 10,
      "Actual Loops": 1,
      "Shared Hit Blocks": 3217,
      "Shared Read Blocks": 85,
      "Shared Dirtied Blocks": 0,
      "Shared Written Blocks": 0,
      "Local Hit Blocks": 0,
      "Local Read Blocks": 0,
      "Local Dirtied Blocks": 0,
      "Local Written Blocks": 0,
      "Temp Read Blocks": 0,
      "Temp Written Blocks": 0,
      "Plans": [
        {
          "Node Type": "Gather",
          "Parent Relationship": "Outer",
          "Parallel Aware": false,
          "Startup Cost": 1000.00,
          "Total Cost": 359977.62,
          "Plan Rows": 70,
          "Plan Width": 1328,
          "Actual Startup Time": 2.648,
          "Actual Total Time": 11.109,
          "Actual Rows": 10,
          "Actual Loops": 1,
          "Workers Planned": 2,
          "Workers Launched": 2,
          "Single Copy": false,
          "Shared Hit Blocks": 3217,
          "Shared Read Blocks": 85,
          "Shared Dirtied Blocks": 0,
          "Shared Written Blocks": 0,
          "Local Hit Blocks": 0,
          "Local Read Blocks": 0,
          "Local Dirtied Blocks": 0,
          "Local Written Blocks": 0,
          "Temp Read Blocks": 0,
          "Temp Written Blocks": 0,
          "Plans": [
            {
              "Node Type": "Seq Scan",
              "Parent Relationship": "Outer",
              "Parallel Aware": true,
              "Relation Name": "couchdb",
              "Alias": "couchdb",
              "Startup Cost": 0.00,
              "Total Cost": 358970.62,
              "Plan Rows": 29,
              "Plan Width": 1328,
              "Actual Startup Time": 1.669,
              "Actual Total Time": 5.046,
              "Actual Rows": 4,
              "Actual Loops": 3,
              "Filter": "(((doc ->> 'type'::text) = 'data_record'::text) AND ((doc ->> 'form'::text) = 'postnatal_care'::text))",
              "Rows Removed by Filter": 110,
              "Shared Hit Blocks": 3217,
              "Shared Read Blocks": 85,
              "Shared Dirtied Blocks": 0,
              "Shared Written Blocks": 0,
              "Local Hit Blocks": 0,
              "Local Read Blocks": 0,
              "Local Dirtied Blocks": 0,
              "Local Written Blocks": 0,
              "Temp Read Blocks": 0,
              "Temp Written Blocks": 0,
              "Workers": [
              ]
            }
          ]
        }
      ]
    },
    "Planning": {
      "Shared Hit Blocks": 142,
      "Shared Read Blocks": 0,
      "Shared Dirtied Blocks": 0,
      "Shared Written Blocks": 0,
      "Local Hit Blocks": 0,
      "Local Read Blocks": 0,
      "Local Dirtied Blocks": 0,
      "Local Written Blocks": 0,
      "Temp Read Blocks": 0,
      "Temp Written Blocks": 0
    },
    "Planning Time": 0.619,
    "Triggers": [
    ],
    "Execution Time": 11.234
  }
]
