[
  {
    "Plan": {
      "Node Type": "Limit",
      "Parallel Aware": false,
      "Startup Cost": 0.00,
      "Total Cost": 276.35,
      "Plan Rows": 10,
      "Plan Width": 136,
      "Actual Startup Time": 0.170,
      "Actual Total Time": 1.203,
      "Actual Rows": 10,
      "Actual Loops": 1,
      "Shared Hit Blocks": 319,
      "Shared Read Blocks": 25,
      "Shared Dirtied Blocks": 0,
      "Shared Written Blocks": 0,
      "Local Hit Blocks": 0,
      "Local Read Blocks": 0,
      "Local Dirtied Blocks": 0,
      "Local Written Blocks": 0,
      "Temp Read Blocks": 0,
      "Temp Written Blocks": 0,
      "Plans": [
        {
          "Node Type": "Seq Scan",
          "Parent Relationship": "Outer",
          "Parallel Aware": false,
          "Relation Name": "couchdb",
          "Alias": "couchdb",
          "Startup Cost": 0.00,
          "Total Cost": 384983.78,
          "Plan Rows": 13931,
          "Plan Width": 136,
          "Actual Startup Time": 0.169,
          "Actual Total Time": 1.200,
          "Actual Rows": 10,
          "Actual Loops": 1,
          "Filter": "(((doc #>> '{fields,place_id}'::text[]) IS NOT NULL) AND ((doc ->> 'type'::text) = 'data_record'::text))",
          "Rows Removed by Filter": 80,
          "Shared Hit Blocks": 319,
          "Shared Read Blocks": 25,
          "Shared Dirtied Blocks": 0,
          "Shared Written Blocks": 0,
          "Local Hit Blocks": 0,
          "Local Read Blocks": 0,
          "Local Dirtied Blocks": 0,
          "Local Written Blocks": 0,
          "Temp Read Blocks": 0,
          "Temp Written Blocks": 0
        }
      ]
    },
    "Planning": {
      "Shared Hit Blocks": 149,
      "Shared Read Blocks": 13,
      "Shared Dirtied Blocks": 0,
      "Shared Written Blocks": 0,
      "Local Hit Blocks": 0,
      "Local Read Blocks": 0,
      "Local Dirtied Blocks": 0,
      "Local Written Blocks": 0,
      "Temp Read Blocks": 0,
      "Temp Written Blocks": 0
    },
    "Planning Time": 1.647,
    "Triggers": [
    ],
    "Execution Time": 1.230
  }
]
