[
  {
    "Plan": {
      "Node Type": "Limit",
      "Parallel Aware": false,
      "Startup Cost": 0.00,
      "Total Cost": 270.27,
      "Plan Rows": 10,
      "Plan Width": 212,
      "Actual Startup Time": 0.075,
      "Actual Total Time": 2.361,
      "Actual Rows": 10,
      "Actual Loops": 1,
      "Shared Hit Blocks": 336,
      "Shared Read Blocks": 19,
      "Shared Dirtied Blocks": 0,
      "Shared Written Blocks": 0,
      "Local Hit Blocks": 0,
      "Local Read Blocks": 0,
      "Local Dirtied Blocks": 0,
      "Local Written Blocks": 0,
      "Temp Read Blocks": 0,
      "Temp Written Blocks": 0,
      "Plans": [
        {
          "Node Type": "Seq Scan",
          "Parent Relationship": "Outer",
          "Parallel Aware": false,
          "Relation Name": "couchdb",
          "Alias": "couchdb",
          "Startup Cost": 0.00,
          "Total Cost": 378405.05,
          "Plan Rows": 14001,
          "Plan Width": 212,
          "Actual Startup Time": 0.073,
          "Actual Total Time": 2.358,
          "Actual Rows": 10,
          "Actual Loops": 1,
          "Filter": "((doc ->> 'type'::text) = 'clinic'::text)",
          "Rows Removed by Filter": 211,
          "Shared Hit Blocks": 336,
          "Shared Read Blocks": 19,
          "Shared Dirtied Blocks": 0,
          "Shared Written Blocks": 0,
          "Local Hit Blocks": 0,
          "Local Read Blocks": 0,
          "Local Dirtied Blocks": 0,
          "Local Written Blocks": 0,
          "Temp Read Blocks": 0,
          "Temp Written Blocks": 0
        }
      ]
    },
    "Planning": {
      "Shared Hit Blocks": 151,
      "Shared Read Blocks": 0,
      "Shared Dirtied Blocks": 0,
      "Shared Written Blocks": 0,
      "Local Hit Blocks": 0,
      "Local Read Blocks": 0,
      "Local Dirtied Blocks": 0,
      "Local Written Blocks": 0,
      "Temp Read Blocks": 0,
      "Temp Written Blocks": 0
    },
    "Planning Time": 0.548,
    "Triggers": [
    ],
    "Execution Time": 2.396
  }
]
