[
  {
    "Plan": {
      "Node Type": "Limit",
      "Parallel Aware": false,
      "Startup Cost": 1000.00,
      "Total Cost": 52282.32,
      "Plan Rows": 10,
      "Plan Width": 472,
      "Actual Startup Time": 1.942,
      "Actual Total Time": 9.827,
      "Actual Rows": 10,
      "Actual Loops": 1,
      "Shared Hit Blocks": 2837,
      "Shared Read Blocks": 170,
      "Shared Dirtied Blocks": 0,
      "Shared Written Blocks": 0,
      "Local Hit Blocks": 0,
      "Local Read Blocks": 0,
      "Local Dirtied Blocks": 0,
      "Local Written Blocks": 0,
      "Temp Read Blocks": 0,
      "Temp Written Blocks": 0,
      "Plans": [
        {
          "Node Type": "Gather",
          "Parent Relationship": "Outer",
          "Parallel Aware": false,
          "Startup Cost": 1000.00,
          "Total Cost": 359976.25,
          "Plan Rows": 70,
          "Plan Width": 472,
          "Actual Startup Time": 1.940,
          "Actual Total Time": 9.822,
          "Actual Rows": 10,
          "Actual Loops": 1,
          "Workers Planned": 2,
          "Workers Launched": 2,
          "Single Copy": false,
          "Shared Hit Blocks": 2837,
          "Shared Read Blocks": 170,
          "Shared Dirtied Blocks": 0,
          "Shared Written Blocks": 0,
          "Local Hit Blocks": 0,
          "Local Read Blocks": 0,
          "Local Dirtied Blocks": 0,
          "Local Written Blocks": 0,
          "Temp Read Blocks": 0,
          "Temp Written Blocks": 0,
          "Plans": [
            {
              "Node Type": "Seq Scan",
              "Parent Relationship": "Outer",
              "Parallel Aware": true,
              "Relation Name": "couchdb",
              "Alias": "form",
              "Startup Cost": 0.00,
              "Total Cost": 358969.25,
              "Plan Rows": 29,
              "Plan Width": 472,
              "Actual Startup Time": 1.720,
              "Actual Total Time": 5.220,
              "Actual Rows": 4,
              "Actual Loops": 3,
              "Filter": "(((doc ->> 'type'::text) = 'data_record'::text) AND ((doc ->> 'form'::text) = 'pregnancy_visit'::text))",
              "Rows Removed by Filter": 235,
              "Shared Hit Blocks": 2837,
              "Shared Read Blocks": 170,
              "Shared Dirtied Blocks": 0,
              "Shared Written Blocks": 0,
              "Local Hit Blocks": 0,
              "Local Read Blocks": 0,
              "Local Dirtied Blocks": 0,
              "Local Written Blocks": 0,
              "Temp Read Blocks": 0,
              "Temp Written Blocks": 0,
              "Workers": [
              ]
            }
          ]
        }
      ]
    },
    "Planning": {
      "Shared Hit Blocks": 145,
      "Shared Read Blocks": 0,
      "Shared Dirtied Blocks": 0,
      "Shared Written Blocks": 0,
      "Local Hit Blocks": 0,
      "Local Read Blocks": 0,
      "Local Dirtied Blocks": 0,
      "Local Written Blocks": 0,
      "Temp Read Blocks": 0,
      "Temp Written Blocks": 0
    },
    "Planning Time": 0.528,
    "Triggers": [
    ],
    "Execution Time": 9.918
  }
]
