[
  {
    "Plan": {
      "Node Type": "Limit",
      "Parallel Aware": false,
      "Startup Cost": 0.00,
      "Total Cost": 4.23,
      "Plan Rows": 10,
      "Plan Width": 1246,
      "Actual Startup Time": 7.649,
      "Actual Total Time": 26.690,
      "Actual Rows": 10,
      "Actual Loops": 1,
      "Shared Hit Blocks": 2251,
      "Shared Read Blocks": 18,
      "Shared Dirtied Blocks": 0,
      "Shared Written Blocks": 0,
      "Local Hit Blocks": 0,
      "Local Read Blocks": 0,
      "Local Dirtied Blocks": 0,
      "Local Written Blocks": 0,
      "Temp Read Blocks": 0,
      "Temp Written Blocks": 0,
      "Plans": [
        {
          "Node Type": "Seq Scan",
          "Parent Relationship": "Outer",
          "Parallel Aware": false,
          "Relation Name": "data_record",
          "Alias": "data_record",
          "Startup Cost": 0.00,
          "Total Cost": 110112.77,
          "Plan Rows": 260317,
          "Plan Width": 1246,
          "Actual Startup Time": 7.646,
          "Actual Total Time": 26.676,
          "Actual Rows": 10,
          "Actual Loops": 1,
          "Filter": "(form = 'assessment'::text)",
          "Rows Removed by Filter": 23,
          "Shared Hit Blocks": 2251,
          "Shared Read Blocks": 18,
          "Shared Dirtied Blocks": 0,
          "Shared Written Blocks": 0,
          "Local Hit Blocks": 0,
          "Local Read Blocks": 0,
          "Local Dirtied Blocks": 0,
          "Local Written Blocks": 0,
          "Temp Read Blocks": 0,
          "Temp Written Blocks": 0
        }
      ]
    },
    "Planning": {
      "Shared Hit Blocks": 131,
      "Shared Read Blocks": 45,
      "Shared Dirtied Blocks": 0,
      "Shared Written Blocks": 0,
      "Local Hit Blocks": 0,
      "Local Read Blocks": 0,
      "Local Dirtied Blocks": 0,
      "Local Written Blocks": 0,
      "Temp Read Blocks": 0,
      "Temp Written Blocks": 0
    },
    "Planning Time": 4.405,
    "Triggers": [
    ],
    "Execution Time": 26.841
  }
]
