[
  {
    "Plan": {
      "Node Type": "Limit",
      "Parallel Aware": false,
      "Startup Cost": 1000.00,
      "Total Cost": 1095.32,
      "Plan Rows": 10,
      "Plan Width": 241,
      "Actual Startup Time": 0.741,
      "Actual Total Time": 5.857,
      "Actual Rows": 10,
      "Actual Loops": 1,
      "Shared Hit Blocks": 946,
      "Shared Read Blocks": 7,
      "Shared Dirtied Blocks": 0,
      "Shared Written Blocks": 0,
      "Local Hit Blocks": 0,
      "Local Read Blocks": 0,
      "Local Dirtied Blocks": 0,
      "Local Written Blocks": 0,
      "Temp Read Blocks": 0,
      "Temp Written Blocks": 0,
      "Plans": [
        {
          "Node Type": "Gather",
          "Parent Relationship": "Outer",
          "Parallel Aware": false,
          "Startup Cost": 1000.00,
          "Total Cost": 418879.44,
          "Plan Rows": 43838,
          "Plan Width": 241,
          "Actual Startup Time": 0.740,
          "Actual Total Time": 5.853,
          "Actual Rows": 10,
          "Actual Loops": 1,
          "Workers Planned": 2,
          "Workers Launched": 2,
          "Single Copy": false,
          "Shared Hit Blocks": 946,
          "Shared Read Blocks": 7,
          "Shared Dirtied Blocks": 0,
          "Shared Written Blocks": 0,
          "Local Hit Blocks": 0,
          "Local Read Blocks": 0,
          "Local Dirtied Blocks": 0,
          "Local Written Blocks": 0,
          "Temp Read Blocks": 0,
          "Temp Written Blocks": 0,
          "Plans": [
            {
              "Node Type": "Append",
              "Parent Relationship": "Outer",
              "Parallel Aware": true,
              "Startup Cost": 0.00,
              "Total Cost": 413495.64,
              "Plan Rows": 43838,
              "Plan Width": 241,
              "Actual Startup Time": 0.406,
              "Actual Total Time": 1.245,
              "Actual Rows": 4,
              "Actual Loops": 3,
              "Shared Hit Blocks": 946,
              "Shared Read Blocks": 7,
              "Shared Dirtied Blocks": 0,
              "Shared Written Blocks": 0,
              "Local Hit Blocks": 0,
              "Local Read Blocks": 0,
              "Local Dirtied Blocks": 0,
              "Local Written Blocks": 0,
              "Temp Read Blocks": 0,
              "Temp Written Blocks": 0,
              "Workers": [
              ],
              "Subplans Removed": 0,
              "Plans": [
                {
                  "Node Type": "Seq Scan",
                  "Parent Relationship": "Member",
                  "Parallel Aware": true,
                  "Relation Name": "couchdb",
                  "Alias": "couchdb",
                  "Startup Cost": 0.00,
                  "Total Cost": 355554.24,
                  "Plan Rows": 17501,
                  "Plan Width": 241,
                  "Actual Startup Time": 0.484,
                  "Actual Total Time": 0.484,
                  "Actual Rows": 1,
                  "Actual Loops": 1,
                  "Filter": "((doc ->> 'form'::text) = ANY ('{pregnancy_visit,postnatal_care,immunization_follow_up}'::text[]))",
                  "Rows Removed by Filter": 26,
                  "Shared Hit Blocks": 124,
                  "Shared Read Blocks": 0,
                  "Shared Dirtied Blocks": 0,
                  "Shared Written Blocks": 0,
                  "Local Hit Blocks": 0,
                  "Local Read Blocks": 0,
                  "Local Dirtied Blocks": 0,
                  "Local Written Blocks": 0,
                  "Temp Read Blocks": 0,
                  "Temp Written Blocks": 0,
                  "Workers": [
                  ]
                },
                {
                  "Node Type": "Seq Scan",
                  "Parent Relationship": "Member",
                  "Parallel Aware": true,
                  "Relation Name": "data_record",
                  "Alias": "data_record",
                  "Startup Cost": 0.00,
                  "Total Cost": 57283.83,
                  "Plan Rows": 765,
                  "Plan Width": 241,
                  "Actual Startup Time": 0.366,
                  "Actual Total Time": 1.623,
                  "Actual Rows": 6,
                  "Actual Loops": 2,
                  "Filter": "(((doc #>> '{fields,patient_age_in_years}'::text[]) <> ''::text) AND ((doc ->> 'form'::text) = 'assessment'::text) AND ((NULLIF((doc #>> '{fields,patient_age_in_years}'::text[]), ''::text))::integer <= 5))",
                  "Rows Removed by Filter": 13,
                  "Shared Hit Blocks": 822,
                  "Shared Read Blocks": 7,
                  "Shared Dirtied Blocks": 0,
                  "Shared Written Blocks": 0,
                  "Local Hit Blocks": 0,
                  "Local Read Blocks": 0,
                  "Local Dirtied Blocks": 0,
                  "Local Written Blocks": 0,
                  "Temp Read Blocks": 0,
                  "Temp Written Blocks": 0,
                  "Workers": [
                  ]
                }
              ]
            }
          ]
        }
      ]
    },
    "Planning": {
      "Shared Hit Blocks": 281,
      "Shared Read Blocks": 7,
      "Shared Dirtied Blocks": 0,
      "Shared Written Blocks": 0,
      "Local Hit Blocks": 0,
      "Local Read Blocks": 0,
      "Local Dirtied Blocks": 0,
      "Local Written Blocks": 0,
      "Temp Read Blocks": 0,
      "Temp Written Blocks": 0
    },
    "Planning Time": 1.375,
    "Triggers": [
    ],
    "Execution Time": 5.937
  }
]
