[
  {
    "Plan": {
      "Node Type": "Limit",
      "Parallel Aware": false,
      "Startup Cost": 0.00,
      "Total Cost": 276.35,
      "Plan Rows": 10,
      "Plan Width": 144,
      "Actual Startup Time": 0.255,
      "Actual Total Time": 1.370,
      "Actual Rows": 10,
      "Actual Loops": 1,
      "Shared Hit Blocks": 326,
      "Shared Read Blocks": 0,
      "Shared Dirtied Blocks": 0,
      "Shared Written Blocks": 0,
      "Local Hit Blocks": 0,
      "Local Read Blocks": 0,
      "Local Dirtied Blocks": 0,
      "Local Written Blocks": 0,
      "Temp Read Blocks": 0,
      "Temp Written Blocks": 0,
      "Plans": [
        {
          "Node Type": "Seq Scan",
          "Parent Relationship": "Outer",
          "Parallel Aware": false,
          "Relation Name": "couchdb",
          "Alias": "couchdb",
          "Startup Cost": 0.00,
          "Total Cost": 384983.78,
          "Plan Rows": 13931,
          "Plan Width": 144,
          "Actual Startup Time": 0.254,
          "Actual Total Time": 1.367,
          "Actual Rows": 10,
          "Actual Loops": 1,
          "Filter": "(((doc #>> '{fields,patient_id}'::text[]) IS NOT NULL) AND ((doc ->> 'type'::text) = 'data_record'::text))",
          "Rows Removed by Filter": 9,
          "Shared Hit Blocks": 326,
          "Shared Read Blocks": 0,
          "Shared Dirtied Blocks": 0,
          "Shared Written Blocks": 0,
          "Local Hit Blocks": 0,
          "Local Read Blocks": 0,
          "Local Dirtied Blocks": 0,
          "Local Written Blocks": 0,
          "Temp Read Blocks": 0,
          "Temp Written Blocks": 0
        }
      ]
    },
    "Planning": {
      "Shared Hit Blocks": 148,
      "Shared Read Blocks": 0,
      "Shared Dirtied Blocks": 0,
      "Shared Written Blocks": 0,
      "Local Hit Blocks": 0,
      "Local Read Blocks": 0,
      "Local Dirtied Blocks": 0,
      "Local Written Blocks": 0,
      "Temp Read Blocks": 0,
      "Temp Written Blocks": 0
    },
    "Planning Time": 0.587,
    "Triggers": [
    ],
    "Execution Time": 1.407
  }
]
